2020-01-30 19:24:38,468 [1] INFO  Photon.StarDust.Client.Program - Starting 5 games with 3 players
2020-01-30 19:24:38,826 [7] WARN  Photon.StarDust.Client.ConnectionStates.LoadBalancing.AuthenticatedOnMaster - OnOperationReturn: CreateGame failed: ReturnCode: 32762 (Failed to get server instance.). Disconnecting...
2020-01-30 19:24:39,154 [4] INFO  Photon.StarDust.Client.Program - [5892] Started game DAVID(5892)1 with 3 clients
2020-01-30 19:24:39,294 [7] WARN  Photon.StarDust.Client.ConnectionStates.LoadBalancing.AuthenticatedOnMaster - OnOperationReturn: CreateGame failed: ReturnCode: 32762 (Failed to get server instance.). Disconnecting...
2020-01-30 19:24:39,417 [6] WARN  Photon.StarDust.Client.ConnectionStates.LoadBalancing.AuthenticatedOnMaster - OnOperationReturn: JoinGame failed: ReturnCode: 32758 (Game does not exists). Disconnecting...
2020-01-30 19:24:39,489 [6] DEBUG Photon.StarDust.Client.Program - peers: 5, r-ev: 6.732997, ur-ev: 0, r-op: 10.77278, ur-op: 0, res: 10.77269, r-rtt: 0, ur-rtt: 0, rtt: 0, var: 0, flsh-rtt: 0, flsh-ev 0, flsh-op 0
2020-01-30 19:24:39,534 [4] INFO  Photon.StarDust.Client.Program - [5892] Started game DAVID(5892)2 with 3 clients
2020-01-30 19:24:39,608 [25] WARN  Photon.StarDust.Client.ConnectionStates.LoadBalancing.AuthenticatedOnMaster - OnOperationReturn: JoinGame failed: ReturnCode: 32758 (Game does not exists). Disconnecting...
2020-01-30 19:24:39,641 [27] WARN  Photon.StarDust.Client.ConnectionStates.LoadBalancing.AuthenticatedOnMaster - OnOperationReturn: CreateGame failed: ReturnCode: 32762 (Failed to get server instance.). Disconnecting...
2020-01-30 19:24:39,888 [7] WARN  Photon.StarDust.Client.ConnectionStates.LoadBalancing.AuthenticatedOnMaster - OnOperationReturn: JoinGame failed: ReturnCode: 32758 (Game does not exists). Disconnecting...
2020-01-30 19:24:40,044 [4] INFO  Photon.StarDust.Client.Program - [5892] Started game DAVID(5892)3 with 3 clients
2020-01-30 19:24:40,078 [25] WARN  Photon.StarDust.Client.ConnectionStates.LoadBalancing.AuthenticatedOnMaster - OnOperationReturn: JoinGame failed: ReturnCode: 32758 (Game does not exists). Disconnecting...
2020-01-30 19:24:40,169 [11] WARN  Photon.StarDust.Client.ConnectionStates.LoadBalancing.AuthenticatedOnMaster - OnOperationReturn: CreateGame failed: ReturnCode: 32762 (Failed to get server instance.). Disconnecting...
2020-01-30 19:24:40,340 [24] WARN  Photon.StarDust.Client.ConnectionStates.LoadBalancing.AuthenticatedOnMaster - OnOperationReturn: JoinGame failed: ReturnCode: 32758 (Game does not exists). Disconnecting...
2020-01-30 19:24:40,465 [24] WARN  Photon.StarDust.Client.ConnectionStates.LoadBalancing.AuthenticatedOnMaster - OnOperationReturn: JoinGame failed: ReturnCode: 32758 (Game does not exists). Disconnecting...
2020-01-30 19:24:40,494 [24] DEBUG Photon.StarDust.Client.Program - peers: 12, r-ev: 6.953044, ur-ev: 0, r-op: 13.90609, ur-op: 0, res: 13.90609, r-rtt: 0, ur-rtt: 0, rtt: 0, var: 0, flsh-rtt: 0, flsh-ev 0, flsh-op 0
2020-01-30 19:24:40,564 [4] INFO  Photon.StarDust.Client.Program - [5892] Started game DAVID(5892)4 with 3 clients
2020-01-30 19:24:40,701 [6] WARN  Photon.StarDust.Client.ConnectionStates.LoadBalancing.AuthenticatedOnMaster - OnOperationReturn: CreateGame failed: ReturnCode: 32762 (Failed to get server instance.). Disconnecting...
2020-01-30 19:24:40,818 [11] WARN  Photon.StarDust.Client.ConnectionStates.LoadBalancing.AuthenticatedOnMaster - OnOperationReturn: JoinGame failed: ReturnCode: 32758 (Game does not exists). Disconnecting...
2020-01-30 19:24:40,910 [4] INFO  Photon.StarDust.Client.Program - [5892] Started game DAVID(5892)5 with 3 clients
2020-01-30 19:24:40,982 [5] WARN  Photon.StarDust.Client.ConnectionStates.LoadBalancing.AuthenticatedOnMaster - OnOperationReturn: JoinGame failed: ReturnCode: 32758 (Game does not exists). Disconnecting...
2020-01-30 19:24:41,345 [4] WARN  Photon.StarDust.Client.ConnectionStates.LoadBalancing.AuthenticatedOnMaster - OnOperationReturn: JoinGame failed: ReturnCode: 32758 (Game does not exists). Disconnecting...
2020-01-30 19:24:41,420 [24] WARN  Photon.StarDust.Client.ConnectionStates.LoadBalancing.AuthenticatedOnMaster - OnOperationReturn: JoinGame failed: ReturnCode: 32758 (Game does not exists). Disconnecting...
2020-01-30 19:24:41,497 [27] DEBUG Photon.StarDust.Client.Program - peers: 15, r-ev: 2.992132, ur-ev: 0, r-op: 7.979022, ur-op: 0, res: 7.979026, r-rtt: 0, ur-rtt: 0, rtt: 0, var: 0, flsh-rtt: 0, flsh-ev 0, flsh-op 0
2020-01-30 19:24:42,494 [4] DEBUG Photon.StarDust.Client.Program - peers: 15, r-ev: 0, ur-ev: 0, r-op: 0, ur-op: 0, res: 0, r-rtt: 0, ur-rtt: 0, rtt: 0, var: 0, flsh-rtt: 0, flsh-ev 0, flsh-op 0
2020-01-30 19:24:43,495 [24] DEBUG Photon.StarDust.Client.Program - peers: 15, r-ev: 0, ur-ev: 0, r-op: 0, ur-op: 0, res: 0, r-rtt: 0, ur-rtt: 0, rtt: 0, var: 0, flsh-rtt: 0, flsh-ev 0, flsh-op 0
2020-01-30 19:24:44,498 [11] DEBUG Photon.StarDust.Client.Program - peers: 15, r-ev: 0, ur-ev: 0, r-op: 0, ur-op: 0, res: 0, r-rtt: 0, ur-rtt: 0, rtt: 0, var: 0, flsh-rtt: 0, flsh-ev 0, flsh-op 0
2020-01-30 19:24:45,499 [4] DEBUG Photon.StarDust.Client.Program - peers: 15, r-ev: 0, ur-ev: 0, r-op: 0, ur-op: 0, res: 0, r-rtt: 0, ur-rtt: 0, rtt: 0, var: 0, flsh-rtt: 0, flsh-ev 0, flsh-op 0
2020-01-30 19:24:46,512 [27] DEBUG Photon.StarDust.Client.Program - peers: 15, r-ev: 0, ur-ev: 0, r-op: 0, ur-op: 0, res: 0, r-rtt: 0, ur-rtt: 0, rtt: 0, var: 0, flsh-rtt: 0, flsh-ev 0, flsh-op 0
2020-01-30 19:24:47,517 [24] DEBUG Photon.StarDust.Client.Program - peers: 15, r-ev: 0, ur-ev: 0, r-op: 0, ur-op: 0, res: 0, r-rtt: 0, ur-rtt: 0, rtt: 0, var: 0, flsh-rtt: 0, flsh-ev 0, flsh-op 0
2020-01-30 19:24:48,527 [11] DEBUG Photon.StarDust.Client.Program - peers: 15, r-ev: 0, ur-ev: 0, r-op: 0, ur-op: 0, res: 0, r-rtt: 0, ur-rtt: 0, rtt: 0, var: 0, flsh-rtt: 0, flsh-ev 0, flsh-op 0
2020-01-30 19:24:49,542 [25] DEBUG Photon.StarDust.Client.Program - peers: 15, r-ev: 0, ur-ev: 0, r-op: 0, ur-op: 0, res: 0, r-rtt: 0, ur-rtt: 0, rtt: 0, var: 0, flsh-rtt: 0, flsh-ev 0, flsh-op 0
2020-01-30 19:24:50,549 [26] DEBUG Photon.StarDust.Client.Program - peers: 15, r-ev: 0, ur-ev: 0, r-op: 0, ur-op: 0, res: 0, r-rtt: 0, ur-rtt: 0, rtt: 0, var: 0, flsh-rtt: 0, flsh-ev 0, flsh-op 0
2020-01-30 19:24:51,548 [26] DEBUG Photon.StarDust.Client.Program - peers: 15, r-ev: 0, ur-ev: 0, r-op: 0, ur-op: 0, res: 0, r-rtt: 0, ur-rtt: 0, rtt: 0, var: 0, flsh-rtt: 0, flsh-ev 0, flsh-op 0
2020-01-30 19:24:52,564 [26] DEBUG Photon.StarDust.Client.Program - peers: 15, r-ev: 0, ur-ev: 0, r-op: 0, ur-op: 0, res: 0, r-rtt: 0, ur-rtt: 0, rtt: 0, var: 0, flsh-rtt: 0, flsh-ev 0, flsh-op 0
2020-01-30 19:24:53,561 [7] DEBUG Photon.StarDust.Client.Program - peers: 15, r-ev: 0, ur-ev: 0, r-op: 0, ur-op: 0, res: 0, r-rtt: 0, ur-rtt: 0, rtt: 0, var: 0, flsh-rtt: 0, flsh-ev 0, flsh-op 0
2020-01-30 19:24:54,562 [5] DEBUG Photon.StarDust.Client.Program - peers: 15, r-ev: 0, ur-ev: 0, r-op: 0, ur-op: 0, res: 0, r-rtt: 0, ur-rtt: 0, rtt: 0, var: 0, flsh-rtt: 0, flsh-ev 0, flsh-op 0
