3296: 18:25:48.186 - ---
3296: 18:25:48.187 - Service: "Photon Socket Server" starting
3296: 18:25:48.187 - Config File: C:\Users\Admin\Desktop\PhotonServer\Photon-OnPremise-Server-SDK_v4-0-29-11263\deploy\Plugins\MineSweepersPlugins\1.0.0\bin\PhotonServer.config
3296: 18:25:48.193 - Will produce at most: 10 crash dumps
3296: 18:25:48.194 - Service shutting down
3296: 18:25:48.200 - Service shut down complete
8596: 18:33:00.825 - ---
8596: 18:33:00.825 - Service: "Photon Socket Server" starting
8596: 18:33:00.825 - Config File: C:\Users\Admin\Desktop\PhotonServer\Photon-OnPremise-Server-SDK_v4-0-29-11263\deploy\Plugins\MineSweepersPlugins\1.0.0\bin\PhotonServer.config
8596: 18:33:00.831 - Will produce at most: 10 crash dumps
8596: 18:33:00.832 - Service shutting down
8596: 18:33:00.834 - Service shut down complete
7588: 18:56:51.023 - ---
7588: 18:56:51.023 - Service: "Photon Socket Server" starting
7588: 18:56:51.023 - Config File: C:\Users\Admin\Desktop\PhotonServer\Photon-OnPremise-Server-SDK_v4-0-29-11263\deploy\Plugins\MineSweepersPlugins\1.0.0\bin\PhotonServer.config
7588: 18:56:51.026 - Will produce at most: 10 crash dumps
7588: 18:56:51.026 - Service shutting down
7588: 18:56:51.027 - Service shut down complete
6408: 19:04:22.055 - ---
6408: 19:04:22.055 - Service: "Photon Socket Server" starting
6408: 19:04:22.055 - Config File: C:\Users\Admin\Desktop\PhotonServer\Photon-OnPremise-Server-SDK_v4-0-29-11263\deploy\Plugins\MineSweepersPlugins\1.0.0\bin\PhotonServer.config
6408: 19:04:22.057 - Will produce at most: 10 crash dumps
6408: 19:04:22.057 - Service shutting down
6408: 19:04:22.058 - Service shut down complete
