8472: 21:54:18.742 - ---
8472: 21:54:18.742 - Service: "Photon Socket Server" starting
8472: 21:54:18.742 - Config File: C:\Users\Admin\Desktop\PhotonServer\Photon-OnPremise-Server-SDK_v4-0-29-11263\deploy\Plugins\MineSweepersPlugins\1.0.0\bin\PhotonServer.config
8472: 21:54:18.745 - Will produce at most: 10 crash dumps
8472: 21:54:18.745 - Service shutting down
8472: 21:54:18.747 - Service shut down complete
4356: 22:02:02.227 - ---
4356: 22:02:02.227 - Service: "Photon Socket Server" starting
4356: 22:02:02.227 - Config File: C:\Users\Admin\Desktop\PhotonServer\Photon-OnPremise-Server-SDK_v4-0-29-11263\deploy\Plugins\MineSweepersPlugins\1.0.0\bin\PhotonServer.config
4356: 22:02:02.228 - Will produce at most: 10 crash dumps
4356: 22:02:02.228 - Service shutting down
4356: 22:02:02.232 - Service shut down complete
7116: 22:02:31.374 - ---
7116: 22:02:31.374 - Service: "Photon Socket Server" starting
7116: 22:02:31.375 - Config File: C:\Users\Admin\Desktop\PhotonServer\Photon-OnPremise-Server-SDK_v4-0-29-11263\deploy\Plugins\MineSweepersPlugins\1.0.0\bin\PhotonServer.config
7116: 22:02:31.376 - Will produce at most: 10 crash dumps
7116: 22:02:31.376 - Service shutting down
7116: 22:02:31.377 - Service shut down complete
8856: 22:06:20.535 - ---
8856: 22:06:20.536 - Service: "Photon Socket Server" starting
8856: 22:06:20.536 - Config File: C:\Users\Admin\Desktop\PhotonServer\Photon-OnPremise-Server-SDK_v4-0-29-11263\deploy\Plugins\MineSweepersPlugins\1.0.0\bin\PhotonServer.config
8856: 22:06:20.541 - Will produce at most: 10 crash dumps
8856: 22:06:20.542 - Service shutting down
8856: 22:06:20.550 - Service shut down complete
10188: 22:09:10.155 - ---
10188: 22:09:10.155 - Service: "Photon Socket Server" starting
10188: 22:09:10.155 - Config File: C:\Users\Admin\Desktop\PhotonServer\Photon-OnPremise-Server-SDK_v4-0-29-11263\deploy\Plugins\MineSweepersPlugins\1.0.0\bin\PhotonServer.config
10188: 22:09:10.157 - Will produce at most: 10 crash dumps
10188: 22:09:10.157 - Service shutting down
10188: 22:09:10.159 - Service shut down complete
10552: 22:14:16.489 - ---
10552: 22:14:16.489 - Service: "Photon Socket Server" starting
10552: 22:14:16.490 - Config File: C:\Users\Admin\Desktop\PhotonServer\Photon-OnPremise-Server-SDK_v4-0-29-11263\deploy\Plugins\MineSweepersPlugins\1.0.0\bin\PhotonServer.config
10552: 22:14:16.491 - Will produce at most: 10 crash dumps
10552: 22:14:16.491 - Service shutting down
10552: 22:14:16.496 - Service shut down complete
4072: 23:02:06.452 - ---
4072: 23:02:06.452 - Service: "Photon Socket Server" starting
4072: 23:02:06.452 - Config File: C:\Users\Admin\Desktop\PhotonServer\Photon-OnPremise-Server-SDK_v4-0-29-11263\deploy\Plugins\MineSweepersPlugins\1.0.0\bin\PhotonServer.config
4072: 23:02:06.453 - Will produce at most: 10 crash dumps
4072: 23:02:06.453 - Service shutting down
4072: 23:02:06.454 - Service shut down complete
76: 23:23:15.800 - ---
76: 23:23:15.800 - Service: "Photon Socket Server" starting
76: 23:23:15.800 - Config File: C:\Users\Admin\Desktop\PhotonServer\Photon-OnPremise-Server-SDK_v4-0-29-11263\deploy\Plugins\MineSweepersPlugins\1.0.0\bin\PhotonServer.config
76: 23:23:15.802 - Will produce at most: 10 crash dumps
76: 23:23:15.802 - Service shutting down
76: 23:23:15.803 - Service shut down complete
5652: 23:25:56.384 - ---
5652: 23:25:56.384 - Service: "Photon Socket Server" starting
5652: 23:25:56.384 - Config File: C:\Users\Admin\Desktop\PhotonServer\Photon-OnPremise-Server-SDK_v4-0-29-11263\deploy\Plugins\MineSweepersPlugins\1.0.0\bin\PhotonServer.config
5652: 23:25:56.385 - Will produce at most: 10 crash dumps
5652: 23:25:56.386 - Service shutting down
5652: 23:25:56.390 - Service shut down complete
8524: 23:28:20.610 - ---
8524: 23:28:20.610 - Service: "Photon Socket Server" starting
8524: 23:28:20.610 - Config File: C:\Users\Admin\Desktop\PhotonServer\Photon-OnPremise-Server-SDK_v4-0-29-11263\deploy\Plugins\MineSweepersPlugins\1.0.0\bin\PhotonServer.config
8524: 23:28:20.612 - Will produce at most: 10 crash dumps
8524: 23:28:20.612 - Service shutting down
8524: 23:28:20.613 - Service shut down complete
