15152: 17:21:08.429 - ---
15152: 17:21:08.429 - Service: "Photon Socket Server" starting
15152: 17:21:08.429 - Config File: C:\Users\Admin\Documents\MineSweepersServer\Photon-OnPremise-Server-SDK_v4-0-29-11263\deploy\Plugins\MineSweepersPlugins\1.0.0\bin\PhotonServer.config
15152: 17:21:08.430 - Will produce at most: 10 crash dumps
15152: 17:21:08.430 - Service shutting down
15152: 17:21:08.431 - Service shut down complete
11344: 17:31:22.037 - ---
11344: 17:31:22.038 - Service: "Photon Socket Server" starting
11344: 17:31:22.038 - Config File: C:\Users\Admin\Documents\MineSweepersServer\Photon-OnPremise-Server-SDK_v4-0-29-11263\deploy\Plugins\MineSweepersPlugins\1.0.0\bin\PhotonServer.config
11344: 17:31:22.038 - Will produce at most: 10 crash dumps
11344: 17:31:22.038 - Service shutting down
11344: 17:31:22.039 - Service shut down complete
15220: 17:43:24.897 - ---
15220: 17:43:24.897 - Service: "Photon Socket Server" starting
15220: 17:43:24.897 - Config File: C:\Users\Admin\Documents\MineSweepersServer\Photon-OnPremise-Server-SDK_v4-0-29-11263\deploy\Plugins\MineSweepersPlugins\1.0.0\bin\PhotonServer.config
15220: 17:43:24.897 - Will produce at most: 10 crash dumps
15220: 17:43:24.897 - Service shutting down
15220: 17:43:24.898 - Service shut down complete
9296: 17:55:45.646 - ---
9296: 17:55:45.646 - Service: "Photon Socket Server" starting
9296: 17:55:45.647 - Config File: C:\Users\Admin\Documents\MineSweepersServer\Photon-OnPremise-Server-SDK_v4-0-29-11263\deploy\Plugins\MineSweepersPlugins\1.0.0\bin\PhotonServer.config
9296: 17:55:45.647 - Will produce at most: 10 crash dumps
9296: 17:55:45.647 - Service shutting down
9296: 17:55:45.648 - Service shut down complete
5236: 18:11:27.903 - ---
5236: 18:11:27.903 - Service: "Photon Socket Server" starting
5236: 18:11:27.903 - Config File: C:\Users\Admin\Documents\MineSweepersServer\Photon-OnPremise-Server-SDK_v4-0-29-11263\deploy\Plugins\MineSweepersPlugins\1.0.0\bin\PhotonServer.config
5236: 18:11:27.903 - Will produce at most: 10 crash dumps
5236: 18:11:27.904 - Service shutting down
5236: 18:11:27.906 - Service shut down complete
14832: 21:27:17.886 - ---
14832: 21:27:17.886 - Service: "Photon Socket Server" starting
14832: 21:27:17.886 - Config File: C:\Users\Admin\Documents\MineSweepersServer\Photon-OnPremise-Server-SDK_v4-0-29-11263\deploy\Plugins\MineSweepersPlugins\1.0.0\bin\PhotonServer.config
14832: 21:27:17.886 - Will produce at most: 10 crash dumps
14832: 21:27:17.886 - Service shutting down
14832: 21:27:17.887 - Service shut down complete
12552: 21:55:09.589 - ---
12552: 21:55:09.589 - Service: "Photon Socket Server" starting
12552: 21:55:09.589 - Config File: C:\Users\Admin\Documents\MineSweepersServer\Photon-OnPremise-Server-SDK_v4-0-29-11263\deploy\Plugins\MineSweepersPlugins\1.0.0\bin\PhotonServer.config
12552: 21:55:09.589 - Will produce at most: 10 crash dumps
12552: 21:55:09.589 - Service shutting down
12552: 21:55:09.590 - Service shut down complete
13920: 22:02:21.994 - ---
13920: 22:02:21.994 - Service: "Photon Socket Server" starting
13920: 22:02:21.994 - Config File: C:\Users\Admin\Documents\MineSweepersServer\Photon-OnPremise-Server-SDK_v4-0-29-11263\deploy\Plugins\MineSweepersPlugins\1.0.0\bin\PhotonServer.config
13920: 22:02:21.995 - Will produce at most: 10 crash dumps
13920: 22:02:21.995 - Service shutting down
13920: 22:02:21.995 - Service shut down complete
