3296: 15:06:15.933 - ---
3296: 15:06:15.933 - Service: "Photon Socket Server" starting
3296: 15:06:15.933 - Config File: C:\Users\Admin\Desktop\PhotonServer\Photon-OnPremise-Server-SDK_v4-0-29-11263\deploy\Plugins\MineSweepersPlugins\1.0.0\bin\PhotonServer.config
3296: 15:06:15.935 - Will produce at most: 10 crash dumps
3296: 15:06:15.935 - Service shutting down
3296: 15:06:15.937 - Service shut down complete
9600: 15:14:33.830 - ---
9600: 15:14:33.831 - Service: "Photon Socket Server" starting
9600: 15:14:33.831 - Config File: C:\Users\Admin\Desktop\PhotonServer\Photon-OnPremise-Server-SDK_v4-0-29-11263\deploy\Plugins\MineSweepersPlugins\1.0.0\bin\PhotonServer.config
9600: 15:14:33.834 - Will produce at most: 10 crash dumps
9600: 15:14:33.834 - Service shutting down
9600: 15:14:33.835 - Service shut down complete
9272: 15:17:01.576 - ---
9272: 15:17:01.576 - Service: "Photon Socket Server" starting
9272: 15:17:01.577 - Config File: C:\Users\Admin\Desktop\PhotonServer\Photon-OnPremise-Server-SDK_v4-0-29-11263\deploy\Plugins\MineSweepersPlugins\1.0.0\bin\PhotonServer.config
9272: 15:17:01.578 - Will produce at most: 10 crash dumps
9272: 15:17:01.579 - Service shutting down
9272: 15:17:01.580 - Service shut down complete
7540: 15:34:34.995 - ---
7540: 15:34:34.995 - Service: "Photon Socket Server" starting
7540: 15:34:34.995 - Config File: C:\Users\Admin\Desktop\PhotonServer\Photon-OnPremise-Server-SDK_v4-0-29-11263\deploy\Plugins\MineSweepersPlugins\1.0.0\bin\PhotonServer.config
7540: 15:34:34.997 - Will produce at most: 10 crash dumps
7540: 15:34:34.997 - Service shutting down
7540: 15:34:34.998 - Service shut down complete
864: 15:37:01.641 - ---
864: 15:37:01.641 - Service: "Photon Socket Server" starting
864: 15:37:01.642 - Config File: C:\Users\Admin\Desktop\PhotonServer\Photon-OnPremise-Server-SDK_v4-0-29-11263\deploy\Plugins\MineSweepersPlugins\1.0.0\bin\PhotonServer.config
864: 15:37:01.643 - Will produce at most: 10 crash dumps
864: 15:37:01.643 - Service shutting down
864: 15:37:01.646 - Service shut down complete
