4016: 19:22:03.634 - ---
4016: 19:22:03.634 - Service: "Photon Socket Server" starting
4016: 19:22:03.634 - Config File: C:\Users\Admin\Desktop\PhotonServer\Photon-OnPremise-Server-SDK_v4-0-29-11263\deploy\Plugins\MineSweepersPlugins\bin\PhotonServer.config
4016: 19:22:03.635 - Will produce at most: 10 crash dumps
4016: 19:22:03.636 - Service shutting down
4016: 19:22:03.637 - Service shut down complete
5804: 19:24:58.764 - ---
5804: 19:24:58.764 - Service: "Photon Socket Server" starting
5804: 19:24:58.764 - Config File: C:\Users\Admin\Desktop\PhotonServer\Photon-OnPremise-Server-SDK_v4-0-29-11263\deploy\Plugins\MineSweepersPlugins\bin\PhotonServer.config
5804: 19:24:58.766 - Will produce at most: 10 crash dumps
5804: 19:24:58.766 - Service shutting down
5804: 19:24:58.767 - Service shut down complete
6316: 19:27:03.026 - ---
6316: 19:27:03.026 - Service: "Photon Socket Server" starting
6316: 19:27:03.027 - Config File: C:\Users\Admin\Desktop\PhotonServer\Photon-OnPremise-Server-SDK_v4-0-29-11263\deploy\Plugins\MineSweepersPlugins\bin\PhotonServer.config
6316: 19:27:03.028 - Will produce at most: 10 crash dumps
6316: 19:27:03.028 - Service shutting down
6316: 19:27:03.043 - Service shut down complete
8016: 19:29:04.812 - ---
8016: 19:29:04.812 - Service: "Photon Socket Server" starting
8016: 19:29:04.812 - Config File: C:\Users\Admin\Desktop\PhotonServer\Photon-OnPremise-Server-SDK_v4-0-29-11263\deploy\Plugins\MineSweepersPlugins\bin\PhotonServer.config
8016: 19:29:04.813 - Will produce at most: 10 crash dumps
8016: 19:29:04.813 - Service shutting down
8016: 19:29:04.815 - Service shut down complete
6896: 19:33:17.812 - ---
6896: 19:33:17.812 - Service: "Photon Socket Server" starting
6896: 19:33:17.812 - Config File: C:\Users\Admin\Desktop\PhotonServer\Photon-OnPremise-Server-SDK_v4-0-29-11263\deploy\Plugins\MineSweepersPlugins\bin\PhotonServer.config
6896: 19:33:17.813 - Will produce at most: 10 crash dumps
6896: 19:33:17.813 - Service shutting down
6896: 19:33:17.814 - Service shut down complete
8488: 19:35:48.906 - ---
8488: 19:35:48.906 - Service: "Photon Socket Server" starting
8488: 19:35:48.906 - Config File: C:\Users\Admin\Desktop\PhotonServer\Photon-OnPremise-Server-SDK_v4-0-29-11263\deploy\Plugins\MineSweepersPlugins\bin\PhotonServer.config
8488: 19:35:48.908 - Will produce at most: 10 crash dumps
8488: 19:35:48.908 - Service shutting down
8488: 19:35:48.909 - Service shut down complete
8512: 19:38:38.173 - ---
8512: 19:38:38.173 - Service: "Photon Socket Server" starting
8512: 19:38:38.173 - Config File: C:\Users\Admin\Desktop\PhotonServer\Photon-OnPremise-Server-SDK_v4-0-29-11263\deploy\Plugins\MineSweepersPlugins\bin\PhotonServer.config
8512: 19:38:38.175 - Will produce at most: 10 crash dumps
8512: 19:38:38.175 - Service shutting down
8512: 19:38:38.176 - Service shut down complete
9900: 19:47:00.700 - ---
9900: 19:47:00.700 - Service: "Photon Socket Server" starting
9900: 19:47:00.700 - Config File: C:\Users\Admin\Desktop\PhotonServer\Photon-OnPremise-Server-SDK_v4-0-29-11263\deploy\Plugins\MineSweepersPlugins\1.0.0\bin\PhotonServer.config
9900: 19:47:00.701 - Will produce at most: 10 crash dumps
9900: 19:47:00.701 - Service shutting down
9900: 19:47:00.704 - Service shut down complete
9464: 19:50:44.004 - ---
9464: 19:50:44.004 - Service: "Photon Socket Server" starting
9464: 19:50:44.004 - Config File: C:\Users\Admin\Desktop\PhotonServer\Photon-OnPremise-Server-SDK_v4-0-29-11263\deploy\Plugins\MineSweepersPlugins\1.0.0\bin\PhotonServer.config
9464: 19:50:44.006 - Will produce at most: 10 crash dumps
9464: 19:50:44.006 - Service shutting down
9464: 19:50:44.007 - Service shut down complete
