6996: 14:52:32.570 - ---
6996: 14:52:32.570 - Service: "Photon Socket Server" starting
6996: 14:52:32.571 - Config File: C:\Users\Admin\Documents\MineSweepersServer\Photon-OnPremise-Server-SDK_v4-0-29-11263\deploy\Plugins\MineSweepersPlugins\1.0.0\bin\PhotonServer.config
6996: 14:52:32.571 - Will produce at most: 10 crash dumps
6996: 14:52:32.571 - Service shutting down
6996: 14:52:32.573 - Service shut down complete
11040: 15:05:46.291 - ---
11040: 15:05:46.291 - Service: "Photon Socket Server" starting
11040: 15:05:46.291 - Config File: C:\Users\Admin\Documents\MineSweepersServer\Photon-OnPremise-Server-SDK_v4-0-29-11263\deploy\Plugins\MineSweepersPlugins\1.0.0\bin\PhotonServer.config
11040: 15:05:46.291 - Will produce at most: 10 crash dumps
11040: 15:05:46.291 - Service shutting down
11040: 15:05:46.292 - Service shut down complete
14356: 19:00:17.147 - ---
14356: 19:00:17.147 - Service: "Photon Socket Server" starting
14356: 19:00:17.148 - Config File: C:\Users\Admin\Documents\MineSweepersServer\Photon-OnPremise-Server-SDK_v4-0-29-11263\deploy\Plugins\MineSweepersPlugins\1.0.0\bin\PhotonServer.config
14356: 19:00:17.148 - Will produce at most: 10 crash dumps
14356: 19:00:17.148 - Service shutting down
14356: 19:00:17.149 - Service shut down complete
3816: 19:39:56.614 - ---
3816: 19:39:56.614 - Service: "Photon Socket Server" starting
3816: 19:39:56.614 - Config File: C:\Users\Admin\Documents\MineSweepersServer\Photon-OnPremise-Server-SDK_v4-0-29-11263\deploy\Plugins\MineSweepersPlugins\1.0.0\bin\PhotonServer.config
3816: 19:39:56.614 - Will produce at most: 10 crash dumps
3816: 19:39:56.614 - Service shutting down
3816: 19:39:56.619 - Service shut down complete
6076: 19:40:02.626 - ---
6076: 19:40:02.626 - Service: "Photon Socket Server" starting
6076: 19:40:02.626 - Config File: C:\Users\Admin\Documents\MineSweepersServer\Photon-OnPremise-Server-SDK_v4-0-29-11263\deploy\Plugins\MineSweepersPlugins\1.0.0\bin\PhotonServer.config
6076: 19:40:02.626 - Will produce at most: 10 crash dumps
6076: 19:40:02.626 - Service shutting down
6076: 19:40:02.627 - Service shut down complete
12404: 19:45:11.279 - ---
12404: 19:45:11.279 - Service: "Photon Socket Server" starting
12404: 19:45:11.279 - Config File: C:\Users\Admin\Documents\MineSweepersServer\Photon-OnPremise-Server-SDK_v4-0-29-11263\deploy\Plugins\MineSweepersPlugins\1.0.0\bin\PhotonServer.config
12404: 19:45:11.280 - Will produce at most: 10 crash dumps
12404: 19:45:11.280 - Service shutting down
12404: 19:45:11.280 - Service shut down complete
17228: 20:06:49.520 - ---
17228: 20:06:49.520 - Service: "Photon Socket Server" starting
17228: 20:06:49.520 - Config File: C:\Users\Admin\Documents\MineSweepersServer\Photon-OnPremise-Server-SDK_v4-0-29-11263\deploy\Plugins\MineSweepersPlugins\1.0.0\bin\PhotonServer.config
17228: 20:06:49.520 - Will produce at most: 10 crash dumps
17228: 20:06:49.521 - Service shutting down
17228: 20:06:49.522 - Service shut down complete
6384: 20:17:34.895 - ---
6384: 20:17:34.895 - Service: "Photon Socket Server" starting
6384: 20:17:34.895 - Config File: C:\Users\Admin\Documents\MineSweepersServer\Photon-OnPremise-Server-SDK_v4-0-29-11263\deploy\Plugins\MineSweepersPlugins\1.0.0\bin\PhotonServer.config
6384: 20:17:34.895 - Will produce at most: 10 crash dumps
6384: 20:17:34.896 - Service shutting down
6384: 20:17:34.896 - Service shut down complete
2616: 22:33:23.472 - ---
2616: 22:33:23.472 - Service: "Photon Socket Server" starting
2616: 22:33:23.472 - Config File: C:\Users\Admin\Documents\MineSweepersServer\Photon-OnPremise-Server-SDK_v4-0-29-11263\deploy\Plugins\MineSweepersPlugins\1.0.0\bin\PhotonServer.config
2616: 22:33:23.472 - Will produce at most: 10 crash dumps
2616: 22:33:23.472 - Service shutting down
2616: 22:33:23.473 - Service shut down complete
14836: 23:14:07.823 - ---
14836: 23:14:07.823 - Service: "Photon Socket Server" starting
14836: 23:14:07.823 - Config File: C:\Users\Admin\Documents\MineSweepersServer\Photon-OnPremise-Server-SDK_v4-0-29-11263\deploy\Plugins\MineSweepersPlugins\1.0.0\bin\PhotonServer.config
14836: 23:14:07.824 - Will produce at most: 10 crash dumps
14836: 23:14:07.824 - Service shutting down
14836: 23:14:07.825 - Service shut down complete
12552: 23:16:55.482 - ---
12552: 23:16:55.482 - Service: "Photon Socket Server" starting
12552: 23:16:55.482 - Config File: C:\Users\Admin\Documents\MineSweepersServer\Photon-OnPremise-Server-SDK_v4-0-29-11263\deploy\Plugins\MineSweepersPlugins\1.0.0\bin\PhotonServer.config
12552: 23:16:55.483 - Will produce at most: 10 crash dumps
12552: 23:16:55.483 - Service shutting down
12552: 23:16:55.484 - Service shut down complete
13172: 23:19:27.080 - ---
13172: 23:19:27.080 - Service: "Photon Socket Server" starting
13172: 23:19:27.080 - Config File: C:\Users\Admin\Documents\MineSweepersServer\Photon-OnPremise-Server-SDK_v4-0-29-11263\deploy\Plugins\MineSweepersPlugins\1.0.0\bin\PhotonServer.config
13172: 23:19:27.080 - Will produce at most: 10 crash dumps
13172: 23:19:27.080 - Service shutting down
13172: 23:19:27.081 - Service shut down complete
