4924: 12:20:07.332 - ---
4924: 12:20:07.332 - Service: "Photon Socket Server" starting
4924: 12:20:07.332 - Config File: C:\Users\Admin\Documents\MineSweepersServer\Photon-OnPremise-Server-SDK_v4-0-29-11263\deploy\Plugins\MineSweepersPlugins\1.0.0\bin\PhotonServer.config
4924: 12:20:07.333 - Will produce at most: 10 crash dumps
4924: 12:20:07.333 - Service shutting down
4924: 12:20:07.334 - Service shut down complete
7160: 12:23:56.951 - ---
7160: 12:23:56.951 - Service: "Photon Socket Server" starting
7160: 12:23:56.951 - Config File: C:\Users\Admin\Documents\MineSweepersServer\Photon-OnPremise-Server-SDK_v4-0-29-11263\deploy\Plugins\MineSweepersPlugins\1.0.0\bin\PhotonServer.config
7160: 12:23:56.952 - Will produce at most: 10 crash dumps
7160: 12:23:56.952 - Service shutting down
7160: 12:23:56.953 - Service shut down complete
4084: 12:54:10.917 - ---
4084: 12:54:10.917 - Service: "Photon Socket Server" starting
4084: 12:54:10.917 - Config File: C:\Users\Admin\Documents\MineSweepersServer\Photon-OnPremise-Server-SDK_v4-0-29-11263\deploy\Plugins\MineSweepersPlugins\1.0.0\bin\PhotonServer.config
4084: 12:54:10.918 - Will produce at most: 10 crash dumps
4084: 12:54:10.918 - Service shutting down
4084: 12:54:10.918 - Service shut down complete
12244: 14:53:10.344 - ---
12244: 14:53:10.344 - Service: "Photon Socket Server" starting
12244: 14:53:10.344 - Config File: C:\Users\Admin\Documents\MineSweepersServer\Photon-OnPremise-Server-SDK_v4-0-29-11263\deploy\Plugins\MineSweepersPlugins\1.0.0\bin\PhotonServer.config
12244: 14:53:10.344 - Will produce at most: 10 crash dumps
12244: 14:53:10.345 - Service shutting down
12244: 14:53:10.345 - Service shut down complete
14788: 15:29:14.760 - ---
14788: 15:29:14.760 - Service: "Photon Socket Server" starting
14788: 15:29:14.760 - Config File: C:\Users\Admin\Documents\MineSweepersServer\Photon-OnPremise-Server-SDK_v4-0-29-11263\deploy\Plugins\MineSweepersPlugins\1.0.0\bin\PhotonServer.config
14788: 15:29:14.761 - Will produce at most: 10 crash dumps
14788: 15:29:14.761 - Service shutting down
14788: 15:29:14.762 - Service shut down complete
4768: 15:48:55.269 - ---
4768: 15:48:55.269 - Service: "Photon Socket Server" starting
4768: 15:48:55.269 - Config File: C:\Users\Admin\Documents\MineSweepersServer\Photon-OnPremise-Server-SDK_v4-0-29-11263\deploy\Plugins\MineSweepersPlugins\1.0.0\bin\PhotonServer.config
4768: 15:48:55.269 - Will produce at most: 10 crash dumps
4768: 15:48:55.270 - Service shutting down
4768: 15:48:55.270 - Service shut down complete
15456: 16:15:54.450 - ---
15456: 16:15:54.450 - Service: "Photon Socket Server" starting
15456: 16:15:54.450 - Config File: C:\Users\Admin\Documents\MineSweepersServer\Photon-OnPremise-Server-SDK_v4-0-29-11263\deploy\Plugins\MineSweepersPlugins\1.0.0\bin\PhotonServer.config
15456: 16:15:54.450 - Will produce at most: 10 crash dumps
15456: 16:15:54.450 - Service shutting down
15456: 16:15:54.451 - Service shut down complete
16120: 16:28:11.803 - ---
16120: 16:28:11.803 - Service: "Photon Socket Server" starting
16120: 16:28:11.803 - Config File: C:\Users\Admin\Documents\MineSweepersServer\Photon-OnPremise-Server-SDK_v4-0-29-11263\deploy\Plugins\MineSweepersPlugins\1.0.0\bin\PhotonServer.config
16120: 16:28:11.804 - Will produce at most: 10 crash dumps
16120: 16:28:11.804 - Service shutting down
16120: 16:28:11.805 - Service shut down complete
12108: 16:32:35.218 - ---
12108: 16:32:35.218 - Service: "Photon Socket Server" starting
12108: 16:32:35.218 - Config File: C:\Users\Admin\Documents\MineSweepersServer\Photon-OnPremise-Server-SDK_v4-0-29-11263\deploy\Plugins\MineSweepersPlugins\1.0.0\bin\PhotonServer.config
12108: 16:32:35.219 - Will produce at most: 10 crash dumps
12108: 16:32:35.219 - Service shutting down
12108: 16:32:35.220 - Service shut down complete
