2528: 15:26:41.081 - ---
2528: 15:26:41.081 - Service: "Photon Socket Server" starting
2528: 15:26:41.081 - Config File: C:\Users\Admin\Desktop\PhotonServer\Photon-OnPremise-Server-SDK_v4-0-29-11263\deploy\Plugins\MineSweepersPlugins\1.0.0\bin\PhotonServer.config
2528: 15:26:41.089 - Will produce at most: 10 crash dumps
2528: 15:26:41.089 - Service shutting down
2528: 15:26:41.090 - Service shut down complete
8664: 16:02:33.928 - ---
8664: 16:02:33.928 - Service: "Photon Socket Server" starting
8664: 16:02:33.928 - Config File: C:\Users\Admin\Desktop\PhotonServer\Photon-OnPremise-Server-SDK_v4-0-29-11263\deploy\Plugins\MineSweepersPlugins\1.0.0\bin\PhotonServer.config
8664: 16:02:33.930 - Will produce at most: 10 crash dumps
8664: 16:02:33.930 - Service shutting down
8664: 16:02:33.931 - Service shut down complete
3776: 17:17:22.530 - ---
3776: 17:17:22.530 - Service: "Photon Socket Server" starting
3776: 17:17:22.530 - Config File: C:\Users\Admin\Desktop\PhotonServer\Photon-OnPremise-Server-SDK_v4-0-29-11263\deploy\Plugins\MineSweepersPlugins\1.0.0\bin\PhotonServer.config
3776: 17:17:22.531 - Will produce at most: 10 crash dumps
3776: 17:17:22.532 - Service shutting down
3776: 17:17:22.533 - Service shut down complete
8176: 17:17:41.793 - ---
8176: 17:17:41.793 - Service: "Photon Socket Server" starting
8176: 17:17:41.794 - Config File: C:\Users\Admin\Desktop\PhotonServer\Photon-OnPremise-Server-SDK_v4-0-29-11263\deploy\Plugins\MineSweepersPlugins\1.0.0\bin\PhotonServer.config
8176: 17:17:41.795 - Will produce at most: 10 crash dumps
8176: 17:17:41.795 - Service shutting down
8176: 17:17:41.797 - Service shut down complete
6012: 17:17:54.670 - ---
6012: 17:17:54.670 - Service: "Photon Socket Server" starting
6012: 17:17:54.671 - Config File: C:\Users\Admin\Desktop\PhotonServer\Photon-OnPremise-Server-SDK_v4-0-29-11263\deploy\Plugins\MineSweepersPlugins\1.0.0\bin\PhotonServer.config
6012: 17:17:54.675 - Will produce at most: 10 crash dumps
6012: 17:17:54.676 - Service shutting down
6012: 17:17:54.683 - Service shut down complete
10332: 19:26:17.338 - ---
10332: 19:26:17.338 - Service: "Photon Socket Server" starting
10332: 19:26:17.338 - Config File: C:\Users\Admin\Desktop\PhotonServer\Photon-OnPremise-Server-SDK_v4-0-29-11263\deploy\Plugins\MineSweepersPlugins\1.0.0\bin\PhotonServer.config
10332: 19:26:17.346 - Will produce at most: 10 crash dumps
10332: 19:26:17.347 - Service shutting down
10332: 19:26:17.348 - Service shut down complete
11180: 19:52:19.808 - ---
11180: 19:52:19.808 - Service: "Photon Socket Server" starting
11180: 19:52:19.809 - Config File: C:\Users\Admin\Desktop\PhotonServer\Photon-OnPremise-Server-SDK_v4-0-29-11263\deploy\Plugins\MineSweepersPlugins\1.0.0\bin\PhotonServer.config
11180: 19:52:19.810 - Will produce at most: 10 crash dumps
11180: 19:52:19.810 - Service shutting down
11180: 19:52:19.812 - Service shut down complete
