1388: 15:34:32.396 - ---
1388: 15:34:32.396 - Service: "Photon Socket Server" starting
1388: 15:34:32.396 - Config File: C:\Users\Admin\Desktop\PhotonServer\Photon-OnPremise-Server-SDK_v4-0-29-11263\deploy\Plugins\MineSweepersPlugins\1.0.0\bin\PhotonServer.config
1388: 15:34:32.400 - Will produce at most: 10 crash dumps
1388: 15:34:32.400 - Service shutting down
1388: 15:34:32.402 - Service shut down complete
476: 15:39:03.448 - ---
476: 15:39:03.448 - Service: "Photon Socket Server" starting
476: 15:39:03.448 - Config File: C:\Users\Admin\Desktop\PhotonServer\Photon-OnPremise-Server-SDK_v4-0-29-11263\deploy\Plugins\MineSweepersPlugins\1.0.0\bin\PhotonServer.config
476: 15:39:03.449 - Will produce at most: 10 crash dumps
476: 15:39:03.450 - Service shutting down
476: 15:39:03.451 - Service shut down complete
3400: 15:50:40.406 - ---
3400: 15:50:40.406 - Service: "Photon Socket Server" starting
3400: 15:50:40.406 - Config File: C:\Users\Admin\Desktop\PhotonServer\Photon-OnPremise-Server-SDK_v4-0-29-11263\deploy\Plugins\MineSweepersPlugins\1.0.0\bin\PhotonServer.config
3400: 15:50:40.409 - Will produce at most: 10 crash dumps
3400: 15:50:40.409 - Service shutting down
3400: 15:50:40.410 - Service shut down complete
1896: 15:56:48.030 - ---
1896: 15:56:48.030 - Service: "Photon Socket Server" starting
1896: 15:56:48.030 - Config File: C:\Users\Admin\Desktop\PhotonServer\Photon-OnPremise-Server-SDK_v4-0-29-11263\deploy\Plugins\MineSweepersPlugins\1.0.0\bin\PhotonServer.config
1896: 15:56:48.031 - Will produce at most: 10 crash dumps
1896: 15:56:48.031 - Service shutting down
1896: 15:56:48.032 - Service shut down complete
8236: 16:05:52.486 - ---
8236: 16:05:52.486 - Service: "Photon Socket Server" starting
8236: 16:05:52.486 - Config File: C:\Users\Admin\Desktop\PhotonServer\Photon-OnPremise-Server-SDK_v4-0-29-11263\deploy\Plugins\MineSweepersPlugins\1.0.0\bin\PhotonServer.config
8236: 16:05:52.487 - Will produce at most: 10 crash dumps
8236: 16:05:52.487 - Service shutting down
8236: 16:05:52.489 - Service shut down complete
