2192: 15:26:47.238 - ---
2192: 15:26:47.238 - Service: "Photon Socket Server" starting
2192: 15:26:47.238 - Config File: C:\Users\Admin\Documents\MineSweepersServer\Photon-OnPremise-Server-SDK_v4-0-29-11263\deploy\Plugins\MineSweepersPlugins\1.0.0\bin\PhotonServer.config
2192: 15:26:47.239 - Will produce at most: 10 crash dumps
2192: 15:26:47.239 - Service shutting down
2192: 15:26:47.240 - Service shut down complete
11304: 15:39:50.530 - ---
11304: 15:39:50.530 - Service: "Photon Socket Server" starting
11304: 15:39:50.530 - Config File: C:\Users\Admin\Documents\MineSweepersServer\Photon-OnPremise-Server-SDK_v4-0-29-11263\deploy\Plugins\MineSweepersPlugins\1.0.0\bin\PhotonServer.config
11304: 15:39:50.530 - Will produce at most: 10 crash dumps
11304: 15:39:50.530 - Service shutting down
11304: 15:39:50.531 - Service shut down complete
10964: 15:41:04.601 - ---
10964: 15:41:04.601 - Service: "Photon Socket Server" starting
10964: 15:41:04.601 - Config File: C:\Users\Admin\Documents\MineSweepersServer\Photon-OnPremise-Server-SDK_v4-0-29-11263\deploy\Plugins\MineSweepersPlugins\1.0.0\bin\PhotonServer.config
10964: 15:41:04.601 - Will produce at most: 10 crash dumps
10964: 15:41:04.602 - Service shutting down
10964: 15:41:04.602 - Service shut down complete
2388: 15:57:05.557 - ---
2388: 15:57:05.557 - Service: "Photon Socket Server" starting
2388: 15:57:05.557 - Config File: C:\Users\Admin\Documents\MineSweepersServer\Photon-OnPremise-Server-SDK_v4-0-29-11263\deploy\Plugins\MineSweepersPlugins\1.0.0\bin\PhotonServer.config
2388: 15:57:05.557 - Will produce at most: 10 crash dumps
2388: 15:57:05.557 - Service shutting down
2388: 15:57:05.558 - Service shut down complete
1364: 16:01:43.557 - ---
1364: 16:01:43.557 - Service: "Photon Socket Server" starting
1364: 16:01:43.557 - Config File: C:\Users\Admin\Documents\MineSweepersServer\Photon-OnPremise-Server-SDK_v4-0-29-11263\deploy\Plugins\MineSweepersPlugins\1.0.0\bin\PhotonServer.config
1364: 16:01:43.558 - Will produce at most: 10 crash dumps
1364: 16:01:43.558 - Service shutting down
1364: 16:01:43.561 - Service shut down complete
10980: 16:18:07.561 - ---
10980: 16:18:07.561 - Service: "Photon Socket Server" starting
10980: 16:18:07.562 - Config File: C:\Users\Admin\Documents\MineSweepersServer\Photon-OnPremise-Server-SDK_v4-0-29-11263\deploy\Plugins\MineSweepersPlugins\1.0.0\bin\PhotonServer.config
10980: 16:18:07.562 - Will produce at most: 10 crash dumps
10980: 16:18:07.562 - Service shutting down
10980: 16:18:07.563 - Service shut down complete
976: 16:24:13.549 - ---
976: 16:24:13.549 - Service: "Photon Socket Server" starting
976: 16:24:13.549 - Config File: C:\Users\Admin\Documents\MineSweepersServer\Photon-OnPremise-Server-SDK_v4-0-29-11263\deploy\Plugins\MineSweepersPlugins\1.0.0\bin\PhotonServer.config
976: 16:24:13.549 - Will produce at most: 10 crash dumps
976: 16:24:13.549 - Service shutting down
976: 16:24:13.550 - Service shut down complete
2876: 16:25:30.334 - ---
2876: 16:25:30.334 - Service: "Photon Socket Server" starting
2876: 16:25:30.334 - Config File: C:\Users\Admin\Documents\MineSweepersServer\Photon-OnPremise-Server-SDK_v4-0-29-11263\deploy\Plugins\MineSweepersPlugins\1.0.0\bin\PhotonServer.config
2876: 16:25:30.334 - Will produce at most: 10 crash dumps
2876: 16:25:30.334 - Service shutting down
2876: 16:25:30.335 - Service shut down complete
3416: 16:33:36.399 - ---
3416: 16:33:36.399 - Service: "Photon Socket Server" starting
3416: 16:33:36.399 - Config File: C:\Users\Admin\Documents\MineSweepersServer\Photon-OnPremise-Server-SDK_v4-0-29-11263\deploy\Plugins\MineSweepersPlugins\1.0.0\bin\PhotonServer.config
3416: 16:33:36.400 - Will produce at most: 10 crash dumps
3416: 16:33:36.400 - Service shutting down
3416: 16:33:36.400 - Service shut down complete
8128: 16:44:24.917 - ---
8128: 16:44:24.917 - Service: "Photon Socket Server" starting
8128: 16:44:24.917 - Config File: C:\Users\Admin\Documents\MineSweepersServer\Photon-OnPremise-Server-SDK_v4-0-29-11263\deploy\Plugins\MineSweepersPlugins\1.0.0\bin\PhotonServer.config
8128: 16:44:24.918 - Will produce at most: 10 crash dumps
8128: 16:44:24.918 - Service shutting down
8128: 16:44:24.918 - Service shut down complete
