11068: 10:34:06.939 - ---
11068: 10:34:06.939 - Service: "Photon Socket Server" starting
11068: 10:34:06.940 - Config File: C:\Users\Admin\Desktop\PhotonServer\Photon-OnPremise-Server-SDK_v4-0-29-11263\deploy\bin_Win64\PhotonServer.config
11068: 10:34:06.941 - Will produce at most: 10 crash dumps
11068: 10:34:06.941 - Existing dump file: PhotonSocketServer.exe-20200205-154020-5524-4800-1.dmp
11068: 10:34:06.941 - Existing dump file: PhotonSocketServer.exe-20200205-154021-5524-4800-2.dmp
11068: 10:34:06.941 - Existing dump file: PhotonSocketServer.exe-20200205-154324-5352-5536-1.dmp
11068: 10:34:06.941 - Existing dump file: PhotonSocketServer.exe-20200205-154324-5352-5536-2.dmp
11068: 10:34:06.941 - Max dumps to produce reduced to 6 due to 4 existing dump files
11068: 10:34:06.941 - Action: run as exe
11068: 10:34:07.097 - Server Starting...
11068: 10:34:07.097 -    Tick count: 239706781 (wraps in: 46.9359 days)
11068: 10:34:07.097 - Tick count 64: 239706781
11068: 10:34:07.097 - Photon Version: 4.0.28.2962
11068: 10:34:07.097 - PID: 4848
11068: 10:34:07.098 - Config File: C:\Users\Admin\Desktop\PhotonServer\Photon-OnPremise-Server-SDK_v4-0-29-11263\deploy\bin_Win64\PhotonServer.config
11068: 10:34:07.098 - Will NOT log unimportant exceptions
11068: 10:34:07.104 - Not using performance counters as they are not currently installed. Run the service with /InstallCounters to install them.
11068: 10:34:07.104 - Shutdown timeout enabled: 30000ms
11068: 10:34:07.105 - Starting I/O thread pool with 2 threads
11068: 10:34:07.105 - Using Standard allocator
11068: 10:34:07.105 - Max message size: 512000
11068: 10:34:07.106 - Starting business logic thread pool with the following settings
11068: 10:34:07.106 - InitialThreads: 4 threads
11068: 10:34:07.106 - MinThreads: 4 threads
11068: 10:34:07.106 - Thread pool is fixed size
11068: 10:34:07.106 - Starting ENet thread pool with the following settings
11068: 10:34:07.106 - InitialThreads: 2 threads
11068: 10:34:07.106 - MinThreads: 2 threads
11068: 10:34:07.106 - Thread pool is fixed size
11068: 10:34:07.106 - OnlyDispatchTimers: False
11068: 10:34:07.107 - S2S: flow control: Max pending writes: 50
11068: 10:34:07.107 - S2S: flow control: Max queued buffers: 200
11068: 10:34:07.107 - S2S: flow control: Max pending writes MUX: 500
11068: 10:34:07.107 - S2S: flow control: Max queued buffers MUX: 2000
11068: 10:34:07.107 - S2S: MaxInboundMessageSize: 512000
11068: 10:34:07.107 - S2S: MaxOutboundMessageSize: 512000
11068: 10:34:07.107 - S2S: No inactivity timeout
11068: 10:34:07.111 - WebSocket S2S: MaxInboundMessageSize: 512000
11068: 10:34:07.111 - WebSocket S2S: MaxOutboundMessageSize: 512000
11068: 10:34:07.111 - WebSocket S2S: No inactivity timeout
11068: 10:34:07.111 - Max Reliable Data In Transit (awaiting ACKs) per peer : 51200 bytes
11068: 10:34:07.111 - Per peer bandwidth limit
11068: 10:34:07.111 - Transmit Rate Limit: 256 KB/Sec
11068: 10:34:07.111 - Limit period: 200ms
11068: 10:34:07.111 - Limit per period: 52428 bytes
11068: 10:34:07.111 - Max queued data for transmission per peer: 512000 bytes
11068: 10:34:07.111 - Minimum retransmit timeout: 200
11068: 10:34:07.111 - No Maximum retransmit timeout
11068: 10:34:07.111 - Minimum ENet timeout: 5000ms
11068: 10:34:07.111 - Maximum ENet timeout: 30000ms
11068: 10:34:07.111 - Max Inbound Reliable Data Queued (awaiting resends of earlier sequence numbers) per peer : 163840 bytes
11068: 10:34:07.111 - No RTT ACK adjustment timeout
11068: 10:34:07.111 - Outbound ENet: MaxInboundMessageSize: 512000
11068: 10:34:07.111 - Outbound ENet: MaxOutboundMessageSize: 512000
11068: 10:34:07.118 - GetRuntime - About to load CLR - versions available:
11068: 10:34:07.118 - v2.0.50727
11068: 10:34:07.118 - v4.0.30319
11068: 10:34:07.118 - Configuration requests: "v2.0.50727"
11068: 10:34:07.118 - About to load version: "v2.0.50727"
11068: 10:34:07.163 - About to load runtime: PhotonHostRuntime.PhotonDomainManager from PhotonHostRuntime, Culture=neutral, PublicKeyToken=02C301B61B060C4D
11068: 10:34:07.163 - CLRBaseDirectory set to "C:\Users\Admin\Desktop\PhotonServer\Photon-OnPremise-Server-SDK_v4-0-29-11263\deploy"
11068: 10:34:07.163 - Optimising event broadcast for 20 or more peers
11068: 10:34:07.165 - Start: About to load CLR - versions available:
11068: 10:34:07.165 - v2.0.50727
11068: 10:34:07.165 - v4.0.30319
11068: 10:34:07.165 - No preference in configuration file, will load latest.
11068: 10:34:07.165 - About to load version: "v4.0.30319"
11068: 10:34:07.166 - Loaded version: "v4.0.30319"
11068: 10:34:07.313 - Photon host runtime loaded
11068: 10:34:08.763 - LICENSE: No license file was found. Starting with Bootstrap License.
11068: 10:34:08.770 - License is valid.
11068: 10:34:08.770 - Licensed for 20 concurrent connections.
11068: 10:34:08.770 - ENet: Max Reliable Data In Transit (awaiting ACKs) per peer : 51200 bytes
11068: 10:34:08.770 - ENet: Per peer bandwidth limit
11068: 10:34:08.770 - ENet: Transmit Rate Limit: 256 KB/Sec
11068: 10:34:08.770 - ENet: Limit period: 200ms
11068: 10:34:08.770 - ENet: Limit per period: 52428 bytes
11068: 10:34:08.770 - ENet: Max queued data for transmission per peer: 512000 bytes
11068: 10:34:08.770 - ENet: Minimum retransmit timeout: 200
11068: 10:34:08.770 - No Maximum retransmit timeout
11068: 10:34:08.770 - ENet: Minimum timeout: 5000ms
11068: 10:34:08.770 - ENet: Maximum timeout: 30000ms
11068: 10:34:08.770 - ENet: Max Inbound Reliable Data Queued (awaiting resends of earlier sequence numbers) per peer : 163840 bytes
11068: 10:34:08.770 - No RTT ACK adjustment timeout
11068: 10:34:08.770 - About to load application: Master from Photon.LoadBalancing
11068: 10:34:08.770 - Auto restart is enabled for application, existing connections will be terminated during restart
11068: 10:34:08.770 - Application will restart 1000ms after the last change detected
11068: 10:34:08.770 - Application will restart if files matching the following are changed: "dll;config"
11068: 10:34:08.770 - Application will NOT restart if files matching the following are changed: "log4net.config"
11068: 10:34:08.889 - Taking reference on default app domain
11068: 10:34:09.003 - Application: "Master" started in app domain: 2
11068: 10:34:09.003 - About to load application: Game from Photon.LoadBalancing
11068: 10:34:09.003 - Auto restart is enabled for application, existing connections will be terminated during restart
11068: 10:34:09.003 - Application will restart 1000ms after the last change detected
11068: 10:34:09.003 - Application will restart if files matching the following are changed: "dll;config"
11068: 10:34:09.003 - Application will NOT restart if files matching the following are changed: "log4net.config"
11068: 10:34:09.100 - Taking reference on default app domain
11068: 10:34:09.623 - Application: "Game" started in app domain: 3
11068: 10:34:09.623 - About to load application: CounterPublisher from CounterPublisher
11068: 10:34:09.623 - Auto restart is enabled for application, existing connections will be terminated during restart
11068: 10:34:09.623 - Application will restart 1000ms after the last change detected
11068: 10:34:09.623 - Application will restart if files matching the following are changed: "dll;config"
11068: 10:34:09.623 - Application will NOT restart if files matching the following are changed: "log4net.config"
11068: 10:34:09.724 - Taking reference on default app domain
11068: 10:34:09.820 - Application: "CounterPublisher" started in app domain: 4
11068: 10:34:09.821 - Adding TCP listener on: 0.0.0.0: 4530 with a listen backlog of: 150
11068: 10:34:09.821 - TCP inactivity timeout: 10000ms
11068: 10:34:09.821 - TCP disconnect timeout: 120000ms
11068: 10:34:09.821 - MaxInboundMessageSize: 512000
11068: 10:34:09.821 - MaxOutboundMessageSize: 512000
11068: 10:34:09.821 - Forcing all applications ids to: "Master"
11068: 10:34:09.821 - Serving policy file requests from: "C:\Users\Admin\Desktop\PhotonServer\Photon-OnPremise-Server-SDK_v4-0-29-11263\deploy\Policy\assets\socket-policy.xml"
11068: 10:34:09.821 - Adding TCP listener on: 0.0.0.0: 4531 with a listen backlog of: 150
11068: 10:34:09.821 - TCP inactivity timeout: 10000ms
11068: 10:34:09.821 - TCP disconnect timeout: 120000ms
11068: 10:34:09.821 - MaxInboundMessageSize: 512000
11068: 10:34:09.821 - MaxOutboundMessageSize: 512000
11068: 10:34:09.821 - Forcing all applications ids to: "Game"
11068: 10:34:09.821 - Serving policy file requests from: "C:\Users\Admin\Desktop\PhotonServer\Photon-OnPremise-Server-SDK_v4-0-29-11263\deploy\Policy\assets\socket-policy.xml"
11068: 10:34:09.821 - Adding TCP listener on: 0.0.0.0: 4520 with a listen backlog of: 150
11068: 10:34:09.821 - TCP inactivity timeout: 5000ms
11068: 10:34:09.821 - TCP disconnect timeout: 120000ms
11068: 10:34:09.821 - MaxInboundMessageSize: 512000
11068: 10:34:09.821 - MaxOutboundMessageSize: 512000
11068: 10:34:09.821 - Forcing all applications ids to: "Master"
11068: 10:34:09.821 - MaxInboundMessageSize: 512000
11068: 10:34:09.821 - MaxOutboundMessageSize: 512000
11068: 10:34:09.821 - UDP address specified as: "0.0.0.0" adding listener to each available IPv4 address
11068: 10:34:09.822 - Adding UDP listener on: 192.168.0.12: 5055 with a listen backlog of: 500
11068: 10:34:09.822 - Adding UDP listener on: 127.0.0.1: 5055 with a listen backlog of: 500
11068: 10:34:09.822 - Forcing all applications ids to: "Game"
11068: 10:34:09.822 - MaxInboundMessageSize: 512000
11068: 10:34:09.822 - MaxOutboundMessageSize: 512000
11068: 10:34:09.822 - UDP address specified as: "0.0.0.0" adding listener to each available IPv4 address
11068: 10:34:09.822 - Adding UDP listener on: 192.168.0.12: 5056 with a listen backlog of: 500
11068: 10:34:09.822 - Adding UDP listener on: 127.0.0.1: 5056 with a listen backlog of: 500
11068: 10:34:09.822 - Adding WebSocket TCP listener on: 0.0.0.0: 9090 with a listen backlog of: 150
11068: 10:34:09.822 - Nagle disabled
11068: 10:34:09.822 - TCP inactivity timeout: 10000ms
11068: 10:34:09.822 - MaxInboundMessageSize: 512000
11068: 10:34:09.822 - MaxOutboundMessageSize: 512000
11068: 10:34:09.822 - Forcing all applications ids to: "Master"
11068: 10:34:09.822 - Will accept ANY sub-protocols from the client
11068: 10:34:09.822 - No automatic WebSocket ping
11068: 10:34:09.823 - Adding WebSocket TCP listener on: 0.0.0.0: 9091 with a listen backlog of: 150
11068: 10:34:09.823 - Nagle disabled
11068: 10:34:09.823 - TCP inactivity timeout: 10000ms
11068: 10:34:09.823 - MaxInboundMessageSize: 512000
11068: 10:34:09.823 - MaxOutboundMessageSize: 512000
11068: 10:34:09.823 - Forcing all applications ids to: "Game"
11068: 10:34:09.823 - Will accept ANY sub-protocols from the client
11068: 10:34:09.823 - No automatic WebSocket ping
11068: 10:34:09.823 - Adding Policy File listener on: 0.0.0.0: 843 with a listen backlog of: 150 and serving Policy File: "C:\Users\Admin\Desktop\PhotonServer\Photon-OnPremise-Server-SDK_v4-0-29-11263\deploy\Policy\assets\socket-policy.xml"
11068: 10:34:09.824 - TCP inactivity timeout: 1000ms
11068: 10:34:09.824 - Adding Policy File listener on: 0.0.0.0: 943 with a listen backlog of: 150 and serving Policy File: "C:\Users\Admin\Desktop\PhotonServer\Photon-OnPremise-Server-SDK_v4-0-29-11263\deploy\Policy\assets\socket-policy-silverlight.xml"
11068: 10:34:09.824 - TCP inactivity timeout: 1000ms
11068: 10:34:09.867 - Service is running...
