3948: 13:11:30.706 - ---
3948: 13:11:30.706 - Service: "Photon Socket Server" starting
3948: 13:11:30.706 - Config File: C:\Users\Admin\Desktop\PhotonServer\Photon-OnPremise-Server-SDK_v4-0-29-11263\deploy\bin_Win64\PhotonServer.config
3948: 13:11:30.706 - Will produce at most: 10 crash dumps
3948: 13:11:30.706 - Existing dump file: PhotonSocketServer.exe-20200205-154020-5524-4800-1.dmp
3948: 13:11:30.706 - Existing dump file: PhotonSocketServer.exe-20200205-154021-5524-4800-2.dmp
3948: 13:11:30.706 - Existing dump file: PhotonSocketServer.exe-20200205-154324-5352-5536-1.dmp
3948: 13:11:30.706 - Existing dump file: PhotonSocketServer.exe-20200205-154324-5352-5536-2.dmp
3948: 13:11:30.706 - Max dumps to produce reduced to 6 due to 4 existing dump files
3948: 13:11:30.706 - Action: run as exe
3948: 13:11:30.706 - Server Starting...
3948: 13:11:30.706 -    Tick count: 4606515 (wraps in: 49.657 days)
3948: 13:11:30.706 - Tick count 64: 4606515
3948: 13:11:30.706 - Photon Version: 4.0.28.2962
3948: 13:11:30.706 - PID: 2020
3948: 13:11:30.706 - Config File: C:\Users\Admin\Desktop\PhotonServer\Photon-OnPremise-Server-SDK_v4-0-29-11263\deploy\bin_Win64\PhotonServer.config
3948: 13:11:30.706 - Will NOT log unimportant exceptions
3948: 13:11:30.722 - Not using performance counters as they are not currently installed. Run the service with /InstallCounters to install them.
3948: 13:11:30.722 - Shutdown timeout enabled: 30000ms
3948: 13:11:30.722 - Starting I/O thread pool with 2 threads
3948: 13:11:30.722 - Using Standard allocator
3948: 13:11:30.722 - Max message size: 512000
3948: 13:11:30.722 - Starting business logic thread pool with the following settings
3948: 13:11:30.722 - InitialThreads: 4 threads
3948: 13:11:30.722 - MinThreads: 4 threads
3948: 13:11:30.722 - Thread pool is fixed size
3948: 13:11:30.722 - Starting ENet thread pool with the following settings
3948: 13:11:30.722 - InitialThreads: 2 threads
3948: 13:11:30.722 - MinThreads: 2 threads
3948: 13:11:30.722 - Thread pool is fixed size
3948: 13:11:30.722 - OnlyDispatchTimers: False
3948: 13:11:30.722 - S2S: flow control: Max pending writes: 50
3948: 13:11:30.722 - S2S: flow control: Max queued buffers: 200
3948: 13:11:30.722 - S2S: flow control: Max pending writes MUX: 500
3948: 13:11:30.722 - S2S: flow control: Max queued buffers MUX: 2000
3948: 13:11:30.722 - S2S: MaxInboundMessageSize: 512000
3948: 13:11:30.722 - S2S: MaxOutboundMessageSize: 512000
3948: 13:11:30.722 - S2S: No inactivity timeout
3948: 13:11:30.722 - WebSocket S2S: MaxInboundMessageSize: 512000
3948: 13:11:30.722 - WebSocket S2S: MaxOutboundMessageSize: 512000
3948: 13:11:30.722 - WebSocket S2S: No inactivity timeout
3948: 13:11:30.722 - Max Reliable Data In Transit (awaiting ACKs) per peer : 51200 bytes
3948: 13:11:30.722 - Per peer bandwidth limit
3948: 13:11:30.722 - Transmit Rate Limit: 256 KB/Sec
3948: 13:11:30.722 - Limit period: 200ms
3948: 13:11:30.722 - Limit per period: 52428 bytes
3948: 13:11:30.722 - Max queued data for transmission per peer: 512000 bytes
3948: 13:11:30.722 - Minimum retransmit timeout: 200
3948: 13:11:30.722 - No Maximum retransmit timeout
3948: 13:11:30.722 - Minimum ENet timeout: 5000ms
3948: 13:11:30.722 - Maximum ENet timeout: 30000ms
3948: 13:11:30.722 - Max Inbound Reliable Data Queued (awaiting resends of earlier sequence numbers) per peer : 163840 bytes
3948: 13:11:30.722 - No RTT ACK adjustment timeout
3948: 13:11:30.722 - Outbound ENet: MaxInboundMessageSize: 512000
3948: 13:11:30.722 - Outbound ENet: MaxOutboundMessageSize: 512000
3948: 13:11:30.738 - GetRuntime - About to load CLR - versions available:
3948: 13:11:30.738 - v2.0.50727
3948: 13:11:30.738 - v4.0.30319
3948: 13:11:30.738 - Configuration requests: "v2.0.50727"
3948: 13:11:30.738 - About to load version: "v2.0.50727"
3948: 13:11:30.800 - About to load runtime: PhotonHostRuntime.PhotonDomainManager from PhotonHostRuntime, Culture=neutral, PublicKeyToken=02C301B61B060C4D
3948: 13:11:30.800 - CLRBaseDirectory set to "C:\Users\Admin\Desktop\PhotonServer\Photon-OnPremise-Server-SDK_v4-0-29-11263\deploy"
3948: 13:11:30.800 - Optimising event broadcast for 20 or more peers
3948: 13:11:30.816 - Start: About to load CLR - versions available:
3948: 13:11:30.816 - v2.0.50727
3948: 13:11:30.816 - v4.0.30319
3948: 13:11:30.816 - No preference in configuration file, will load latest.
3948: 13:11:30.816 - About to load version: "v4.0.30319"
3948: 13:11:30.816 - Loaded version: "v4.0.30319"
3948: 13:11:31.113 - Photon host runtime loaded
3948: 13:11:33.238 - LICENSE: No license file was found. Starting with Bootstrap License.
3948: 13:11:33.238 - License is valid.
3948: 13:11:33.238 - Licensed for 20 concurrent connections.
3948: 13:11:33.238 - ENet: Max Reliable Data In Transit (awaiting ACKs) per peer : 51200 bytes
3948: 13:11:33.238 - ENet: Per peer bandwidth limit
3948: 13:11:33.238 - ENet: Transmit Rate Limit: 256 KB/Sec
3948: 13:11:33.238 - ENet: Limit period: 200ms
3948: 13:11:33.238 - ENet: Limit per period: 52428 bytes
3948: 13:11:33.238 - ENet: Max queued data for transmission per peer: 512000 bytes
3948: 13:11:33.238 - ENet: Minimum retransmit timeout: 200
3948: 13:11:33.238 - No Maximum retransmit timeout
3948: 13:11:33.238 - ENet: Minimum timeout: 5000ms
3948: 13:11:33.238 - ENet: Maximum timeout: 30000ms
3948: 13:11:33.238 - ENet: Max Inbound Reliable Data Queued (awaiting resends of earlier sequence numbers) per peer : 163840 bytes
3948: 13:11:33.238 - No RTT ACK adjustment timeout
3948: 13:11:33.238 - About to load application: Master from Photon.LoadBalancing
3948: 13:11:33.238 - Auto restart is enabled for application, existing connections will be terminated during restart
3948: 13:11:33.238 - Application will restart 1000ms after the last change detected
3948: 13:11:33.238 - Application will restart if files matching the following are changed: "dll;config"
3948: 13:11:33.238 - Application will NOT restart if files matching the following are changed: "log4net.config"
3948: 13:11:33.472 - Taking reference on default app domain
3948: 13:11:33.706 - Application: "Master" started in app domain: 2
3948: 13:11:33.706 - About to load application: Game from Photon.LoadBalancing
3948: 13:11:33.706 - Auto restart is enabled for application, existing connections will be terminated during restart
3948: 13:11:33.706 - Application will restart 1000ms after the last change detected
3948: 13:11:33.706 - Application will restart if files matching the following are changed: "dll;config"
3948: 13:11:33.706 - Application will NOT restart if files matching the following are changed: "log4net.config"
3948: 13:11:33.925 - Taking reference on default app domain
3948: 13:11:34.285 - Application: "Game" started in app domain: 3
3948: 13:11:34.285 - About to load application: CounterPublisher from CounterPublisher
3948: 13:11:34.285 - Auto restart is enabled for application, existing connections will be terminated during restart
3948: 13:11:34.285 - Application will restart 1000ms after the last change detected
3948: 13:11:34.285 - Application will restart if files matching the following are changed: "dll;config"
3948: 13:11:34.285 - Application will NOT restart if files matching the following are changed: "log4net.config"
3948: 13:11:34.472 - Taking reference on default app domain
3948: 13:11:34.644 - Application: "CounterPublisher" started in app domain: 4
3948: 13:11:34.644 - Adding TCP listener on: 0.0.0.0: 4530 with a listen backlog of: 150
3948: 13:11:34.644 - TCP inactivity timeout: 10000ms
3948: 13:11:34.644 - TCP disconnect timeout: 120000ms
3948: 13:11:34.644 - MaxInboundMessageSize: 512000
3948: 13:11:34.644 - MaxOutboundMessageSize: 512000
3948: 13:11:34.644 - Forcing all applications ids to: "Master"
3948: 13:11:34.644 - Serving policy file requests from: "C:\Users\Admin\Desktop\PhotonServer\Photon-OnPremise-Server-SDK_v4-0-29-11263\deploy\Policy\assets\socket-policy.xml"
3948: 13:11:34.644 - Adding TCP listener on: 0.0.0.0: 4531 with a listen backlog of: 150
3948: 13:11:34.644 - TCP inactivity timeout: 10000ms
3948: 13:11:34.644 - TCP disconnect timeout: 120000ms
3948: 13:11:34.644 - MaxInboundMessageSize: 512000
3948: 13:11:34.644 - MaxOutboundMessageSize: 512000
3948: 13:11:34.644 - Forcing all applications ids to: "Game"
3948: 13:11:34.644 - Serving policy file requests from: "C:\Users\Admin\Desktop\PhotonServer\Photon-OnPremise-Server-SDK_v4-0-29-11263\deploy\Policy\assets\socket-policy.xml"
3948: 13:11:34.644 - Adding TCP listener on: 0.0.0.0: 4520 with a listen backlog of: 150
3948: 13:11:34.644 - TCP inactivity timeout: 5000ms
3948: 13:11:34.644 - TCP disconnect timeout: 120000ms
3948: 13:11:34.644 - MaxInboundMessageSize: 512000
3948: 13:11:34.644 - MaxOutboundMessageSize: 512000
3948: 13:11:34.644 - Forcing all applications ids to: "Master"
3948: 13:11:34.644 - MaxInboundMessageSize: 512000
3948: 13:11:34.644 - MaxOutboundMessageSize: 512000
3948: 13:11:34.644 - UDP address specified as: "0.0.0.0" adding listener to each available IPv4 address
3948: 13:11:34.644 - Adding UDP listener on: 192.168.0.19: 5055 with a listen backlog of: 500
3948: 13:11:34.644 - Adding UDP listener on: 127.0.0.1: 5055 with a listen backlog of: 500
3948: 13:11:34.644 - Forcing all applications ids to: "Game"
3948: 13:11:34.644 - MaxInboundMessageSize: 512000
3948: 13:11:34.644 - MaxOutboundMessageSize: 512000
3948: 13:11:34.644 - UDP address specified as: "0.0.0.0" adding listener to each available IPv4 address
3948: 13:11:34.644 - Adding UDP listener on: 192.168.0.19: 5056 with a listen backlog of: 500
3948: 13:11:34.644 - Adding UDP listener on: 127.0.0.1: 5056 with a listen backlog of: 500
3948: 13:11:34.644 - Adding WebSocket TCP listener on: 0.0.0.0: 9090 with a listen backlog of: 150
3948: 13:11:34.644 - Nagle disabled
3948: 13:11:34.644 - TCP inactivity timeout: 10000ms
3948: 13:11:34.644 - MaxInboundMessageSize: 512000
3948: 13:11:34.644 - MaxOutboundMessageSize: 512000
3948: 13:11:34.644 - Forcing all applications ids to: "Master"
3948: 13:11:34.644 - Will accept ANY sub-protocols from the client
3948: 13:11:34.644 - No automatic WebSocket ping
3948: 13:11:34.660 - Adding WebSocket TCP listener on: 0.0.0.0: 9091 with a listen backlog of: 150
3948: 13:11:34.660 - Nagle disabled
3948: 13:11:34.660 - TCP inactivity timeout: 10000ms
3948: 13:11:34.660 - MaxInboundMessageSize: 512000
3948: 13:11:34.660 - MaxOutboundMessageSize: 512000
3948: 13:11:34.660 - Forcing all applications ids to: "Game"
3948: 13:11:34.660 - Will accept ANY sub-protocols from the client
3948: 13:11:34.660 - No automatic WebSocket ping
3948: 13:11:34.660 - Adding Policy File listener on: 0.0.0.0: 843 with a listen backlog of: 150 and serving Policy File: "C:\Users\Admin\Desktop\PhotonServer\Photon-OnPremise-Server-SDK_v4-0-29-11263\deploy\Policy\assets\socket-policy.xml"
3948: 13:11:34.660 - TCP inactivity timeout: 1000ms
3948: 13:11:34.660 - Adding Policy File listener on: 0.0.0.0: 943 with a listen backlog of: 150 and serving Policy File: "C:\Users\Admin\Desktop\PhotonServer\Photon-OnPremise-Server-SDK_v4-0-29-11263\deploy\Policy\assets\socket-policy-silverlight.xml"
3948: 13:11:34.660 - TCP inactivity timeout: 1000ms
3948: 13:11:34.753 - Service is running...
