9620: 21:54:32.733 - ---
9620: 21:54:32.734 - Service: "Photon Socket Server" starting
9620: 21:54:32.734 - Config File: C:\Users\Admin\Desktop\PhotonServer\Photon-OnPremise-Server-SDK_v4-0-29-11263\deploy\bin_Win64\PhotonServer.config
9620: 21:54:32.736 - Will produce at most: 10 crash dumps
9620: 21:54:32.736 - Service shutting down
9620: 21:54:32.738 - Service shut down complete
9060: 22:02:40.798 - ---
9060: 22:02:40.798 - Service: "Photon Socket Server" starting
9060: 22:02:40.799 - Config File: C:\Users\Admin\Desktop\PhotonServer\Photon-OnPremise-Server-SDK_v4-0-29-11263\deploy\bin_Win64\PhotonServer.config
9060: 22:02:40.801 - Will produce at most: 10 crash dumps
9060: 22:02:40.801 - Service shutting down
9060: 22:02:40.802 - Service shut down complete
8392: 22:07:24.468 - ---
8392: 22:07:24.468 - Service: "Photon Socket Server" starting
8392: 22:07:24.468 - Config File: C:\Users\Admin\Desktop\PhotonServer\Photon-OnPremise-Server-SDK_v4-0-29-11263\deploy\bin_Win64\PhotonServer.config
8392: 22:07:24.471 - Will produce at most: 10 crash dumps
8392: 22:07:24.471 - Service shutting down
8392: 22:07:24.473 - Service shut down complete
4164: 22:09:19.132 - ---
4164: 22:09:19.132 - Service: "Photon Socket Server" starting
4164: 22:09:19.133 - Config File: C:\Users\Admin\Desktop\PhotonServer\Photon-OnPremise-Server-SDK_v4-0-29-11263\deploy\bin_Win64\PhotonServer.config
4164: 22:09:19.135 - Will produce at most: 10 crash dumps
4164: 22:09:19.135 - Service shutting down
4164: 22:09:19.136 - Service shut down complete
11052: 22:14:21.036 - ---
11052: 22:14:21.036 - Service: "Photon Socket Server" starting
11052: 22:14:21.037 - Config File: C:\Users\Admin\Desktop\PhotonServer\Photon-OnPremise-Server-SDK_v4-0-29-11263\deploy\bin_Win64\PhotonServer.config
11052: 22:14:21.038 - Will produce at most: 10 crash dumps
11052: 22:14:21.039 - Service shutting down
11052: 22:14:21.040 - Service shut down complete
2924: 23:02:11.006 - ---
2924: 23:02:11.006 - Service: "Photon Socket Server" starting
2924: 23:02:11.007 - Config File: C:\Users\Admin\Desktop\PhotonServer\Photon-OnPremise-Server-SDK_v4-0-29-11263\deploy\bin_Win64\PhotonServer.config
2924: 23:02:11.009 - Will produce at most: 10 crash dumps
2924: 23:02:11.009 - Service shutting down
2924: 23:02:11.010 - Service shut down complete
5596: 23:23:20.522 - ---
5596: 23:23:20.522 - Service: "Photon Socket Server" starting
5596: 23:23:20.522 - Config File: C:\Users\Admin\Desktop\PhotonServer\Photon-OnPremise-Server-SDK_v4-0-29-11263\deploy\bin_Win64\PhotonServer.config
5596: 23:23:20.524 - Will produce at most: 10 crash dumps
5596: 23:23:20.525 - Service shutting down
5596: 23:23:20.566 - Service shut down complete
3400: 23:26:13.925 - ---
3400: 23:26:13.925 - Service: "Photon Socket Server" starting
3400: 23:26:13.925 - Config File: C:\Users\Admin\Desktop\PhotonServer\Photon-OnPremise-Server-SDK_v4-0-29-11263\deploy\bin_Win64\PhotonServer.config
3400: 23:26:13.929 - Will produce at most: 10 crash dumps
3400: 23:26:13.929 - Service shutting down
3400: 23:26:13.931 - Service shut down complete
10200: 23:28:24.675 - ---
10200: 23:28:24.675 - Service: "Photon Socket Server" starting
10200: 23:28:24.675 - Config File: C:\Users\Admin\Desktop\PhotonServer\Photon-OnPremise-Server-SDK_v4-0-29-11263\deploy\bin_Win64\PhotonServer.config
10200: 23:28:24.678 - Will produce at most: 10 crash dumps
10200: 23:28:24.678 - Service shutting down
10200: 23:28:24.679 - Service shut down complete
