4804: 22:35:39.060 - ---
4804: 22:35:39.060 - Service: "Photon Socket Server" starting
4804: 22:35:39.060 - Config File: C:\Users\Admin\Desktop\PhotonServer\Photon-OnPremise-Server-SDK_v4-0-29-11263\deploy\bin_Win64\PhotonServer.config
4804: 22:35:39.063 - Will produce at most: 10 crash dumps
4804: 22:35:39.063 - Service shutting down
4804: 22:35:39.064 - Service shut down complete
8336: 22:40:23.161 - ---
8336: 22:40:23.161 - Service: "Photon Socket Server" starting
8336: 22:40:23.162 - Config File: C:\Users\Admin\Desktop\PhotonServer\Photon-OnPremise-Server-SDK_v4-0-29-11263\deploy\bin_Win64\PhotonServer.config
8336: 22:40:23.164 - Will produce at most: 10 crash dumps
8336: 22:40:23.164 - Service shutting down
8336: 22:40:23.166 - Service shut down complete
10548: 23:43:24.669 - ---
10548: 23:43:24.669 - Service: "Photon Socket Server" starting
10548: 23:43:24.669 - Config File: C:\Users\Admin\Desktop\PhotonServer\Photon-OnPremise-Server-SDK_v4-0-29-11263\deploy\bin_Win64\PhotonServer.config
10548: 23:43:24.671 - Will produce at most: 10 crash dumps
10548: 23:43:24.672 - Service shutting down
10548: 23:43:24.674 - Service shut down complete
10664: 23:48:49.900 - ---
10664: 23:48:49.901 - Service: "Photon Socket Server" starting
10664: 23:48:49.901 - Config File: C:\Users\Admin\Desktop\PhotonServer\Photon-OnPremise-Server-SDK_v4-0-29-11263\deploy\bin_Win64\PhotonServer.config
10664: 23:48:49.904 - Will produce at most: 10 crash dumps
10664: 23:48:49.904 - Service shutting down
10664: 23:48:49.907 - Service shut down complete
10516: 23:54:54.849 - ---
10516: 23:54:54.849 - Service: "Photon Socket Server" starting
10516: 23:54:54.849 - Config File: C:\Users\Admin\Desktop\PhotonServer\Photon-OnPremise-Server-SDK_v4-0-29-11263\deploy\bin_Win64\PhotonServer.config
10516: 23:54:54.852 - Will produce at most: 10 crash dumps
10516: 23:54:54.852 - Service shutting down
10516: 23:54:54.853 - Service shut down complete
8800: 23:57:56.070 - ---
8800: 23:57:56.071 - Service: "Photon Socket Server" starting
8800: 23:57:56.071 - Config File: C:\Users\Admin\Desktop\PhotonServer\Photon-OnPremise-Server-SDK_v4-0-29-11263\deploy\bin_Win64\PhotonServer.config
8800: 23:57:56.073 - Will produce at most: 10 crash dumps
8800: 23:57:56.074 - Service shutting down
8800: 23:57:56.076 - Service shut down complete
