2572: 16:40:15.298 - ---
2572: 16:40:15.298 - Service: "Photon Socket Server" starting
2572: 16:40:15.298 - Config File: C:\Users\Admin\Documents\MineSweepersServer\Photon-OnPremise-Server-SDK_v4-0-29-11263\deploy\bin_Win64\PhotonServer.config
2572: 16:40:15.299 - Will produce at most: 10 crash dumps
2572: 16:40:15.299 - Existing dump file: PhotonSocketServer.exe-20200205-154020-5524-4800-1.dmp
2572: 16:40:15.299 - Existing dump file: PhotonSocketServer.exe-20200205-154021-5524-4800-2.dmp
2572: 16:40:15.299 - Existing dump file: PhotonSocketServer.exe-20200205-154324-5352-5536-1.dmp
2572: 16:40:15.299 - Existing dump file: PhotonSocketServer.exe-20200205-154324-5352-5536-2.dmp
2572: 16:40:15.299 - Max dumps to produce reduced to 6 due to 4 existing dump files
2572: 16:40:15.299 - Action: run as exe
2572: 16:40:15.300 - Server Starting...
2572: 16:40:15.300 -    Tick count: 889879359 (wraps in: 39.4107 days)
2572: 16:40:15.300 - Tick count 64: 889879359
2572: 16:40:15.300 - Photon Version: 4.0.28.2962
2572: 16:40:15.300 - PID: 4524
2572: 16:40:15.301 - Config File: C:\Users\Admin\Documents\MineSweepersServer\Photon-OnPremise-Server-SDK_v4-0-29-11263\deploy\bin_Win64\PhotonServer.config
2572: 16:40:15.301 - Will NOT log unimportant exceptions
2572: 16:40:15.305 - Not using performance counters as they are not currently installed. Run the service with /InstallCounters to install them.
2572: 16:40:15.305 - Shutdown timeout enabled: 30000ms
2572: 16:40:15.306 - Starting I/O thread pool with 2 threads
2572: 16:40:15.306 - Using Standard allocator
2572: 16:40:15.306 - Max message size: 512000
2572: 16:40:15.307 - Starting business logic thread pool with the following settings
2572: 16:40:15.307 - InitialThreads: 4 threads
2572: 16:40:15.307 - MinThreads: 4 threads
2572: 16:40:15.307 - Thread pool is fixed size
2572: 16:40:15.307 - Starting ENet thread pool with the following settings
2572: 16:40:15.307 - InitialThreads: 2 threads
2572: 16:40:15.307 - MinThreads: 2 threads
2572: 16:40:15.307 - Thread pool is fixed size
2572: 16:40:15.307 - OnlyDispatchTimers: False
2572: 16:40:15.307 - S2S: flow control: Max pending writes: 50
2572: 16:40:15.307 - S2S: flow control: Max queued buffers: 200
2572: 16:40:15.307 - S2S: flow control: Max pending writes MUX: 500
2572: 16:40:15.307 - S2S: flow control: Max queued buffers MUX: 2000
2572: 16:40:15.307 - S2S: MaxInboundMessageSize: 512000
2572: 16:40:15.307 - S2S: MaxOutboundMessageSize: 512000
2572: 16:40:15.307 - S2S: No inactivity timeout
2572: 16:40:15.310 - WebSocket S2S: MaxInboundMessageSize: 512000
2572: 16:40:15.310 - WebSocket S2S: MaxOutboundMessageSize: 512000
2572: 16:40:15.310 - WebSocket S2S: No inactivity timeout
2572: 16:40:15.310 - Max Reliable Data In Transit (awaiting ACKs) per peer : 51200 bytes
2572: 16:40:15.311 - Per peer bandwidth limit
2572: 16:40:15.311 - Transmit Rate Limit: 256 KB/Sec
2572: 16:40:15.311 - Limit period: 200ms
2572: 16:40:15.311 - Limit per period: 52428 bytes
2572: 16:40:15.311 - Max queued data for transmission per peer: 512000 bytes
2572: 16:40:15.311 - Minimum retransmit timeout: 200
2572: 16:40:15.311 - No Maximum retransmit timeout
2572: 16:40:15.311 - Minimum ENet timeout: 5000ms
2572: 16:40:15.311 - Maximum ENet timeout: 30000ms
2572: 16:40:15.311 - Max Inbound Reliable Data Queued (awaiting resends of earlier sequence numbers) per peer : 163840 bytes
2572: 16:40:15.311 - No RTT ACK adjustment timeout
2572: 16:40:15.311 - Outbound ENet: MaxInboundMessageSize: 512000
2572: 16:40:15.311 - Outbound ENet: MaxOutboundMessageSize: 512000
2572: 16:40:15.316 - GetRuntime - About to load CLR - versions available:
2572: 16:40:15.316 - v2.0.50727
2572: 16:40:15.316 - v4.0.30319
2572: 16:40:15.316 - Configuration requests: "v2.0.50727"
2572: 16:40:15.316 - About to load version: "v2.0.50727"
2572: 16:40:15.343 - About to load runtime: PhotonHostRuntime.PhotonDomainManager from PhotonHostRuntime, Culture=neutral, PublicKeyToken=02C301B61B060C4D
2572: 16:40:15.343 - CLRBaseDirectory set to "C:\Users\Admin\Documents\MineSweepersServer\Photon-OnPremise-Server-SDK_v4-0-29-11263\deploy"
2572: 16:40:15.343 - Optimising event broadcast for 20 or more peers
2572: 16:40:15.344 - Start: About to load CLR - versions available:
2572: 16:40:15.344 - v2.0.50727
2572: 16:40:15.344 - v4.0.30319
2572: 16:40:15.344 - No preference in configuration file, will load latest.
2572: 16:40:15.344 - About to load version: "v4.0.30319"
2572: 16:40:15.346 - Loaded version: "v4.0.30319"
2572: 16:40:15.512 - Photon host runtime loaded
2572: 16:40:17.008 - LICENSE: No license file was found. Starting with Bootstrap License.
2572: 16:40:17.009 - License is valid.
2572: 16:40:17.009 - Licensed for 20 concurrent connections.
2572: 16:40:17.009 - ENet: Max Reliable Data In Transit (awaiting ACKs) per peer : 51200 bytes
2572: 16:40:17.009 - ENet: Per peer bandwidth limit
2572: 16:40:17.009 - ENet: Transmit Rate Limit: 256 KB/Sec
2572: 16:40:17.009 - ENet: Limit period: 200ms
2572: 16:40:17.009 - ENet: Limit per period: 52428 bytes
2572: 16:40:17.009 - ENet: Max queued data for transmission per peer: 512000 bytes
2572: 16:40:17.009 - ENet: Minimum retransmit timeout: 200
2572: 16:40:17.009 - No Maximum retransmit timeout
2572: 16:40:17.009 - ENet: Minimum timeout: 5000ms
2572: 16:40:17.009 - ENet: Maximum timeout: 30000ms
2572: 16:40:17.009 - ENet: Max Inbound Reliable Data Queued (awaiting resends of earlier sequence numbers) per peer : 163840 bytes
2572: 16:40:17.009 - No RTT ACK adjustment timeout
2572: 16:40:17.009 - About to load application: Master from Photon.LoadBalancing
2572: 16:40:17.009 - Auto restart is enabled for application, existing connections will be terminated during restart
2572: 16:40:17.009 - Application will restart 1000ms after the last change detected
2572: 16:40:17.009 - Application will restart if files matching the following are changed: "dll;config"
2572: 16:40:17.009 - Application will NOT restart if files matching the following are changed: "log4net.config"
2572: 16:40:17.108 - Taking reference on default app domain
2572: 16:40:17.171 - Application: "Master" started in app domain: 2
2572: 16:40:17.171 - About to load application: Game from Photon.LoadBalancing
2572: 16:40:17.171 - Auto restart is enabled for application, existing connections will be terminated during restart
2572: 16:40:17.171 - Application will restart 1000ms after the last change detected
2572: 16:40:17.171 - Application will restart if files matching the following are changed: "dll;config"
2572: 16:40:17.171 - Application will NOT restart if files matching the following are changed: "log4net.config"
2572: 16:40:17.240 - Taking reference on default app domain
2572: 16:40:17.338 - Application: "Game" started in app domain: 3
2572: 16:40:17.338 - About to load application: CounterPublisher from CounterPublisher
2572: 16:40:17.338 - Auto restart is enabled for application, existing connections will be terminated during restart
2572: 16:40:17.338 - Application will restart 1000ms after the last change detected
2572: 16:40:17.338 - Application will restart if files matching the following are changed: "dll;config"
2572: 16:40:17.338 - Application will NOT restart if files matching the following are changed: "log4net.config"
2572: 16:40:17.401 - Taking reference on default app domain
2572: 16:40:17.441 - Application: "CounterPublisher" started in app domain: 4
2572: 16:40:17.442 - Adding TCP listener on: 0.0.0.0: 4530 with a listen backlog of: 150
2572: 16:40:17.442 - TCP inactivity timeout: 10000ms
2572: 16:40:17.442 - TCP disconnect timeout: 120000ms
2572: 16:40:17.442 - MaxInboundMessageSize: 512000
2572: 16:40:17.442 - MaxOutboundMessageSize: 512000
2572: 16:40:17.442 - Forcing all applications ids to: "Master"
2572: 16:40:17.442 - Serving policy file requests from: "C:\Users\Admin\Documents\MineSweepersServer\Photon-OnPremise-Server-SDK_v4-0-29-11263\deploy\Policy\assets\socket-policy.xml"
2572: 16:40:17.442 - Adding TCP listener on: 0.0.0.0: 4531 with a listen backlog of: 150
2572: 16:40:17.442 - TCP inactivity timeout: 10000ms
2572: 16:40:17.442 - TCP disconnect timeout: 120000ms
2572: 16:40:17.442 - MaxInboundMessageSize: 512000
2572: 16:40:17.442 - MaxOutboundMessageSize: 512000
2572: 16:40:17.442 - Forcing all applications ids to: "Game"
2572: 16:40:17.442 - Serving policy file requests from: "C:\Users\Admin\Documents\MineSweepersServer\Photon-OnPremise-Server-SDK_v4-0-29-11263\deploy\Policy\assets\socket-policy.xml"
2572: 16:40:17.442 - Adding TCP listener on: 0.0.0.0: 4520 with a listen backlog of: 150
2572: 16:40:17.442 - TCP inactivity timeout: 5000ms
2572: 16:40:17.442 - TCP disconnect timeout: 120000ms
2572: 16:40:17.442 - MaxInboundMessageSize: 512000
2572: 16:40:17.442 - MaxOutboundMessageSize: 512000
2572: 16:40:17.442 - Forcing all applications ids to: "Master"
2572: 16:40:17.442 - MaxInboundMessageSize: 512000
2572: 16:40:17.442 - MaxOutboundMessageSize: 512000
2572: 16:40:17.442 - UDP address specified as: "0.0.0.0" adding listener to each available IPv4 address
2572: 16:40:17.443 - Adding UDP listener on: 192.168.0.12: 5055 with a listen backlog of: 500
2572: 16:40:17.443 - Adding UDP listener on: 127.0.0.1: 5055 with a listen backlog of: 500
2572: 16:40:17.443 - Forcing all applications ids to: "Game"
2572: 16:40:17.443 - MaxInboundMessageSize: 512000
2572: 16:40:17.443 - MaxOutboundMessageSize: 512000
2572: 16:40:17.443 - UDP address specified as: "0.0.0.0" adding listener to each available IPv4 address
2572: 16:40:17.443 - Adding UDP listener on: 192.168.0.12: 5056 with a listen backlog of: 500
2572: 16:40:17.443 - Adding UDP listener on: 127.0.0.1: 5056 with a listen backlog of: 500
2572: 16:40:17.443 - Adding WebSocket TCP listener on: 0.0.0.0: 9090 with a listen backlog of: 150
2572: 16:40:17.443 - Nagle disabled
2572: 16:40:17.443 - TCP inactivity timeout: 10000ms
2572: 16:40:17.443 - MaxInboundMessageSize: 512000
2572: 16:40:17.443 - MaxOutboundMessageSize: 512000
2572: 16:40:17.443 - Forcing all applications ids to: "Master"
2572: 16:40:17.443 - Will accept ANY sub-protocols from the client
2572: 16:40:17.443 - No automatic WebSocket ping
2572: 16:40:17.444 - Adding WebSocket TCP listener on: 0.0.0.0: 9091 with a listen backlog of: 150
2572: 16:40:17.444 - Nagle disabled
2572: 16:40:17.444 - TCP inactivity timeout: 10000ms
2572: 16:40:17.444 - MaxInboundMessageSize: 512000
2572: 16:40:17.444 - MaxOutboundMessageSize: 512000
2572: 16:40:17.444 - Forcing all applications ids to: "Game"
2572: 16:40:17.444 - Will accept ANY sub-protocols from the client
2572: 16:40:17.444 - No automatic WebSocket ping
2572: 16:40:17.444 - Adding Policy File listener on: 0.0.0.0: 843 with a listen backlog of: 150 and serving Policy File: "C:\Users\Admin\Documents\MineSweepersServer\Photon-OnPremise-Server-SDK_v4-0-29-11263\deploy\Policy\assets\socket-policy.xml"
2572: 16:40:17.444 - TCP inactivity timeout: 1000ms
2572: 16:40:17.444 - Adding Policy File listener on: 0.0.0.0: 943 with a listen backlog of: 150 and serving Policy File: "C:\Users\Admin\Documents\MineSweepersServer\Photon-OnPremise-Server-SDK_v4-0-29-11263\deploy\Policy\assets\socket-policy-silverlight.xml"
2572: 16:40:17.444 - TCP inactivity timeout: 1000ms
2572: 16:40:17.488 - Service is running...
