5044: 18:41:18.800 - ---
5044: 18:41:18.800 - Service: "Photon Socket Server" starting
5044: 18:41:18.800 - Config File: C:\Users\Admin\Desktop\PhotonServer\Photon-OnPremise-Server-SDK_v4-0-29-11263\deploy\bin_Win64\PhotonServer.config
5044: 18:41:18.805 - Will produce at most: 10 crash dumps
5044: 18:41:18.806 - Service shutting down
5044: 18:41:18.818 - Service shut down complete
7628: 18:58:08.905 - ---
7628: 18:58:08.905 - Service: "Photon Socket Server" starting
7628: 18:58:08.906 - Config File: C:\Users\Admin\Desktop\PhotonServer\Photon-OnPremise-Server-SDK_v4-0-29-11263\deploy\bin_Win64\PhotonServer.config
7628: 18:58:08.908 - Will produce at most: 10 crash dumps
7628: 18:58:08.908 - Service shutting down
7628: 18:58:08.912 - Service shut down complete
6596: 19:11:47.337 - ---
6596: 19:11:47.337 - Service: "Photon Socket Server" starting
6596: 19:11:47.337 - Config File: C:\Users\Admin\Desktop\PhotonServer\Photon-OnPremise-Server-SDK_v4-0-29-11263\deploy\bin_Win64\PhotonServer.config
6596: 19:11:47.340 - Will produce at most: 10 crash dumps
6596: 19:11:47.340 - Service shutting down
6596: 19:11:47.371 - Service shut down complete
2508: 19:22:18.481 - ---
2508: 19:22:18.481 - Service: "Photon Socket Server" starting
2508: 19:22:18.481 - Config File: C:\Users\Admin\Desktop\PhotonServer\Photon-OnPremise-Server-SDK_v4-0-29-11263\deploy\bin_Win64\PhotonServer.config
2508: 19:22:18.483 - Will produce at most: 10 crash dumps
2508: 19:22:18.483 - Service shutting down
2508: 19:22:18.484 - Service shut down complete
8648: 19:25:45.604 - ---
8648: 19:25:45.604 - Service: "Photon Socket Server" starting
8648: 19:25:45.604 - Config File: C:\Users\Admin\Desktop\PhotonServer\Photon-OnPremise-Server-SDK_v4-0-29-11263\deploy\bin_Win64\PhotonServer.config
8648: 19:25:45.607 - Will produce at most: 10 crash dumps
8648: 19:25:45.607 - Service shutting down
8648: 19:25:45.609 - Service shut down complete
4048: 19:27:25.641 - ---
4048: 19:27:25.641 - Service: "Photon Socket Server" starting
4048: 19:27:25.642 - Config File: C:\Users\Admin\Desktop\PhotonServer\Photon-OnPremise-Server-SDK_v4-0-29-11263\deploy\bin_Win64\PhotonServer.config
4048: 19:27:25.644 - Will produce at most: 10 crash dumps
4048: 19:27:25.644 - Service shutting down
4048: 19:27:25.645 - Service shut down complete
5044: 19:29:29.346 - ---
5044: 19:29:29.346 - Service: "Photon Socket Server" starting
5044: 19:29:29.347 - Config File: C:\Users\Admin\Desktop\PhotonServer\Photon-OnPremise-Server-SDK_v4-0-29-11263\deploy\bin_Win64\PhotonServer.config
5044: 19:29:29.349 - Will produce at most: 10 crash dumps
5044: 19:29:29.349 - Service shutting down
5044: 19:29:29.351 - Service shut down complete
6952: 19:33:59.422 - ---
6952: 19:33:59.422 - Service: "Photon Socket Server" starting
6952: 19:33:59.423 - Config File: C:\Users\Admin\Desktop\PhotonServer\Photon-OnPremise-Server-SDK_v4-0-29-11263\deploy\bin_Win64\PhotonServer.config
6952: 19:33:59.427 - Will produce at most: 10 crash dumps
6952: 19:33:59.427 - Service shutting down
6952: 19:33:59.428 - Service shut down complete
4608: 19:35:53.494 - ---
4608: 19:35:53.494 - Service: "Photon Socket Server" starting
4608: 19:35:53.494 - Config File: C:\Users\Admin\Desktop\PhotonServer\Photon-OnPremise-Server-SDK_v4-0-29-11263\deploy\bin_Win64\PhotonServer.config
4608: 19:35:53.497 - Will produce at most: 10 crash dumps
4608: 19:35:53.497 - Service shutting down
4608: 19:35:53.498 - Service shut down complete
8460: 19:36:01.795 - ---
8460: 19:36:01.795 - Service: "Photon Socket Server" starting
8460: 19:36:01.795 - Config File: C:\Users\Admin\Desktop\PhotonServer\Photon-OnPremise-Server-SDK_v4-0-29-11263\deploy\bin_Win64\PhotonServer.config
8460: 19:36:01.797 - Will produce at most: 10 crash dumps
8460: 19:36:01.797 - Service shutting down
8460: 19:36:01.799 - Service shut down complete
5036: 19:38:44.491 - ---
5036: 19:38:44.491 - Service: "Photon Socket Server" starting
5036: 19:38:44.492 - Config File: C:\Users\Admin\Desktop\PhotonServer\Photon-OnPremise-Server-SDK_v4-0-29-11263\deploy\bin_Win64\PhotonServer.config
5036: 19:38:44.493 - Will produce at most: 10 crash dumps
5036: 19:38:44.494 - Service shutting down
5036: 19:38:44.495 - Service shut down complete
8592: 19:38:49.436 - ---
8592: 19:38:49.436 - Service: "Photon Socket Server" starting
8592: 19:38:49.437 - Config File: C:\Users\Admin\Desktop\PhotonServer\Photon-OnPremise-Server-SDK_v4-0-29-11263\deploy\bin_Win64\PhotonServer.config
8592: 19:38:49.439 - Will produce at most: 10 crash dumps
8592: 19:38:49.439 - Service shutting down
8592: 19:38:49.440 - Service shut down complete
2084: 19:40:01.073 - ---
2084: 19:40:01.074 - Service: "Photon Socket Server" starting
2084: 19:40:01.074 - Config File: C:\Users\Admin\Desktop\PhotonServer\Photon-OnPremise-Server-SDK_v4-0-29-11263\deploy\bin_Win64\PhotonServer.config
2084: 19:40:01.076 - Will produce at most: 10 crash dumps
2084: 19:40:01.077 - Service shutting down
2084: 19:40:01.078 - Service shut down complete
5044: 19:45:50.289 - ---
5044: 19:45:50.289 - Service: "Photon Socket Server" starting
5044: 19:45:50.289 - Config File: C:\Users\Admin\Desktop\PhotonServer\Photon-OnPremise-Server-SDK_v4-0-29-11263\deploy\bin_Win64\PhotonServer.config
5044: 19:45:50.291 - Will produce at most: 10 crash dumps
5044: 19:45:50.291 - Service shutting down
5044: 19:45:50.293 - Service shut down complete
9784: 19:47:18.419 - ---
9784: 19:47:18.419 - Service: "Photon Socket Server" starting
9784: 19:47:18.419 - Config File: C:\Users\Admin\Desktop\PhotonServer\Photon-OnPremise-Server-SDK_v4-0-29-11263\deploy\bin_Win64\PhotonServer.config
9784: 19:47:18.423 - Will produce at most: 10 crash dumps
9784: 19:47:18.423 - Service shutting down
9784: 19:47:18.424 - Service shut down complete
10028: 19:50:50.384 - ---
10028: 19:50:50.384 - Service: "Photon Socket Server" starting
10028: 19:50:50.384 - Config File: C:\Users\Admin\Desktop\PhotonServer\Photon-OnPremise-Server-SDK_v4-0-29-11263\deploy\bin_Win64\PhotonServer.config
10028: 19:50:50.386 - Will produce at most: 10 crash dumps
10028: 19:50:50.386 - Service shutting down
10028: 19:50:50.387 - Service shut down complete
