10152: 16:07:04.478 - ---
10152: 16:07:04.478 - Service: "Photon Socket Server" starting
10152: 16:07:04.478 - Config File: C:\Users\Admin\Documents\MineSweepersServer\Photon-OnPremise-Server-SDK_v4-0-29-11263\deploy\bin_Win64\PhotonServer.config
10152: 16:07:04.480 - Will produce at most: 10 crash dumps
10152: 16:07:04.480 - Existing dump file: PhotonSocketServer.exe-20200205-154020-5524-4800-1.dmp
10152: 16:07:04.480 - Existing dump file: PhotonSocketServer.exe-20200205-154021-5524-4800-2.dmp
10152: 16:07:04.480 - Existing dump file: PhotonSocketServer.exe-20200205-154324-5352-5536-1.dmp
10152: 16:07:04.480 - Existing dump file: PhotonSocketServer.exe-20200205-154324-5352-5536-2.dmp
10152: 16:07:04.480 - Max dumps to produce reduced to 6 due to 4 existing dump files
10152: 16:07:04.480 - Action: run as exe
10152: 16:07:04.481 - Server Starting...
10152: 16:07:04.481 -    Tick count: 1216691312 (wraps in: 35.6282 days)
10152: 16:07:04.481 - Tick count 64: 1216691312
10152: 16:07:04.481 - Photon Version: 4.0.28.2962
10152: 16:07:04.481 - PID: 8952
10152: 16:07:04.481 - Config File: C:\Users\Admin\Documents\MineSweepersServer\Photon-OnPremise-Server-SDK_v4-0-29-11263\deploy\bin_Win64\PhotonServer.config
10152: 16:07:04.481 - Will NOT log unimportant exceptions
10152: 16:07:04.485 - Not using performance counters as they are not currently installed. Run the service with /InstallCounters to install them.
10152: 16:07:04.485 - Shutdown timeout enabled: 30000ms
10152: 16:07:04.486 - Starting I/O thread pool with 2 threads
10152: 16:07:04.486 - Using Standard allocator
10152: 16:07:04.486 - Max message size: 512000
10152: 16:07:04.486 - Starting business logic thread pool with the following settings
10152: 16:07:04.486 - InitialThreads: 4 threads
10152: 16:07:04.486 - MinThreads: 4 threads
10152: 16:07:04.486 - Thread pool is fixed size
10152: 16:07:04.487 - Starting ENet thread pool with the following settings
10152: 16:07:04.487 - InitialThreads: 2 threads
10152: 16:07:04.487 - MinThreads: 2 threads
10152: 16:07:04.487 - Thread pool is fixed size
10152: 16:07:04.487 - OnlyDispatchTimers: False
10152: 16:07:04.487 - S2S: flow control: Max pending writes: 50
10152: 16:07:04.487 - S2S: flow control: Max queued buffers: 200
10152: 16:07:04.487 - S2S: flow control: Max pending writes MUX: 500
10152: 16:07:04.487 - S2S: flow control: Max queued buffers MUX: 2000
10152: 16:07:04.487 - S2S: MaxInboundMessageSize: 512000
10152: 16:07:04.487 - S2S: MaxOutboundMessageSize: 512000
10152: 16:07:04.487 - S2S: No inactivity timeout
10152: 16:07:04.489 - WebSocket S2S: MaxInboundMessageSize: 512000
10152: 16:07:04.489 - WebSocket S2S: MaxOutboundMessageSize: 512000
10152: 16:07:04.489 - WebSocket S2S: No inactivity timeout
10152: 16:07:04.490 - Max Reliable Data In Transit (awaiting ACKs) per peer : 51200 bytes
10152: 16:07:04.490 - Per peer bandwidth limit
10152: 16:07:04.490 - Transmit Rate Limit: 256 KB/Sec
10152: 16:07:04.490 - Limit period: 200ms
10152: 16:07:04.490 - Limit per period: 52428 bytes
10152: 16:07:04.490 - Max queued data for transmission per peer: 512000 bytes
10152: 16:07:04.490 - Minimum retransmit timeout: 200
10152: 16:07:04.490 - No Maximum retransmit timeout
10152: 16:07:04.490 - Minimum ENet timeout: 5000ms
10152: 16:07:04.490 - Maximum ENet timeout: 30000ms
10152: 16:07:04.490 - Max Inbound Reliable Data Queued (awaiting resends of earlier sequence numbers) per peer : 163840 bytes
10152: 16:07:04.490 - No RTT ACK adjustment timeout
10152: 16:07:04.490 - Outbound ENet: MaxInboundMessageSize: 512000
10152: 16:07:04.490 - Outbound ENet: MaxOutboundMessageSize: 512000
10152: 16:07:04.494 - GetRuntime - About to load CLR - versions available:
10152: 16:07:04.494 - v2.0.50727
10152: 16:07:04.494 - v4.0.30319
10152: 16:07:04.494 - Configuration requests: "v2.0.50727"
10152: 16:07:04.494 - About to load version: "v2.0.50727"
10152: 16:07:04.504 - About to load runtime: PhotonHostRuntime.PhotonDomainManager from PhotonHostRuntime, Culture=neutral, PublicKeyToken=02C301B61B060C4D
10152: 16:07:04.504 - CLRBaseDirectory set to "C:\Users\Admin\Documents\MineSweepersServer\Photon-OnPremise-Server-SDK_v4-0-29-11263\deploy"
10152: 16:07:04.504 - Optimising event broadcast for 20 or more peers
10152: 16:07:04.505 - Start: About to load CLR - versions available:
10152: 16:07:04.505 - v2.0.50727
10152: 16:07:04.505 - v4.0.30319
10152: 16:07:04.505 - No preference in configuration file, will load latest.
10152: 16:07:04.505 - About to load version: "v4.0.30319"
10152: 16:07:04.506 - Loaded version: "v4.0.30319"
10152: 16:07:04.660 - Photon host runtime loaded
10152: 16:07:06.129 - LICENSE: No license file was found. Starting with Bootstrap License.
10152: 16:07:06.129 - License is valid.
10152: 16:07:06.129 - Licensed for 20 concurrent connections.
10152: 16:07:06.129 - ENet: Max Reliable Data In Transit (awaiting ACKs) per peer : 51200 bytes
10152: 16:07:06.129 - ENet: Per peer bandwidth limit
10152: 16:07:06.129 - ENet: Transmit Rate Limit: 256 KB/Sec
10152: 16:07:06.129 - ENet: Limit period: 200ms
10152: 16:07:06.129 - ENet: Limit per period: 52428 bytes
10152: 16:07:06.129 - ENet: Max queued data for transmission per peer: 512000 bytes
10152: 16:07:06.129 - ENet: Minimum retransmit timeout: 200
10152: 16:07:06.129 - No Maximum retransmit timeout
10152: 16:07:06.129 - ENet: Minimum timeout: 5000ms
10152: 16:07:06.129 - ENet: Maximum timeout: 30000ms
10152: 16:07:06.129 - ENet: Max Inbound Reliable Data Queued (awaiting resends of earlier sequence numbers) per peer : 163840 bytes
10152: 16:07:06.129 - No RTT ACK adjustment timeout
10152: 16:07:06.130 - About to load application: Master from Photon.LoadBalancing
10152: 16:07:06.130 - Auto restart is enabled for application, existing connections will be terminated during restart
10152: 16:07:06.130 - Application will restart 1000ms after the last change detected
10152: 16:07:06.130 - Application will restart if files matching the following are changed: "dll;config"
10152: 16:07:06.130 - Application will NOT restart if files matching the following are changed: "log4net.config"
10152: 16:07:06.219 - Taking reference on default app domain
10152: 16:07:06.280 - Application: "Master" started in app domain: 2
10152: 16:07:06.280 - About to load application: Game from Photon.LoadBalancing
10152: 16:07:06.280 - Auto restart is enabled for application, existing connections will be terminated during restart
10152: 16:07:06.280 - Application will restart 1000ms after the last change detected
10152: 16:07:06.280 - Application will restart if files matching the following are changed: "dll;config"
10152: 16:07:06.280 - Application will NOT restart if files matching the following are changed: "log4net.config"
10152: 16:07:06.339 - Taking reference on default app domain
10152: 16:07:06.427 - Application: "Game" started in app domain: 3
10152: 16:07:06.427 - About to load application: CounterPublisher from CounterPublisher
10152: 16:07:06.427 - Auto restart is enabled for application, existing connections will be terminated during restart
10152: 16:07:06.427 - Application will restart 1000ms after the last change detected
10152: 16:07:06.427 - Application will restart if files matching the following are changed: "dll;config"
10152: 16:07:06.427 - Application will NOT restart if files matching the following are changed: "log4net.config"
10152: 16:07:06.485 - Taking reference on default app domain
10152: 16:07:06.523 - Application: "CounterPublisher" started in app domain: 4
10152: 16:07:06.523 - Adding TCP listener on: 0.0.0.0: 4530 with a listen backlog of: 150
10152: 16:07:06.523 - TCP inactivity timeout: 10000ms
10152: 16:07:06.523 - TCP disconnect timeout: 120000ms
10152: 16:07:06.523 - MaxInboundMessageSize: 512000
10152: 16:07:06.523 - MaxOutboundMessageSize: 512000
10152: 16:07:06.523 - Forcing all applications ids to: "Master"
10152: 16:07:06.523 - Serving policy file requests from: "C:\Users\Admin\Documents\MineSweepersServer\Photon-OnPremise-Server-SDK_v4-0-29-11263\deploy\Policy\assets\socket-policy.xml"
10152: 16:07:06.524 - Adding TCP listener on: 0.0.0.0: 4531 with a listen backlog of: 150
10152: 16:07:06.524 - TCP inactivity timeout: 10000ms
10152: 16:07:06.524 - TCP disconnect timeout: 120000ms
10152: 16:07:06.524 - MaxInboundMessageSize: 512000
10152: 16:07:06.524 - MaxOutboundMessageSize: 512000
10152: 16:07:06.524 - Forcing all applications ids to: "Game"
10152: 16:07:06.524 - Serving policy file requests from: "C:\Users\Admin\Documents\MineSweepersServer\Photon-OnPremise-Server-SDK_v4-0-29-11263\deploy\Policy\assets\socket-policy.xml"
10152: 16:07:06.524 - Adding TCP listener on: 0.0.0.0: 4520 with a listen backlog of: 150
10152: 16:07:06.524 - TCP inactivity timeout: 5000ms
10152: 16:07:06.524 - TCP disconnect timeout: 120000ms
10152: 16:07:06.524 - MaxInboundMessageSize: 512000
10152: 16:07:06.524 - MaxOutboundMessageSize: 512000
10152: 16:07:06.524 - Forcing all applications ids to: "Master"
10152: 16:07:06.524 - MaxInboundMessageSize: 512000
10152: 16:07:06.524 - MaxOutboundMessageSize: 512000
10152: 16:07:06.524 - UDP address specified as: "0.0.0.0" adding listener to each available IPv4 address
10152: 16:07:06.524 - Adding UDP listener on: 192.168.0.12: 5055 with a listen backlog of: 500
10152: 16:07:06.524 - Adding UDP listener on: 127.0.0.1: 5055 with a listen backlog of: 500
10152: 16:07:06.524 - Forcing all applications ids to: "Game"
10152: 16:07:06.524 - MaxInboundMessageSize: 512000
10152: 16:07:06.524 - MaxOutboundMessageSize: 512000
10152: 16:07:06.524 - UDP address specified as: "0.0.0.0" adding listener to each available IPv4 address
10152: 16:07:06.524 - Adding UDP listener on: 192.168.0.12: 5056 with a listen backlog of: 500
10152: 16:07:06.525 - Adding UDP listener on: 127.0.0.1: 5056 with a listen backlog of: 500
10152: 16:07:06.525 - Adding WebSocket TCP listener on: 0.0.0.0: 9090 with a listen backlog of: 150
10152: 16:07:06.525 - Nagle disabled
10152: 16:07:06.525 - TCP inactivity timeout: 10000ms
10152: 16:07:06.525 - MaxInboundMessageSize: 512000
10152: 16:07:06.525 - MaxOutboundMessageSize: 512000
10152: 16:07:06.525 - Forcing all applications ids to: "Master"
10152: 16:07:06.525 - Will accept ANY sub-protocols from the client
10152: 16:07:06.525 - No automatic WebSocket ping
10152: 16:07:06.525 - Adding WebSocket TCP listener on: 0.0.0.0: 9091 with a listen backlog of: 150
10152: 16:07:06.525 - Nagle disabled
10152: 16:07:06.525 - TCP inactivity timeout: 10000ms
10152: 16:07:06.525 - MaxInboundMessageSize: 512000
10152: 16:07:06.525 - MaxOutboundMessageSize: 512000
10152: 16:07:06.525 - Forcing all applications ids to: "Game"
10152: 16:07:06.525 - Will accept ANY sub-protocols from the client
10152: 16:07:06.525 - No automatic WebSocket ping
10152: 16:07:06.525 - Adding Policy File listener on: 0.0.0.0: 843 with a listen backlog of: 150 and serving Policy File: "C:\Users\Admin\Documents\MineSweepersServer\Photon-OnPremise-Server-SDK_v4-0-29-11263\deploy\Policy\assets\socket-policy.xml"
10152: 16:07:06.525 - TCP inactivity timeout: 1000ms
10152: 16:07:06.526 - Adding Policy File listener on: 0.0.0.0: 943 with a listen backlog of: 150 and serving Policy File: "C:\Users\Admin\Documents\MineSweepersServer\Photon-OnPremise-Server-SDK_v4-0-29-11263\deploy\Policy\assets\socket-policy-silverlight.xml"
10152: 16:07:06.526 - TCP inactivity timeout: 1000ms
10152: 16:07:06.567 - Service is running...
