8624: 18:57:49.197 - ---
8624: 18:57:49.197 - Service: "Photon Socket Server" starting
8624: 18:57:49.197 - Config File: C:\Users\Admin\Desktop\PhotonServer\Photon-OnPremise-Server-SDK_v4-0-29-11263\deploy\bin_Win64\PhotonServer.config
8624: 18:57:49.200 - Will produce at most: 10 crash dumps
8624: 18:57:49.200 - Service shutting down
8624: 18:57:49.202 - Service shut down complete
1936: 19:17:45.461 - ---
1936: 19:17:45.461 - Service: "Photon Socket Server" starting
1936: 19:17:45.461 - Config File: C:\Users\Admin\Desktop\PhotonServer\Photon-OnPremise-Server-SDK_v4-0-29-11263\deploy\bin_Win64\PhotonServer.config
1936: 19:17:45.464 - Will produce at most: 10 crash dumps
1936: 19:17:45.464 - Service shutting down
1936: 19:17:45.465 - Service shut down complete
9132: 19:27:16.660 - ---
9132: 19:27:16.660 - Service: "Photon Socket Server" starting
9132: 19:27:16.660 - Config File: C:\Users\Admin\Desktop\PhotonServer\Photon-OnPremise-Server-SDK_v4-0-29-11263\deploy\bin_Win64\PhotonServer.config
9132: 19:27:16.663 - Will produce at most: 10 crash dumps
9132: 19:27:16.663 - Service shutting down
9132: 19:27:16.665 - Service shut down complete
7060: 19:31:38.961 - ---
7060: 19:31:38.961 - Service: "Photon Socket Server" starting
7060: 19:31:38.961 - Config File: C:\Users\Admin\Desktop\PhotonServer\Photon-OnPremise-Server-SDK_v4-0-29-11263\deploy\bin_Win64\PhotonServer.config
7060: 19:31:38.964 - Will produce at most: 10 crash dumps
7060: 19:31:38.964 - Service shutting down
7060: 19:31:38.965 - Service shut down complete
8116: 19:33:47.941 - ---
8116: 19:33:47.941 - Service: "Photon Socket Server" starting
8116: 19:33:47.941 - Config File: C:\Users\Admin\Desktop\PhotonServer\Photon-OnPremise-Server-SDK_v4-0-29-11263\deploy\bin_Win64\PhotonServer.config
8116: 19:33:47.944 - Will produce at most: 10 crash dumps
8116: 19:33:47.945 - Service shutting down
8116: 19:33:47.946 - Service shut down complete
