2340: 11:51:12.177 - ---
2340: 11:51:12.177 - Service: "Photon Socket Server" starting
2340: 11:51:12.177 - Config File: C:\Users\Admin\Desktop\PhotonServer\Photon-OnPremise-Server-SDK_v4-0-29-11263\deploy\bin_Win64\PhotonServer.config
2340: 11:51:12.193 - Will produce at most: 10 crash dumps
2340: 11:51:12.193 - Existing dump file: PhotonSocketServer.exe-20200205-154020-5524-4800-1.dmp
2340: 11:51:12.193 - Existing dump file: PhotonSocketServer.exe-20200205-154021-5524-4800-2.dmp
2340: 11:51:12.193 - Existing dump file: PhotonSocketServer.exe-20200205-154324-5352-5536-1.dmp
2340: 11:51:12.193 - Existing dump file: PhotonSocketServer.exe-20200205-154324-5352-5536-2.dmp
2340: 11:51:12.193 - Max dumps to produce reduced to 6 due to 4 existing dump files
2340: 11:51:12.193 - Action: run as exe
2340: 11:51:12.193 - Server Starting...
2340: 11:51:12.193 -    Tick count: 310831984 (wraps in: 46.1127 days)
2340: 11:51:12.193 - Tick count 64: 310831984
2340: 11:51:12.193 - Photon Version: 4.0.28.2962
2340: 11:51:12.193 - PID: 5108
2340: 11:51:12.193 - Config File: C:\Users\Admin\Desktop\PhotonServer\Photon-OnPremise-Server-SDK_v4-0-29-11263\deploy\bin_Win64\PhotonServer.config
2340: 11:51:12.193 - Will NOT log unimportant exceptions
2340: 11:51:12.209 - Not using performance counters as they are not currently installed. Run the service with /InstallCounters to install them.
2340: 11:51:12.209 - Shutdown timeout enabled: 30000ms
2340: 11:51:12.209 - Starting I/O thread pool with 2 threads
2340: 11:51:12.209 - Using Standard allocator
2340: 11:51:12.209 - Max message size: 512000
2340: 11:51:12.209 - Starting business logic thread pool with the following settings
2340: 11:51:12.209 - InitialThreads: 4 threads
2340: 11:51:12.209 - MinThreads: 4 threads
2340: 11:51:12.209 - Thread pool is fixed size
2340: 11:51:12.209 - Starting ENet thread pool with the following settings
2340: 11:51:12.209 - InitialThreads: 2 threads
2340: 11:51:12.209 - MinThreads: 2 threads
2340: 11:51:12.209 - Thread pool is fixed size
2340: 11:51:12.209 - OnlyDispatchTimers: False
2340: 11:51:12.209 - S2S: flow control: Max pending writes: 50
2340: 11:51:12.209 - S2S: flow control: Max queued buffers: 200
2340: 11:51:12.209 - S2S: flow control: Max pending writes MUX: 500
2340: 11:51:12.209 - S2S: flow control: Max queued buffers MUX: 2000
2340: 11:51:12.209 - S2S: MaxInboundMessageSize: 512000
2340: 11:51:12.209 - S2S: MaxOutboundMessageSize: 512000
2340: 11:51:12.209 - S2S: No inactivity timeout
2340: 11:51:12.224 - WebSocket S2S: MaxInboundMessageSize: 512000
2340: 11:51:12.224 - WebSocket S2S: MaxOutboundMessageSize: 512000
2340: 11:51:12.224 - WebSocket S2S: No inactivity timeout
2340: 11:51:12.224 - Max Reliable Data In Transit (awaiting ACKs) per peer : 51200 bytes
2340: 11:51:12.224 - Per peer bandwidth limit
2340: 11:51:12.224 - Transmit Rate Limit: 256 KB/Sec
2340: 11:51:12.224 - Limit period: 200ms
2340: 11:51:12.224 - Limit per period: 52428 bytes
2340: 11:51:12.224 - Max queued data for transmission per peer: 512000 bytes
2340: 11:51:12.224 - Minimum retransmit timeout: 200
2340: 11:51:12.224 - No Maximum retransmit timeout
2340: 11:51:12.224 - Minimum ENet timeout: 5000ms
2340: 11:51:12.224 - Maximum ENet timeout: 30000ms
2340: 11:51:12.224 - Max Inbound Reliable Data Queued (awaiting resends of earlier sequence numbers) per peer : 163840 bytes
2340: 11:51:12.224 - No RTT ACK adjustment timeout
2340: 11:51:12.224 - Outbound ENet: MaxInboundMessageSize: 512000
2340: 11:51:12.224 - Outbound ENet: MaxOutboundMessageSize: 512000
2340: 11:51:12.240 - GetRuntime - About to load CLR - versions available:
2340: 11:51:12.240 - v2.0.50727
2340: 11:51:12.240 - v4.0.30319
2340: 11:51:12.240 - Configuration requests: "v2.0.50727"
2340: 11:51:12.240 - About to load version: "v2.0.50727"
2340: 11:51:12.318 - About to load runtime: PhotonHostRuntime.PhotonDomainManager from PhotonHostRuntime, Culture=neutral, PublicKeyToken=02C301B61B060C4D
2340: 11:51:12.318 - CLRBaseDirectory set to "C:\Users\Admin\Desktop\PhotonServer\Photon-OnPremise-Server-SDK_v4-0-29-11263\deploy"
2340: 11:51:12.318 - Optimising event broadcast for 20 or more peers
2340: 11:51:12.334 - Start: About to load CLR - versions available:
2340: 11:51:12.334 - v2.0.50727
2340: 11:51:12.334 - v4.0.30319
2340: 11:51:12.334 - No preference in configuration file, will load latest.
2340: 11:51:12.334 - About to load version: "v4.0.30319"
2340: 11:51:12.334 - Loaded version: "v4.0.30319"
2340: 11:51:12.818 - Photon host runtime loaded
2340: 11:51:15.193 - LICENSE: No license file was found. Starting with Bootstrap License.
2340: 11:51:15.193 - License is valid.
2340: 11:51:15.193 - Licensed for 20 concurrent connections.
2340: 11:51:15.193 - ENet: Max Reliable Data In Transit (awaiting ACKs) per peer : 51200 bytes
2340: 11:51:15.193 - ENet: Per peer bandwidth limit
2340: 11:51:15.193 - ENet: Transmit Rate Limit: 256 KB/Sec
2340: 11:51:15.193 - ENet: Limit period: 200ms
2340: 11:51:15.193 - ENet: Limit per period: 52428 bytes
2340: 11:51:15.193 - ENet: Max queued data for transmission per peer: 512000 bytes
2340: 11:51:15.193 - ENet: Minimum retransmit timeout: 200
2340: 11:51:15.193 - No Maximum retransmit timeout
2340: 11:51:15.193 - ENet: Minimum timeout: 5000ms
2340: 11:51:15.193 - ENet: Maximum timeout: 30000ms
2340: 11:51:15.193 - ENet: Max Inbound Reliable Data Queued (awaiting resends of earlier sequence numbers) per peer : 163840 bytes
2340: 11:51:15.193 - No RTT ACK adjustment timeout
2340: 11:51:15.193 - About to load application: Master from Photon.LoadBalancing
2340: 11:51:15.193 - Auto restart is enabled for application, existing connections will be terminated during restart
2340: 11:51:15.193 - Application will restart 1000ms after the last change detected
2340: 11:51:15.193 - Application will restart if files matching the following are changed: "dll;config"
2340: 11:51:15.193 - Application will NOT restart if files matching the following are changed: "log4net.config"
2340: 11:51:15.646 - Taking reference on default app domain
2340: 11:51:15.927 - Application: "Master" started in app domain: 2
2340: 11:51:15.927 - About to load application: Game from Photon.LoadBalancing
2340: 11:51:15.927 - Auto restart is enabled for application, existing connections will be terminated during restart
2340: 11:51:15.927 - Application will restart 1000ms after the last change detected
2340: 11:51:15.927 - Application will restart if files matching the following are changed: "dll;config"
2340: 11:51:15.927 - Application will NOT restart if files matching the following are changed: "log4net.config"
2340: 11:51:16.146 - Taking reference on default app domain
2340: 11:51:16.873 - Application: "Game" started in app domain: 3
2340: 11:51:16.873 - About to load application: CounterPublisher from CounterPublisher
2340: 11:51:16.873 - Auto restart is enabled for application, existing connections will be terminated during restart
2340: 11:51:16.873 - Application will restart 1000ms after the last change detected
2340: 11:51:16.873 - Application will restart if files matching the following are changed: "dll;config"
2340: 11:51:16.873 - Application will NOT restart if files matching the following are changed: "log4net.config"
2340: 11:51:17.123 - Taking reference on default app domain
2340: 11:51:17.326 - Application: "CounterPublisher" started in app domain: 4
2340: 11:51:17.326 - Adding TCP listener on: 0.0.0.0: 4530 with a listen backlog of: 150
2340: 11:51:17.326 - TCP inactivity timeout: 10000ms
2340: 11:51:17.326 - TCP disconnect timeout: 120000ms
2340: 11:51:17.326 - MaxInboundMessageSize: 512000
2340: 11:51:17.326 - MaxOutboundMessageSize: 512000
2340: 11:51:17.326 - Forcing all applications ids to: "Master"
2340: 11:51:17.326 - Serving policy file requests from: "C:\Users\Admin\Desktop\PhotonServer\Photon-OnPremise-Server-SDK_v4-0-29-11263\deploy\Policy\assets\socket-policy.xml"
2340: 11:51:17.326 - Adding TCP listener on: 0.0.0.0: 4531 with a listen backlog of: 150
2340: 11:51:17.326 - TCP inactivity timeout: 10000ms
2340: 11:51:17.326 - TCP disconnect timeout: 120000ms
2340: 11:51:17.326 - MaxInboundMessageSize: 512000
2340: 11:51:17.326 - MaxOutboundMessageSize: 512000
2340: 11:51:17.326 - Forcing all applications ids to: "Game"
2340: 11:51:17.326 - Serving policy file requests from: "C:\Users\Admin\Desktop\PhotonServer\Photon-OnPremise-Server-SDK_v4-0-29-11263\deploy\Policy\assets\socket-policy.xml"
2340: 11:51:17.326 - Adding TCP listener on: 0.0.0.0: 4520 with a listen backlog of: 150
2340: 11:51:17.326 - TCP inactivity timeout: 5000ms
2340: 11:51:17.326 - TCP disconnect timeout: 120000ms
2340: 11:51:17.326 - MaxInboundMessageSize: 512000
2340: 11:51:17.326 - MaxOutboundMessageSize: 512000
2340: 11:51:17.326 - Forcing all applications ids to: "Master"
2340: 11:51:17.326 - MaxInboundMessageSize: 512000
2340: 11:51:17.326 - MaxOutboundMessageSize: 512000
2340: 11:51:17.326 - UDP address specified as: "0.0.0.0" adding listener to each available IPv4 address
2340: 11:51:17.326 - Adding UDP listener on: 127.0.0.1: 5055 with a listen backlog of: 500
2340: 11:51:17.326 - Forcing all applications ids to: "Game"
2340: 11:51:17.326 - MaxInboundMessageSize: 512000
2340: 11:51:17.326 - MaxOutboundMessageSize: 512000
2340: 11:51:17.326 - UDP address specified as: "0.0.0.0" adding listener to each available IPv4 address
2340: 11:51:17.326 - Adding UDP listener on: 127.0.0.1: 5056 with a listen backlog of: 500
2340: 11:51:17.326 - Adding WebSocket TCP listener on: 0.0.0.0: 9090 with a listen backlog of: 150
2340: 11:51:17.326 - Nagle disabled
2340: 11:51:17.326 - TCP inactivity timeout: 10000ms
2340: 11:51:17.326 - MaxInboundMessageSize: 512000
2340: 11:51:17.326 - MaxOutboundMessageSize: 512000
2340: 11:51:17.326 - Forcing all applications ids to: "Master"
2340: 11:51:17.326 - Will accept ANY sub-protocols from the client
2340: 11:51:17.326 - No automatic WebSocket ping
2340: 11:51:17.326 - Adding WebSocket TCP listener on: 0.0.0.0: 9091 with a listen backlog of: 150
2340: 11:51:17.326 - Nagle disabled
2340: 11:51:17.326 - TCP inactivity timeout: 10000ms
2340: 11:51:17.326 - MaxInboundMessageSize: 512000
2340: 11:51:17.326 - MaxOutboundMessageSize: 512000
2340: 11:51:17.326 - Forcing all applications ids to: "Game"
2340: 11:51:17.326 - Will accept ANY sub-protocols from the client
2340: 11:51:17.326 - No automatic WebSocket ping
2340: 11:51:17.326 - Adding Policy File listener on: 0.0.0.0: 843 with a listen backlog of: 150 and serving Policy File: "C:\Users\Admin\Desktop\PhotonServer\Photon-OnPremise-Server-SDK_v4-0-29-11263\deploy\Policy\assets\socket-policy.xml"
2340: 11:51:17.326 - TCP inactivity timeout: 1000ms
2340: 11:51:17.326 - Adding Policy File listener on: 0.0.0.0: 943 with a listen backlog of: 150 and serving Policy File: "C:\Users\Admin\Desktop\PhotonServer\Photon-OnPremise-Server-SDK_v4-0-29-11263\deploy\Policy\assets\socket-policy-silverlight.xml"
2340: 11:51:17.326 - TCP inactivity timeout: 1000ms
2340: 11:51:17.404 - Service is running...
