2020-01-12 10:52:58,502 [1] INFO  Photon.SocketServer.ApplicationBase - Application start: AppId=CounterPublisher; AppPath=C:\Users\Admin\Desktop\PhotonServer\Photon-OnPremise-Server-SDK_v4-0-29-11263\deploy\CounterPublisher, Type=Photon.CounterPublisher.Application 
2020-01-12 10:52:58,546 [1] INFO  Photon.SocketServer.Diagnostics.CounterPublisher - CounterPublisher started publishing ExitGames.Diagnostics.Monitoring.CounterSamplePublisher to ExitGames.Diagnostics.Monitoring.CounterSampleSender
2020-01-12 14:55:51,352 [22] WARN  ExitGames.Diagnostics.Monitoring.Protocol.PhotonBinaryWriterBase - SendData: Publishing counter data failed for the 0 time: An invalid argument was supplied
2020-01-12 14:55:51,381 [22] WARN  Photon.SocketServer.Diagnostics.CounterPublisher - CounterPublisher stopped working because of a network loss
2020-01-19 21:34:45,217 [1] INFO  Photon.SocketServer.ApplicationBase - Application start: AppId=CounterPublisher; AppPath=C:\Users\Admin\Desktop\PhotonServer\Photon-OnPremise-Server-SDK_v4-0-29-11263\deploy\CounterPublisher, Type=Photon.CounterPublisher.Application 
2020-01-19 21:34:45,261 [1] INFO  Photon.SocketServer.Diagnostics.CounterPublisher - CounterPublisher started publishing ExitGames.Diagnostics.Monitoring.CounterSamplePublisher to ExitGames.Diagnostics.Monitoring.CounterSampleSender
2020-01-19 21:40:27,365 [1] INFO  Photon.SocketServer.ApplicationBase - Application is stopping: AppId=CounterPublisher
2020-01-19 21:40:27,504 [1] INFO  Photon.SocketServer.ApplicationBase - Application stop: AppId=CounterPublisher
2020-01-19 22:35:56,514 [1] INFO  Photon.SocketServer.ApplicationBase - Application start: AppId=CounterPublisher; AppPath=C:\Users\Admin\Desktop\PhotonServer\Photon-OnPremise-Server-SDK_v4-0-29-11263\deploy\CounterPublisher, Type=Photon.CounterPublisher.Application 
2020-01-19 22:35:56,606 [1] INFO  Photon.SocketServer.Diagnostics.CounterPublisher - CounterPublisher started publishing ExitGames.Diagnostics.Monitoring.CounterSamplePublisher to ExitGames.Diagnostics.Monitoring.CounterSampleSender
2020-01-19 22:40:23,167 [1] INFO  Photon.SocketServer.ApplicationBase - Application is stopping: AppId=CounterPublisher
2020-01-19 22:40:23,245 [1] INFO  Photon.SocketServer.ApplicationBase - Application stop: AppId=CounterPublisher
2020-01-19 22:40:32,636 [1] INFO  Photon.SocketServer.ApplicationBase - Application start: AppId=CounterPublisher; AppPath=C:\Users\Admin\Desktop\PhotonServer\Photon-OnPremise-Server-SDK_v4-0-29-11263\deploy\CounterPublisher, Type=Photon.CounterPublisher.Application 
2020-01-19 22:40:32,734 [1] INFO  Photon.SocketServer.Diagnostics.CounterPublisher - CounterPublisher started publishing ExitGames.Diagnostics.Monitoring.CounterSamplePublisher to ExitGames.Diagnostics.Monitoring.CounterSampleSender
2020-01-19 23:27:58,359 [1] INFO  Photon.SocketServer.ApplicationBase - Application is stopping: AppId=CounterPublisher
2020-01-19 23:27:58,433 [1] INFO  Photon.SocketServer.ApplicationBase - Application stop: AppId=CounterPublisher
2020-01-19 23:43:35,943 [1] INFO  Photon.SocketServer.ApplicationBase - Application start: AppId=CounterPublisher; AppPath=C:\Users\Admin\Desktop\PhotonServer\Photon-OnPremise-Server-SDK_v4-0-29-11263\deploy\CounterPublisher, Type=Photon.CounterPublisher.Application 
2020-01-19 23:43:35,995 [1] INFO  Photon.SocketServer.Diagnostics.CounterPublisher - CounterPublisher started publishing ExitGames.Diagnostics.Monitoring.CounterSamplePublisher to ExitGames.Diagnostics.Monitoring.CounterSampleSender
2020-01-19 23:48:49,914 [1] INFO  Photon.SocketServer.ApplicationBase - Application is stopping: AppId=CounterPublisher
2020-01-19 23:48:50,039 [1] INFO  Photon.SocketServer.ApplicationBase - Application stop: AppId=CounterPublisher
2020-01-19 23:48:59,627 [1] INFO  Photon.SocketServer.ApplicationBase - Application start: AppId=CounterPublisher; AppPath=C:\Users\Admin\Desktop\PhotonServer\Photon-OnPremise-Server-SDK_v4-0-29-11263\deploy\CounterPublisher, Type=Photon.CounterPublisher.Application 
2020-01-19 23:48:59,683 [1] INFO  Photon.SocketServer.Diagnostics.CounterPublisher - CounterPublisher started publishing ExitGames.Diagnostics.Monitoring.CounterSamplePublisher to ExitGames.Diagnostics.Monitoring.CounterSampleSender
2020-01-19 23:51:52,351 [1] INFO  Photon.SocketServer.ApplicationBase - Application is stopping: AppId=CounterPublisher
2020-01-19 23:51:52,584 [1] INFO  Photon.SocketServer.ApplicationBase - Application stop: AppId=CounterPublisher
2020-01-19 23:55:05,246 [1] INFO  Photon.SocketServer.ApplicationBase - Application start: AppId=CounterPublisher; AppPath=C:\Users\Admin\Desktop\PhotonServer\Photon-OnPremise-Server-SDK_v4-0-29-11263\deploy\CounterPublisher, Type=Photon.CounterPublisher.Application 
2020-01-19 23:55:05,297 [1] INFO  Photon.SocketServer.Diagnostics.CounterPublisher - CounterPublisher started publishing ExitGames.Diagnostics.Monitoring.CounterSamplePublisher to ExitGames.Diagnostics.Monitoring.CounterSampleSender
2020-01-19 23:57:25,840 [1] INFO  Photon.SocketServer.ApplicationBase - Application is stopping: AppId=CounterPublisher
2020-01-19 23:57:26,106 [1] INFO  Photon.SocketServer.ApplicationBase - Application stop: AppId=CounterPublisher
2020-01-19 23:58:04,895 [1] INFO  Photon.SocketServer.ApplicationBase - Application start: AppId=CounterPublisher; AppPath=C:\Users\Admin\Desktop\PhotonServer\Photon-OnPremise-Server-SDK_v4-0-29-11263\deploy\CounterPublisher, Type=Photon.CounterPublisher.Application 
2020-01-19 23:58:04,947 [1] INFO  Photon.SocketServer.Diagnostics.CounterPublisher - CounterPublisher started publishing ExitGames.Diagnostics.Monitoring.CounterSamplePublisher to ExitGames.Diagnostics.Monitoring.CounterSampleSender
2020-01-20 18:27:36,981 [1] INFO  Photon.SocketServer.ApplicationBase - Application start: AppId=CounterPublisher; AppPath=C:\Users\Admin\Desktop\PhotonServer\Photon-OnPremise-Server-SDK_v4-0-29-11263\deploy\CounterPublisher, Type=Photon.CounterPublisher.Application 
2020-01-20 18:27:37,035 [1] INFO  Photon.SocketServer.Diagnostics.CounterPublisher - CounterPublisher started publishing ExitGames.Diagnostics.Monitoring.CounterSamplePublisher to ExitGames.Diagnostics.Monitoring.CounterSampleSender
2020-01-20 18:41:18,798 [1] INFO  Photon.SocketServer.ApplicationBase - Application is stopping: AppId=CounterPublisher
2020-01-20 18:41:18,933 [1] INFO  Photon.SocketServer.ApplicationBase - Application stop: AppId=CounterPublisher
2020-01-20 18:41:28,795 [1] INFO  Photon.SocketServer.ApplicationBase - Application start: AppId=CounterPublisher; AppPath=C:\Users\Admin\Desktop\PhotonServer\Photon-OnPremise-Server-SDK_v4-0-29-11263\deploy\CounterPublisher, Type=Photon.CounterPublisher.Application 
2020-01-20 18:41:28,859 [1] INFO  Photon.SocketServer.Diagnostics.CounterPublisher - CounterPublisher started publishing ExitGames.Diagnostics.Monitoring.CounterSamplePublisher to ExitGames.Diagnostics.Monitoring.CounterSampleSender
2020-01-20 18:58:08,905 [1] INFO  Photon.SocketServer.ApplicationBase - Application is stopping: AppId=CounterPublisher
2020-01-20 18:58:09,008 [1] INFO  Photon.SocketServer.ApplicationBase - Application stop: AppId=CounterPublisher
2020-01-20 18:58:32,113 [1] INFO  Photon.SocketServer.ApplicationBase - Application start: AppId=CounterPublisher; AppPath=C:\Users\Admin\Desktop\PhotonServer\Photon-OnPremise-Server-SDK_v4-0-29-11263\deploy\CounterPublisher, Type=Photon.CounterPublisher.Application 
2020-01-20 18:58:32,228 [1] INFO  Photon.SocketServer.Diagnostics.CounterPublisher - CounterPublisher started publishing ExitGames.Diagnostics.Monitoring.CounterSamplePublisher to ExitGames.Diagnostics.Monitoring.CounterSampleSender
2020-01-20 19:10:57,163 [1] INFO  Photon.SocketServer.ApplicationBase - Application is stopping: AppId=CounterPublisher
2020-01-20 19:10:57,328 [1] INFO  Photon.SocketServer.ApplicationBase - Application stop: AppId=CounterPublisher
2020-01-20 19:12:01,160 [1] INFO  Photon.SocketServer.ApplicationBase - Application start: AppId=CounterPublisher; AppPath=C:\Users\Admin\Desktop\PhotonServer\Photon-OnPremise-Server-SDK_v4-0-29-11263\deploy\CounterPublisher, Type=Photon.CounterPublisher.Application 
2020-01-20 19:12:01,366 [1] INFO  Photon.SocketServer.Diagnostics.CounterPublisher - CounterPublisher started publishing ExitGames.Diagnostics.Monitoring.CounterSamplePublisher to ExitGames.Diagnostics.Monitoring.CounterSampleSender
2020-01-20 19:13:34,257 [1] INFO  Photon.SocketServer.ApplicationBase - Application is stopping: AppId=CounterPublisher
2020-01-20 19:13:34,546 [1] INFO  Photon.SocketServer.ApplicationBase - Application stop: AppId=CounterPublisher
2020-01-20 19:14:02,942 [1] INFO  Photon.SocketServer.ApplicationBase - Application start: AppId=CounterPublisher; AppPath=C:\Users\Admin\Desktop\PhotonServer\Photon-OnPremise-Server-SDK_v4-0-29-11263\deploy\CounterPublisher, Type=Photon.CounterPublisher.Application 
2020-01-20 19:14:02,999 [1] INFO  Photon.SocketServer.Diagnostics.CounterPublisher - CounterPublisher started publishing ExitGames.Diagnostics.Monitoring.CounterSamplePublisher to ExitGames.Diagnostics.Monitoring.CounterSampleSender
2020-01-20 19:22:03,693 [1] INFO  Photon.SocketServer.ApplicationBase - Application is stopping: AppId=CounterPublisher
2020-01-20 19:22:03,882 [1] INFO  Photon.SocketServer.ApplicationBase - Application stop: AppId=CounterPublisher
2020-01-20 19:22:28,424 [1] INFO  Photon.SocketServer.ApplicationBase - Application start: AppId=CounterPublisher; AppPath=C:\Users\Admin\Desktop\PhotonServer\Photon-OnPremise-Server-SDK_v4-0-29-11263\deploy\CounterPublisher, Type=Photon.CounterPublisher.Application 
2020-01-20 19:22:28,507 [1] INFO  Photon.SocketServer.Diagnostics.CounterPublisher - CounterPublisher started publishing ExitGames.Diagnostics.Monitoring.CounterSamplePublisher to ExitGames.Diagnostics.Monitoring.CounterSampleSender
2020-01-20 19:24:58,788 [1] INFO  Photon.SocketServer.ApplicationBase - Application is stopping: AppId=CounterPublisher
2020-01-20 19:24:58,890 [1] INFO  Photon.SocketServer.ApplicationBase - Application stop: AppId=CounterPublisher
2020-01-20 19:25:54,891 [1] INFO  Photon.SocketServer.ApplicationBase - Application start: AppId=CounterPublisher; AppPath=C:\Users\Admin\Desktop\PhotonServer\Photon-OnPremise-Server-SDK_v4-0-29-11263\deploy\CounterPublisher, Type=Photon.CounterPublisher.Application 
2020-01-20 19:25:54,959 [1] INFO  Photon.SocketServer.Diagnostics.CounterPublisher - CounterPublisher started publishing ExitGames.Diagnostics.Monitoring.CounterSamplePublisher to ExitGames.Diagnostics.Monitoring.CounterSampleSender
2020-01-20 19:27:03,044 [1] INFO  Photon.SocketServer.ApplicationBase - Application is stopping: AppId=CounterPublisher
2020-01-20 19:27:03,259 [1] INFO  Photon.SocketServer.ApplicationBase - Application stop: AppId=CounterPublisher
2020-01-20 19:27:36,104 [1] INFO  Photon.SocketServer.ApplicationBase - Application start: AppId=CounterPublisher; AppPath=C:\Users\Admin\Desktop\PhotonServer\Photon-OnPremise-Server-SDK_v4-0-29-11263\deploy\CounterPublisher, Type=Photon.CounterPublisher.Application 
2020-01-20 19:27:36,153 [1] INFO  Photon.SocketServer.Diagnostics.CounterPublisher - CounterPublisher started publishing ExitGames.Diagnostics.Monitoring.CounterSamplePublisher to ExitGames.Diagnostics.Monitoring.CounterSampleSender
2020-01-20 19:29:04,839 [1] INFO  Photon.SocketServer.ApplicationBase - Application is stopping: AppId=CounterPublisher
2020-01-20 19:29:05,095 [1] INFO  Photon.SocketServer.ApplicationBase - Application stop: AppId=CounterPublisher
2020-01-20 19:29:40,931 [1] INFO  Photon.SocketServer.ApplicationBase - Application start: AppId=CounterPublisher; AppPath=C:\Users\Admin\Desktop\PhotonServer\Photon-OnPremise-Server-SDK_v4-0-29-11263\deploy\CounterPublisher, Type=Photon.CounterPublisher.Application 
2020-01-20 19:29:41,000 [1] INFO  Photon.SocketServer.Diagnostics.CounterPublisher - CounterPublisher started publishing ExitGames.Diagnostics.Monitoring.CounterSamplePublisher to ExitGames.Diagnostics.Monitoring.CounterSampleSender
2020-01-20 19:33:17,847 [1] INFO  Photon.SocketServer.ApplicationBase - Application is stopping: AppId=CounterPublisher
2020-01-20 19:33:18,012 [1] INFO  Photon.SocketServer.ApplicationBase - Application stop: AppId=CounterPublisher
2020-01-20 19:34:08,303 [1] INFO  Photon.SocketServer.ApplicationBase - Application start: AppId=CounterPublisher; AppPath=C:\Users\Admin\Desktop\PhotonServer\Photon-OnPremise-Server-SDK_v4-0-29-11263\deploy\CounterPublisher, Type=Photon.CounterPublisher.Application 
2020-01-20 19:34:08,419 [1] INFO  Photon.SocketServer.Diagnostics.CounterPublisher - CounterPublisher started publishing ExitGames.Diagnostics.Monitoring.CounterSamplePublisher to ExitGames.Diagnostics.Monitoring.CounterSampleSender
2020-01-20 19:35:48,975 [1] INFO  Photon.SocketServer.ApplicationBase - Application is stopping: AppId=CounterPublisher
2020-01-20 19:35:49,224 [1] INFO  Photon.SocketServer.ApplicationBase - Application stop: AppId=CounterPublisher
2020-01-20 19:36:11,188 [1] INFO  Photon.SocketServer.ApplicationBase - Application start: AppId=CounterPublisher; AppPath=C:\Users\Admin\Desktop\PhotonServer\Photon-OnPremise-Server-SDK_v4-0-29-11263\deploy\CounterPublisher, Type=Photon.CounterPublisher.Application 
2020-01-20 19:36:11,244 [1] INFO  Photon.SocketServer.Diagnostics.CounterPublisher - CounterPublisher started publishing ExitGames.Diagnostics.Monitoring.CounterSamplePublisher to ExitGames.Diagnostics.Monitoring.CounterSampleSender
2020-01-20 19:38:38,235 [1] INFO  Photon.SocketServer.ApplicationBase - Application is stopping: AppId=CounterPublisher
2020-01-20 19:38:38,407 [1] INFO  Photon.SocketServer.ApplicationBase - Application stop: AppId=CounterPublisher
2020-01-20 19:39:04,725 [1] INFO  Photon.SocketServer.ApplicationBase - Application start: AppId=CounterPublisher; AppPath=C:\Users\Admin\Desktop\PhotonServer\Photon-OnPremise-Server-SDK_v4-0-29-11263\deploy\CounterPublisher, Type=Photon.CounterPublisher.Application 
2020-01-20 19:39:04,781 [1] INFO  Photon.SocketServer.Diagnostics.CounterPublisher - CounterPublisher started publishing ExitGames.Diagnostics.Monitoring.CounterSamplePublisher to ExitGames.Diagnostics.Monitoring.CounterSampleSender
2020-01-20 19:40:01,087 [1] INFO  Photon.SocketServer.ApplicationBase - Application is stopping: AppId=CounterPublisher
2020-01-20 19:40:01,212 [1] INFO  Photon.SocketServer.ApplicationBase - Application stop: AppId=CounterPublisher
2020-01-20 19:40:34,171 [1] INFO  Photon.SocketServer.ApplicationBase - Application start: AppId=CounterPublisher; AppPath=C:\Users\Admin\Desktop\PhotonServer\Photon-OnPremise-Server-SDK_v4-0-29-11263\deploy\CounterPublisher, Type=Photon.CounterPublisher.Application 
2020-01-20 19:40:34,230 [1] INFO  Photon.SocketServer.Diagnostics.CounterPublisher - CounterPublisher started publishing ExitGames.Diagnostics.Monitoring.CounterSamplePublisher to ExitGames.Diagnostics.Monitoring.CounterSampleSender
2020-01-20 19:45:50,320 [1] INFO  Photon.SocketServer.ApplicationBase - Application is stopping: AppId=CounterPublisher
2020-01-20 19:45:50,420 [1] INFO  Photon.SocketServer.ApplicationBase - Application stop: AppId=CounterPublisher
2020-01-20 19:45:59,671 [1] INFO  Photon.SocketServer.ApplicationBase - Application start: AppId=CounterPublisher; AppPath=C:\Users\Admin\Desktop\PhotonServer\Photon-OnPremise-Server-SDK_v4-0-29-11263\deploy\CounterPublisher, Type=Photon.CounterPublisher.Application 
2020-01-20 19:45:59,788 [1] INFO  Photon.SocketServer.Diagnostics.CounterPublisher - CounterPublisher started publishing ExitGames.Diagnostics.Monitoring.CounterSamplePublisher to ExitGames.Diagnostics.Monitoring.CounterSampleSender
2020-01-20 19:47:00,789 [1] INFO  Photon.SocketServer.ApplicationBase - Application is stopping: AppId=CounterPublisher
2020-01-20 19:47:00,963 [1] INFO  Photon.SocketServer.ApplicationBase - Application stop: AppId=CounterPublisher
2020-01-20 19:47:28,255 [1] INFO  Photon.SocketServer.ApplicationBase - Application start: AppId=CounterPublisher; AppPath=C:\Users\Admin\Desktop\PhotonServer\Photon-OnPremise-Server-SDK_v4-0-29-11263\deploy\CounterPublisher, Type=Photon.CounterPublisher.Application 
2020-01-20 19:47:28,358 [1] INFO  Photon.SocketServer.Diagnostics.CounterPublisher - CounterPublisher started publishing ExitGames.Diagnostics.Monitoring.CounterSamplePublisher to ExitGames.Diagnostics.Monitoring.CounterSampleSender
2020-01-20 19:50:44,027 [1] INFO  Photon.SocketServer.ApplicationBase - Application is stopping: AppId=CounterPublisher
2020-01-20 19:50:44,132 [1] INFO  Photon.SocketServer.ApplicationBase - Application stop: AppId=CounterPublisher
2020-01-20 19:51:05,855 [1] INFO  Photon.SocketServer.ApplicationBase - Application start: AppId=CounterPublisher; AppPath=C:\Users\Admin\Desktop\PhotonServer\Photon-OnPremise-Server-SDK_v4-0-29-11263\deploy\CounterPublisher, Type=Photon.CounterPublisher.Application 
2020-01-20 19:51:05,904 [1] INFO  Photon.SocketServer.Diagnostics.CounterPublisher - CounterPublisher started publishing ExitGames.Diagnostics.Monitoring.CounterSamplePublisher to ExitGames.Diagnostics.Monitoring.CounterSampleSender
2020-01-22 17:57:33,670 [1] INFO  Photon.SocketServer.ApplicationBase - Application start: AppId=CounterPublisher; AppPath=C:\Users\Admin\Desktop\PhotonServer\Photon-OnPremise-Server-SDK_v4-0-29-11263\deploy\CounterPublisher, Type=Photon.CounterPublisher.Application 
2020-01-22 17:57:33,769 [1] INFO  Photon.SocketServer.Diagnostics.CounterPublisher - CounterPublisher started publishing ExitGames.Diagnostics.Monitoring.CounterSamplePublisher to ExitGames.Diagnostics.Monitoring.CounterSampleSender
2020-01-22 21:54:18,755 [1] INFO  Photon.SocketServer.ApplicationBase - Application is stopping: AppId=CounterPublisher
2020-01-22 21:54:18,828 [1] INFO  Photon.SocketServer.ApplicationBase - Application stop: AppId=CounterPublisher
2020-01-22 21:54:49,332 [1] INFO  Photon.SocketServer.ApplicationBase - Application start: AppId=CounterPublisher; AppPath=C:\Users\Admin\Desktop\PhotonServer\Photon-OnPremise-Server-SDK_v4-0-29-11263\deploy\CounterPublisher, Type=Photon.CounterPublisher.Application 
2020-01-22 21:54:49,384 [1] INFO  Photon.SocketServer.Diagnostics.CounterPublisher - CounterPublisher started publishing ExitGames.Diagnostics.Monitoring.CounterSamplePublisher to ExitGames.Diagnostics.Monitoring.CounterSampleSender
2020-01-22 22:02:02,258 [1] INFO  Photon.SocketServer.ApplicationBase - Application is stopping: AppId=CounterPublisher
2020-01-22 22:02:02,400 [1] INFO  Photon.SocketServer.ApplicationBase - Application stop: AppId=CounterPublisher
2020-01-22 22:02:52,287 [1] INFO  Photon.SocketServer.ApplicationBase - Application start: AppId=CounterPublisher; AppPath=C:\Users\Admin\Desktop\PhotonServer\Photon-OnPremise-Server-SDK_v4-0-29-11263\deploy\CounterPublisher, Type=Photon.CounterPublisher.Application 
2020-01-22 22:02:52,334 [1] INFO  Photon.SocketServer.Diagnostics.CounterPublisher - CounterPublisher started publishing ExitGames.Diagnostics.Monitoring.CounterSamplePublisher to ExitGames.Diagnostics.Monitoring.CounterSampleSender
2020-01-22 22:06:20,559 [1] INFO  Photon.SocketServer.ApplicationBase - Application is stopping: AppId=CounterPublisher
2020-01-22 22:06:20,700 [1] INFO  Photon.SocketServer.ApplicationBase - Application stop: AppId=CounterPublisher
2020-01-22 22:07:38,459 [1] INFO  Photon.SocketServer.ApplicationBase - Application start: AppId=CounterPublisher; AppPath=C:\Users\Admin\Desktop\PhotonServer\Photon-OnPremise-Server-SDK_v4-0-29-11263\deploy\CounterPublisher, Type=Photon.CounterPublisher.Application 
2020-01-22 22:07:38,506 [1] INFO  Photon.SocketServer.Diagnostics.CounterPublisher - CounterPublisher started publishing ExitGames.Diagnostics.Monitoring.CounterSamplePublisher to ExitGames.Diagnostics.Monitoring.CounterSampleSender
2020-01-22 22:09:10,212 [1] INFO  Photon.SocketServer.ApplicationBase - Application is stopping: AppId=CounterPublisher
2020-01-22 22:09:10,467 [1] INFO  Photon.SocketServer.ApplicationBase - Application stop: AppId=CounterPublisher
2020-01-22 22:09:31,220 [1] INFO  Photon.SocketServer.ApplicationBase - Application start: AppId=CounterPublisher; AppPath=C:\Users\Admin\Desktop\PhotonServer\Photon-OnPremise-Server-SDK_v4-0-29-11263\deploy\CounterPublisher, Type=Photon.CounterPublisher.Application 
2020-01-22 22:09:31,269 [1] INFO  Photon.SocketServer.Diagnostics.CounterPublisher - CounterPublisher started publishing ExitGames.Diagnostics.Monitoring.CounterSamplePublisher to ExitGames.Diagnostics.Monitoring.CounterSampleSender
2020-01-22 22:14:16,506 [1] INFO  Photon.SocketServer.ApplicationBase - Application is stopping: AppId=CounterPublisher
2020-01-22 22:14:16,617 [1] INFO  Photon.SocketServer.ApplicationBase - Application stop: AppId=CounterPublisher
2020-01-22 22:14:35,868 [1] INFO  Photon.SocketServer.ApplicationBase - Application start: AppId=CounterPublisher; AppPath=C:\Users\Admin\Desktop\PhotonServer\Photon-OnPremise-Server-SDK_v4-0-29-11263\deploy\CounterPublisher, Type=Photon.CounterPublisher.Application 
2020-01-22 22:14:35,917 [1] INFO  Photon.SocketServer.Diagnostics.CounterPublisher - CounterPublisher started publishing ExitGames.Diagnostics.Monitoring.CounterSamplePublisher to ExitGames.Diagnostics.Monitoring.CounterSampleSender
2020-01-22 23:02:06,447 [1] INFO  Photon.SocketServer.ApplicationBase - Application is stopping: AppId=CounterPublisher
2020-01-22 23:02:06,536 [1] INFO  Photon.SocketServer.ApplicationBase - Application stop: AppId=CounterPublisher
2020-01-22 23:02:35,499 [1] INFO  Photon.SocketServer.ApplicationBase - Application start: AppId=CounterPublisher; AppPath=C:\Users\Admin\Desktop\PhotonServer\Photon-OnPremise-Server-SDK_v4-0-29-11263\deploy\CounterPublisher, Type=Photon.CounterPublisher.Application 
2020-01-22 23:02:35,558 [1] INFO  Photon.SocketServer.Diagnostics.CounterPublisher - CounterPublisher started publishing ExitGames.Diagnostics.Monitoring.CounterSamplePublisher to ExitGames.Diagnostics.Monitoring.CounterSampleSender
2020-01-22 23:23:15,804 [1] INFO  Photon.SocketServer.ApplicationBase - Application is stopping: AppId=CounterPublisher
2020-01-22 23:23:15,889 [1] INFO  Photon.SocketServer.ApplicationBase - Application stop: AppId=CounterPublisher
2020-01-22 23:23:43,732 [1] INFO  Photon.SocketServer.ApplicationBase - Application start: AppId=CounterPublisher; AppPath=C:\Users\Admin\Desktop\PhotonServer\Photon-OnPremise-Server-SDK_v4-0-29-11263\deploy\CounterPublisher, Type=Photon.CounterPublisher.Application 
2020-01-22 23:23:43,780 [1] INFO  Photon.SocketServer.Diagnostics.CounterPublisher - CounterPublisher started publishing ExitGames.Diagnostics.Monitoring.CounterSamplePublisher to ExitGames.Diagnostics.Monitoring.CounterSampleSender
2020-01-22 23:25:56,396 [1] INFO  Photon.SocketServer.ApplicationBase - Application is stopping: AppId=CounterPublisher
2020-01-22 23:25:56,534 [1] INFO  Photon.SocketServer.ApplicationBase - Application stop: AppId=CounterPublisher
2020-01-22 23:26:28,371 [1] INFO  Photon.SocketServer.ApplicationBase - Application start: AppId=CounterPublisher; AppPath=C:\Users\Admin\Desktop\PhotonServer\Photon-OnPremise-Server-SDK_v4-0-29-11263\deploy\CounterPublisher, Type=Photon.CounterPublisher.Application 
2020-01-22 23:26:28,442 [1] INFO  Photon.SocketServer.Diagnostics.CounterPublisher - CounterPublisher started publishing ExitGames.Diagnostics.Monitoring.CounterSamplePublisher to ExitGames.Diagnostics.Monitoring.CounterSampleSender
2020-01-22 23:28:20,638 [1] INFO  Photon.SocketServer.ApplicationBase - Application is stopping: AppId=CounterPublisher
2020-01-22 23:28:20,818 [1] INFO  Photon.SocketServer.ApplicationBase - Application stop: AppId=CounterPublisher
2020-01-22 23:28:43,333 [1] INFO  Photon.SocketServer.ApplicationBase - Application start: AppId=CounterPublisher; AppPath=C:\Users\Admin\Desktop\PhotonServer\Photon-OnPremise-Server-SDK_v4-0-29-11263\deploy\CounterPublisher, Type=Photon.CounterPublisher.Application 
2020-01-22 23:28:43,384 [1] INFO  Photon.SocketServer.Diagnostics.CounterPublisher - CounterPublisher started publishing ExitGames.Diagnostics.Monitoring.CounterSamplePublisher to ExitGames.Diagnostics.Monitoring.CounterSampleSender
2020-01-30 18:40:06,258 [1] INFO  Photon.SocketServer.ApplicationBase - Application start: AppId=CounterPublisher; AppPath=C:\Users\Admin\Desktop\PhotonServer\Photon-OnPremise-Server-SDK_v4-0-29-11263\deploy\CounterPublisher, Type=Photon.CounterPublisher.Application 
2020-01-30 18:40:06,339 [1] INFO  Photon.SocketServer.Diagnostics.CounterPublisher - CounterPublisher started publishing ExitGames.Diagnostics.Monitoring.CounterSamplePublisher to ExitGames.Diagnostics.Monitoring.CounterSampleSender
2020-01-30 18:57:49,231 [1] INFO  Photon.SocketServer.ApplicationBase - Application is stopping: AppId=CounterPublisher
2020-01-30 18:57:49,371 [1] INFO  Photon.SocketServer.ApplicationBase - Application stop: AppId=CounterPublisher
2020-01-30 18:58:04,155 [1] INFO  Photon.SocketServer.ApplicationBase - Application start: AppId=CounterPublisher; AppPath=C:\Users\Admin\Desktop\PhotonServer\Photon-OnPremise-Server-SDK_v4-0-29-11263\deploy\CounterPublisher, Type=Photon.CounterPublisher.Application 
2020-01-30 18:58:04,222 [1] INFO  Photon.SocketServer.Diagnostics.CounterPublisher - CounterPublisher started publishing ExitGames.Diagnostics.Monitoring.CounterSamplePublisher to ExitGames.Diagnostics.Monitoring.CounterSampleSender
2020-01-30 19:17:45,240 [1] INFO  Photon.SocketServer.ApplicationBase - Application is stopping: AppId=CounterPublisher
2020-01-30 19:17:45,875 [1] INFO  Photon.SocketServer.ApplicationBase - Application stop: AppId=CounterPublisher
2020-01-30 19:18:29,868 [1] INFO  Photon.SocketServer.ApplicationBase - Application start: AppId=CounterPublisher; AppPath=C:\Users\Admin\Desktop\PhotonServer\Photon-OnPremise-Server-SDK_v4-0-29-11263\deploy\CounterPublisher, Type=Photon.CounterPublisher.Application 
2020-01-30 19:18:30,009 [1] INFO  Photon.SocketServer.Diagnostics.CounterPublisher - CounterPublisher started publishing ExitGames.Diagnostics.Monitoring.CounterSamplePublisher to ExitGames.Diagnostics.Monitoring.CounterSampleSender
2020-01-30 19:27:16,639 [1] INFO  Photon.SocketServer.ApplicationBase - Application is stopping: AppId=CounterPublisher
2020-01-30 19:27:16,771 [1] INFO  Photon.SocketServer.ApplicationBase - Application stop: AppId=CounterPublisher
2020-01-30 19:27:30,019 [1] INFO  Photon.SocketServer.ApplicationBase - Application start: AppId=CounterPublisher; AppPath=C:\Users\Admin\Desktop\PhotonServer\Photon-OnPremise-Server-SDK_v4-0-29-11263\deploy\CounterPublisher, Type=Photon.CounterPublisher.Application 
2020-01-30 19:27:30,083 [1] INFO  Photon.SocketServer.Diagnostics.CounterPublisher - CounterPublisher started publishing ExitGames.Diagnostics.Monitoring.CounterSamplePublisher to ExitGames.Diagnostics.Monitoring.CounterSampleSender
2020-01-30 19:31:39,108 [1] INFO  Photon.SocketServer.ApplicationBase - Application is stopping: AppId=CounterPublisher
2020-01-30 19:31:39,427 [1] INFO  Photon.SocketServer.ApplicationBase - Application stop: AppId=CounterPublisher
2020-01-30 19:32:22,304 [1] INFO  Photon.SocketServer.ApplicationBase - Application start: AppId=CounterPublisher; AppPath=C:\Users\Admin\Desktop\PhotonServer\Photon-OnPremise-Server-SDK_v4-0-29-11263\deploy\CounterPublisher, Type=Photon.CounterPublisher.Application 
2020-01-30 19:32:22,522 [1] INFO  Photon.SocketServer.Diagnostics.CounterPublisher - CounterPublisher started publishing ExitGames.Diagnostics.Monitoring.CounterSamplePublisher to ExitGames.Diagnostics.Monitoring.CounterSampleSender
2020-01-30 19:33:47,960 [1] INFO  Photon.SocketServer.ApplicationBase - Application is stopping: AppId=CounterPublisher
2020-01-30 19:33:48,775 [1] INFO  Photon.SocketServer.ApplicationBase - Application stop: AppId=CounterPublisher
2020-01-30 19:34:44,048 [1] INFO  Photon.SocketServer.ApplicationBase - Application start: AppId=CounterPublisher; AppPath=C:\Users\Admin\Desktop\PhotonServer\Photon-OnPremise-Server-SDK_v4-0-29-11263\deploy\CounterPublisher, Type=Photon.CounterPublisher.Application 
2020-01-30 19:34:44,313 [1] INFO  Photon.SocketServer.Diagnostics.CounterPublisher - CounterPublisher started publishing ExitGames.Diagnostics.Monitoring.CounterSamplePublisher to ExitGames.Diagnostics.Monitoring.CounterSampleSender
2020-02-05 15:00:37,314 [1] INFO  Photon.SocketServer.ApplicationBase - Application start: AppId=CounterPublisher; AppPath=C:\Users\Admin\Desktop\PhotonServer\Photon-OnPremise-Server-SDK_v4-0-29-11263\deploy\CounterPublisher, Type=Photon.CounterPublisher.Application 
2020-02-05 15:00:37,380 [1] INFO  Photon.SocketServer.Diagnostics.CounterPublisher - CounterPublisher started publishing ExitGames.Diagnostics.Monitoring.CounterSamplePublisher to ExitGames.Diagnostics.Monitoring.CounterSampleSender
2020-02-05 15:34:32,420 [1] INFO  Photon.SocketServer.ApplicationBase - Application is stopping: AppId=CounterPublisher
2020-02-05 15:34:32,598 [1] INFO  Photon.SocketServer.ApplicationBase - Application stop: AppId=CounterPublisher
2020-02-05 15:35:09,278 [1] INFO  Photon.SocketServer.ApplicationBase - Application start: AppId=CounterPublisher; AppPath=C:\Users\Admin\Desktop\PhotonServer\Photon-OnPremise-Server-SDK_v4-0-29-11263\deploy\CounterPublisher, Type=Photon.CounterPublisher.Application 
2020-02-05 15:35:09,366 [1] INFO  Photon.SocketServer.Diagnostics.CounterPublisher - CounterPublisher started publishing ExitGames.Diagnostics.Monitoring.CounterSamplePublisher to ExitGames.Diagnostics.Monitoring.CounterSampleSender
2020-02-05 15:39:03,458 [1] INFO  Photon.SocketServer.ApplicationBase - Application is stopping: AppId=CounterPublisher
2020-02-05 15:39:03,649 [1] INFO  Photon.SocketServer.ApplicationBase - Application stop: AppId=CounterPublisher
2020-02-05 15:39:43,297 [1] INFO  Photon.SocketServer.ApplicationBase - Application start: AppId=CounterPublisher; AppPath=C:\Users\Admin\Desktop\PhotonServer\Photon-OnPremise-Server-SDK_v4-0-29-11263\deploy\CounterPublisher, Type=Photon.CounterPublisher.Application 
2020-02-05 15:39:43,393 [1] INFO  Photon.SocketServer.Diagnostics.CounterPublisher - CounterPublisher started publishing ExitGames.Diagnostics.Monitoring.CounterSamplePublisher to ExitGames.Diagnostics.Monitoring.CounterSampleSender
2020-02-05 15:41:06,173 [1] INFO  Photon.SocketServer.ApplicationBase - Application start: AppId=CounterPublisher; AppPath=C:\Users\Admin\Desktop\PhotonServer\Photon-OnPremise-Server-SDK_v4-0-29-11263\deploy\CounterPublisher, Type=Photon.CounterPublisher.Application 
2020-02-05 15:41:06,242 [1] INFO  Photon.SocketServer.Diagnostics.CounterPublisher - CounterPublisher started publishing ExitGames.Diagnostics.Monitoring.CounterSamplePublisher to ExitGames.Diagnostics.Monitoring.CounterSampleSender
2020-02-05 15:51:25,388 [1] INFO  Photon.SocketServer.ApplicationBase - Application start: AppId=CounterPublisher; AppPath=C:\Users\Admin\Desktop\PhotonServer\Photon-OnPremise-Server-SDK_v4-0-29-11263\deploy\CounterPublisher, Type=Photon.CounterPublisher.Application 
2020-02-05 15:51:25,522 [1] INFO  Photon.SocketServer.Diagnostics.CounterPublisher - CounterPublisher started publishing ExitGames.Diagnostics.Monitoring.CounterSamplePublisher to ExitGames.Diagnostics.Monitoring.CounterSampleSender
2020-02-05 15:56:48,058 [1] INFO  Photon.SocketServer.ApplicationBase - Application is stopping: AppId=CounterPublisher
2020-02-05 15:56:48,204 [1] INFO  Photon.SocketServer.ApplicationBase - Application stop: AppId=CounterPublisher
2020-02-05 15:57:13,611 [1] INFO  Photon.SocketServer.ApplicationBase - Application start: AppId=CounterPublisher; AppPath=C:\Users\Admin\Desktop\PhotonServer\Photon-OnPremise-Server-SDK_v4-0-29-11263\deploy\CounterPublisher, Type=Photon.CounterPublisher.Application 
2020-02-05 15:57:13,663 [1] INFO  Photon.SocketServer.Diagnostics.CounterPublisher - CounterPublisher started publishing ExitGames.Diagnostics.Monitoring.CounterSamplePublisher to ExitGames.Diagnostics.Monitoring.CounterSampleSender
2020-02-05 16:05:52,503 [1] INFO  Photon.SocketServer.ApplicationBase - Application is stopping: AppId=CounterPublisher
2020-02-05 16:05:52,604 [1] INFO  Photon.SocketServer.ApplicationBase - Application stop: AppId=CounterPublisher
2020-02-05 16:07:15,161 [1] INFO  Photon.SocketServer.ApplicationBase - Application start: AppId=CounterPublisher; AppPath=C:\Users\Admin\Desktop\PhotonServer\Photon-OnPremise-Server-SDK_v4-0-29-11263\deploy\CounterPublisher, Type=Photon.CounterPublisher.Application 
2020-02-05 16:07:15,211 [1] INFO  Photon.SocketServer.Diagnostics.CounterPublisher - CounterPublisher started publishing ExitGames.Diagnostics.Monitoring.CounterSamplePublisher to ExitGames.Diagnostics.Monitoring.CounterSampleSender
2020-02-06 16:47:29,838 [15] WARN  ExitGames.Diagnostics.Monitoring.Protocol.PhotonBinaryWriterBase - SendData: Publishing counter data failed for the 0 time: An invalid argument was supplied
2020-02-06 16:47:29,857 [15] WARN  Photon.SocketServer.Diagnostics.CounterPublisher - CounterPublisher stopped working because of a network loss
2020-02-16 12:33:20,376 [1] INFO  Photon.SocketServer.ApplicationBase - Application start: AppId=CounterPublisher; AppPath=C:\Users\Admin\Desktop\PhotonServer\Photon-OnPremise-Server-SDK_v4-0-29-11263\deploy\CounterPublisher, Type=Photon.CounterPublisher.Application 
2020-02-16 12:33:20,458 [1] INFO  Photon.SocketServer.Diagnostics.CounterPublisher - CounterPublisher started publishing ExitGames.Diagnostics.Monitoring.CounterSamplePublisher to ExitGames.Diagnostics.Monitoring.CounterSampleSender
2020-02-16 14:55:49,061 [22] WARN  ExitGames.Diagnostics.Monitoring.Protocol.PhotonBinaryWriterBase - SendData: Publishing counter data failed for the 0 time: An invalid argument was supplied
2020-02-16 14:55:49,191 [22] WARN  Photon.SocketServer.Diagnostics.CounterPublisher - CounterPublisher stopped working because of a network loss
2020-03-04 10:37:04,997 [1] INFO  Photon.SocketServer.ApplicationBase - Application start: AppId=CounterPublisher; AppPath=C:\Users\Admin\Desktop\PhotonServer\Photon-OnPremise-Server-SDK_v4-0-29-11263\deploy\CounterPublisher, Type=Photon.CounterPublisher.Application 
2020-03-04 10:37:05,059 [1] INFO  Photon.SocketServer.Diagnostics.CounterPublisher - CounterPublisher started publishing ExitGames.Diagnostics.Monitoring.CounterSamplePublisher to ExitGames.Diagnostics.Monitoring.CounterSampleSender
2020-03-04 11:05:19,963 [1] INFO  Photon.SocketServer.ApplicationBase - Application is stopping: AppId=CounterPublisher
2020-03-04 11:05:20,135 [1] INFO  Photon.SocketServer.ApplicationBase - Application stop: AppId=CounterPublisher
2020-03-04 11:05:50,093 [1] INFO  Photon.SocketServer.ApplicationBase - Application start: AppId=CounterPublisher; AppPath=C:\Users\Admin\Desktop\PhotonServer\Photon-OnPremise-Server-SDK_v4-0-29-11263\deploy\CounterPublisher, Type=Photon.CounterPublisher.Application 
2020-03-04 11:05:50,156 [1] INFO  Photon.SocketServer.Diagnostics.CounterPublisher - CounterPublisher started publishing ExitGames.Diagnostics.Monitoring.CounterSamplePublisher to ExitGames.Diagnostics.Monitoring.CounterSampleSender
2020-03-04 11:11:15,449 [1] INFO  Photon.SocketServer.ApplicationBase - Application is stopping: AppId=CounterPublisher
2020-03-04 11:11:15,555 [1] INFO  Photon.SocketServer.ApplicationBase - Application stop: AppId=CounterPublisher
2020-03-04 11:13:17,939 [1] INFO  Photon.SocketServer.ApplicationBase - Application start: AppId=CounterPublisher; AppPath=C:\Users\Admin\Desktop\PhotonServer\Photon-OnPremise-Server-SDK_v4-0-29-11263\deploy\CounterPublisher, Type=Photon.CounterPublisher.Application 
2020-03-04 11:13:18,035 [1] INFO  Photon.SocketServer.Diagnostics.CounterPublisher - CounterPublisher started publishing ExitGames.Diagnostics.Monitoring.CounterSamplePublisher to ExitGames.Diagnostics.Monitoring.CounterSampleSender
2020-03-04 19:28:47,764 [27] WARN  ExitGames.Diagnostics.Monitoring.Protocol.PhotonBinaryWriterBase - SendData: Publishing counter data failed for the 0 time: An invalid argument was supplied
2020-03-04 19:28:47,785 [27] WARN  Photon.SocketServer.Diagnostics.CounterPublisher - CounterPublisher stopped working because of a network loss
2020-03-29 12:42:13,311 [1] INFO  Photon.SocketServer.ApplicationBase - Application start: AppId=CounterPublisher; AppPath=C:\Users\Admin\Desktop\PhotonServer\Photon-OnPremise-Server-SDK_v4-0-29-11263\deploy\CounterPublisher, Type=Photon.CounterPublisher.Application 
2020-03-29 12:42:13,363 [1] INFO  Photon.SocketServer.Diagnostics.CounterPublisher - CounterPublisher started publishing ExitGames.Diagnostics.Monitoring.CounterSamplePublisher to ExitGames.Diagnostics.Monitoring.CounterSampleSender
2020-03-29 12:43:15,917 [1] INFO  Photon.SocketServer.ApplicationBase - Application is stopping: AppId=CounterPublisher
2020-03-29 12:43:16,034 [1] INFO  Photon.SocketServer.ApplicationBase - Application stop: AppId=CounterPublisher
2020-03-29 12:43:24,993 [1] INFO  Photon.SocketServer.ApplicationBase - Application start: AppId=CounterPublisher; AppPath=C:\Users\Admin\Desktop\PhotonServer\Photon-OnPremise-Server-SDK_v4-0-29-11263\deploy\CounterPublisher, Type=Photon.CounterPublisher.Application 
2020-03-29 12:43:25,063 [1] INFO  Photon.SocketServer.Diagnostics.CounterPublisher - CounterPublisher started publishing ExitGames.Diagnostics.Monitoring.CounterSamplePublisher to ExitGames.Diagnostics.Monitoring.CounterSampleSender
2020-03-29 15:05:20,431 [1] INFO  Photon.SocketServer.ApplicationBase - Application start: AppId=CounterPublisher; AppPath=C:\Users\Admin\Desktop\PhotonServer\Photon-OnPremise-Server-SDK_v4-0-29-11263\deploy\CounterPublisher, Type=Photon.CounterPublisher.Application 
2020-03-29 15:05:20,501 [1] INFO  Photon.SocketServer.Diagnostics.CounterPublisher - CounterPublisher started publishing ExitGames.Diagnostics.Monitoring.CounterSamplePublisher to ExitGames.Diagnostics.Monitoring.CounterSampleSender
2020-03-29 16:00:18,959 [1] INFO  Photon.SocketServer.ApplicationBase - Application is stopping: AppId=CounterPublisher
2020-03-29 16:00:19,094 [1] INFO  Photon.SocketServer.ApplicationBase - Application stop: AppId=CounterPublisher
2020-03-29 16:00:35,526 [1] INFO  Photon.SocketServer.ApplicationBase - Application start: AppId=CounterPublisher; AppPath=C:\Users\Admin\Desktop\PhotonServer\Photon-OnPremise-Server-SDK_v4-0-29-11263\deploy\CounterPublisher, Type=Photon.CounterPublisher.Application 
2020-03-29 16:00:35,577 [1] INFO  Photon.SocketServer.Diagnostics.CounterPublisher - CounterPublisher started publishing ExitGames.Diagnostics.Monitoring.CounterSamplePublisher to ExitGames.Diagnostics.Monitoring.CounterSampleSender
2020-03-29 16:07:04,358 [1] INFO  Photon.SocketServer.ApplicationBase - Application is stopping: AppId=CounterPublisher
2020-03-29 16:07:04,694 [1] INFO  Photon.SocketServer.ApplicationBase - Application stop: AppId=CounterPublisher
2020-03-29 16:08:40,879 [1] INFO  Photon.SocketServer.ApplicationBase - Application start: AppId=CounterPublisher; AppPath=C:\Users\Admin\Desktop\PhotonServer\Photon-OnPremise-Server-SDK_v4-0-29-11263\deploy\CounterPublisher, Type=Photon.CounterPublisher.Application 
2020-03-29 16:08:40,934 [1] INFO  Photon.SocketServer.Diagnostics.CounterPublisher - CounterPublisher started publishing ExitGames.Diagnostics.Monitoring.CounterSamplePublisher to ExitGames.Diagnostics.Monitoring.CounterSampleSender
2020-03-29 16:53:09,506 [1] INFO  Photon.SocketServer.ApplicationBase - Application is stopping: AppId=CounterPublisher
2020-03-29 16:53:09,626 [1] INFO  Photon.SocketServer.ApplicationBase - Application stop: AppId=CounterPublisher
2020-03-29 16:54:11,167 [1] INFO  Photon.SocketServer.ApplicationBase - Application start: AppId=CounterPublisher; AppPath=C:\Users\Admin\Desktop\PhotonServer\Photon-OnPremise-Server-SDK_v4-0-29-11263\deploy\CounterPublisher, Type=Photon.CounterPublisher.Application 
2020-03-29 16:54:11,229 [1] INFO  Photon.SocketServer.Diagnostics.CounterPublisher - CounterPublisher started publishing ExitGames.Diagnostics.Monitoring.CounterSamplePublisher to ExitGames.Diagnostics.Monitoring.CounterSampleSender
2020-03-29 17:24:43,758 [1] INFO  Photon.SocketServer.ApplicationBase - Application is stopping: AppId=CounterPublisher
2020-03-29 17:24:43,986 [1] INFO  Photon.SocketServer.ApplicationBase - Application stop: AppId=CounterPublisher
2020-05-11 14:54:33,163 [1] INFO  Photon.SocketServer.ApplicationBase - Application start: AppId=CounterPublisher; AppPath=C:\Users\Admin\Desktop\PhotonServer\Photon-OnPremise-Server-SDK_v4-0-29-11263\deploy\CounterPublisher, Type=Photon.CounterPublisher.Application 
2020-05-11 14:54:33,283 [1] INFO  Photon.SocketServer.Diagnostics.CounterPublisher - CounterPublisher started publishing ExitGames.Diagnostics.Monitoring.CounterSamplePublisher to ExitGames.Diagnostics.Monitoring.CounterSampleSender
2020-05-11 19:16:37,820 [18] WARN  ExitGames.Diagnostics.Monitoring.Protocol.PhotonBinaryWriterBase - SendData: Publishing counter data failed for the 0 time: An invalid argument was supplied
2020-05-11 19:16:37,851 [18] WARN  Photon.SocketServer.Diagnostics.CounterPublisher - CounterPublisher stopped working because of a network loss
2020-05-11 22:12:43,324 [1] INFO  Photon.SocketServer.ApplicationBase - Application is stopping: AppId=CounterPublisher
2020-05-11 22:12:43,409 [1] INFO  Photon.SocketServer.ApplicationBase - Application stop: AppId=CounterPublisher
2020-09-25 10:34:10,188 [1] INFO  Photon.SocketServer.ApplicationBase - Application start: AppId=CounterPublisher; AppPath=C:\Users\Admin\Desktop\PhotonServer\Photon-OnPremise-Server-SDK_v4-0-29-11263\deploy\CounterPublisher, Type=Photon.CounterPublisher.Application 
2020-09-25 10:34:10,214 [1] INFO  Photon.SocketServer.Diagnostics.CounterPublisher - CounterPublisher started publishing ExitGames.Diagnostics.Monitoring.CounterSamplePublisher to ExitGames.Diagnostics.Monitoring.CounterSampleSender
2020-09-25 14:49:54,013 [23] WARN  ExitGames.Diagnostics.Monitoring.Protocol.PhotonBinaryWriterBase - SendData: Publishing counter data failed for the 0 time: An invalid argument was supplied
2020-09-25 14:49:54,033 [23] WARN  Photon.SocketServer.Diagnostics.CounterPublisher - CounterPublisher stopped working because of a network loss
2020-09-30 13:11:35,582 [1] INFO  Photon.SocketServer.ApplicationBase - Application start: AppId=CounterPublisher; AppPath=C:\Users\Admin\Desktop\PhotonServer\Photon-OnPremise-Server-SDK_v4-0-29-11263\deploy\CounterPublisher, Type=Photon.CounterPublisher.Application 
2020-09-30 13:11:35,628 [1] INFO  Photon.SocketServer.Diagnostics.CounterPublisher - CounterPublisher started publishing ExitGames.Diagnostics.Monitoring.CounterSamplePublisher to ExitGames.Diagnostics.Monitoring.CounterSampleSender
2020-10-05 11:51:18,639 [1] INFO  Photon.SocketServer.ApplicationBase - Application start: AppId=CounterPublisher; AppPath=C:\Users\Admin\Desktop\PhotonServer\Photon-OnPremise-Server-SDK_v4-0-29-11263\deploy\CounterPublisher, Type=Photon.CounterPublisher.Application 
2020-10-05 11:51:18,701 [1] INFO  Photon.SocketServer.Diagnostics.CounterPublisher - CounterPublisher started publishing ExitGames.Diagnostics.Monitoring.CounterSamplePublisher to ExitGames.Diagnostics.Monitoring.CounterSampleSender
2020-10-11 12:36:07,146 [1] INFO  Photon.SocketServer.ApplicationBase - Application start: AppId=CounterPublisher; AppPath=C:\Users\Admin\Documents\MineSweepersServer\Photon-OnPremise-Server-SDK_v4-0-29-11263\deploy\CounterPublisher, Type=Photon.CounterPublisher.Application 
2020-10-11 12:36:07,169 [1] INFO  Photon.SocketServer.Diagnostics.CounterPublisher - CounterPublisher started publishing ExitGames.Diagnostics.Monitoring.CounterSamplePublisher to ExitGames.Diagnostics.Monitoring.CounterSampleSender
2020-10-11 12:37:29,362 [1] INFO  Photon.SocketServer.ApplicationBase - Application is stopping: AppId=CounterPublisher
2020-10-11 12:37:29,374 [1] INFO  Photon.SocketServer.ApplicationBase - Application stop: AppId=CounterPublisher
2020-10-11 12:37:34,863 [1] INFO  Photon.SocketServer.ApplicationBase - Application start: AppId=CounterPublisher; AppPath=C:\Users\Admin\Documents\MineSweepersServer\Photon-OnPremise-Server-SDK_v4-0-29-11263\deploy\CounterPublisher, Type=Photon.CounterPublisher.Application 
2020-10-11 12:37:34,886 [1] INFO  Photon.SocketServer.Diagnostics.CounterPublisher - CounterPublisher started publishing ExitGames.Diagnostics.Monitoring.CounterSamplePublisher to ExitGames.Diagnostics.Monitoring.CounterSampleSender
2020-10-11 12:53:36,633 [1] INFO  Photon.SocketServer.ApplicationBase - Application is stopping: AppId=CounterPublisher
2020-10-11 12:53:36,646 [1] INFO  Photon.SocketServer.ApplicationBase - Application stop: AppId=CounterPublisher
2020-10-11 12:53:43,106 [1] INFO  Photon.SocketServer.ApplicationBase - Application start: AppId=CounterPublisher; AppPath=C:\Users\Admin\Documents\MineSweepersServer\Photon-OnPremise-Server-SDK_v4-0-29-11263\deploy\CounterPublisher, Type=Photon.CounterPublisher.Application 
2020-10-11 12:53:43,129 [1] INFO  Photon.SocketServer.Diagnostics.CounterPublisher - CounterPublisher started publishing ExitGames.Diagnostics.Monitoring.CounterSamplePublisher to ExitGames.Diagnostics.Monitoring.CounterSampleSender
2020-10-11 13:09:29,824 [1] INFO  Photon.SocketServer.ApplicationBase - Application is stopping: AppId=CounterPublisher
2020-10-11 13:09:29,836 [1] INFO  Photon.SocketServer.ApplicationBase - Application stop: AppId=CounterPublisher
2020-10-11 13:09:35,845 [1] INFO  Photon.SocketServer.ApplicationBase - Application start: AppId=CounterPublisher; AppPath=C:\Users\Admin\Documents\MineSweepersServer\Photon-OnPremise-Server-SDK_v4-0-29-11263\deploy\CounterPublisher, Type=Photon.CounterPublisher.Application 
2020-10-11 13:09:35,869 [1] INFO  Photon.SocketServer.Diagnostics.CounterPublisher - CounterPublisher started publishing ExitGames.Diagnostics.Monitoring.CounterSamplePublisher to ExitGames.Diagnostics.Monitoring.CounterSampleSender
2020-10-11 13:12:52,891 [1] INFO  Photon.SocketServer.ApplicationBase - Application is stopping: AppId=CounterPublisher
2020-10-11 13:12:52,902 [1] INFO  Photon.SocketServer.ApplicationBase - Application stop: AppId=CounterPublisher
2020-10-11 13:12:58,964 [1] INFO  Photon.SocketServer.ApplicationBase - Application start: AppId=CounterPublisher; AppPath=C:\Users\Admin\Documents\MineSweepersServer\Photon-OnPremise-Server-SDK_v4-0-29-11263\deploy\CounterPublisher, Type=Photon.CounterPublisher.Application 
2020-10-11 13:12:58,987 [1] INFO  Photon.SocketServer.Diagnostics.CounterPublisher - CounterPublisher started publishing ExitGames.Diagnostics.Monitoring.CounterSamplePublisher to ExitGames.Diagnostics.Monitoring.CounterSampleSender
2020-10-22 12:27:49,071 [1] INFO  Photon.SocketServer.ApplicationBase - Application start: AppId=CounterPublisher; AppPath=C:\Users\Admin\Documents\MineSweepersServer\Photon-OnPremise-Server-SDK_v4-0-29-11263\deploy\CounterPublisher, Type=Photon.CounterPublisher.Application 
2020-10-22 12:27:49,097 [1] INFO  Photon.SocketServer.Diagnostics.CounterPublisher - CounterPublisher started publishing ExitGames.Diagnostics.Monitoring.CounterSamplePublisher to ExitGames.Diagnostics.Monitoring.CounterSampleSender
2020-10-22 13:01:57,723 [1] INFO  Photon.SocketServer.ApplicationBase - Application is stopping: AppId=CounterPublisher
2020-10-22 13:01:57,736 [1] INFO  Photon.SocketServer.ApplicationBase - Application stop: AppId=CounterPublisher
2020-10-22 13:03:30,243 [1] INFO  Photon.SocketServer.ApplicationBase - Application start: AppId=CounterPublisher; AppPath=C:\Users\Admin\Documents\MineSweepersServer\Photon-OnPremise-Server-SDK_v4-0-29-11263\deploy\CounterPublisher, Type=Photon.CounterPublisher.Application 
2020-10-22 13:03:30,266 [1] INFO  Photon.SocketServer.Diagnostics.CounterPublisher - CounterPublisher started publishing ExitGames.Diagnostics.Monitoring.CounterSamplePublisher to ExitGames.Diagnostics.Monitoring.CounterSampleSender
2020-10-22 13:12:39,501 [1] INFO  Photon.SocketServer.ApplicationBase - Application is stopping: AppId=CounterPublisher
2020-10-22 13:12:39,515 [1] INFO  Photon.SocketServer.ApplicationBase - Application stop: AppId=CounterPublisher
2020-10-22 13:13:17,421 [1] INFO  Photon.SocketServer.ApplicationBase - Application start: AppId=CounterPublisher; AppPath=C:\Users\Admin\Documents\MineSweepersServer\Photon-OnPremise-Server-SDK_v4-0-29-11263\deploy\CounterPublisher, Type=Photon.CounterPublisher.Application 
2020-10-22 13:13:17,444 [1] INFO  Photon.SocketServer.Diagnostics.CounterPublisher - CounterPublisher started publishing ExitGames.Diagnostics.Monitoring.CounterSamplePublisher to ExitGames.Diagnostics.Monitoring.CounterSampleSender
2020-10-22 13:13:38,344 [1] INFO  Photon.SocketServer.ApplicationBase - Application is stopping: AppId=CounterPublisher
2020-10-22 13:13:38,360 [1] INFO  Photon.SocketServer.ApplicationBase - Application stop: AppId=CounterPublisher
2020-10-22 13:28:09,015 [1] INFO  Photon.SocketServer.ApplicationBase - Application start: AppId=CounterPublisher; AppPath=C:\Users\Admin\Documents\MineSweepersServer\Photon-OnPremise-Server-SDK_v4-0-29-11263\deploy\CounterPublisher, Type=Photon.CounterPublisher.Application 
2020-10-22 13:28:09,038 [1] INFO  Photon.SocketServer.Diagnostics.CounterPublisher - CounterPublisher started publishing ExitGames.Diagnostics.Monitoring.CounterSamplePublisher to ExitGames.Diagnostics.Monitoring.CounterSampleSender
2020-10-22 14:52:32,583 [1] INFO  Photon.SocketServer.ApplicationBase - Application is stopping: AppId=CounterPublisher
2020-10-22 14:52:32,607 [1] INFO  Photon.SocketServer.ApplicationBase - Application stop: AppId=CounterPublisher
2020-10-22 14:52:37,270 [1] INFO  Photon.SocketServer.ApplicationBase - Application start: AppId=CounterPublisher; AppPath=C:\Users\Admin\Documents\MineSweepersServer\Photon-OnPremise-Server-SDK_v4-0-29-11263\deploy\CounterPublisher, Type=Photon.CounterPublisher.Application 
2020-10-22 14:52:37,295 [1] INFO  Photon.SocketServer.Diagnostics.CounterPublisher - CounterPublisher started publishing ExitGames.Diagnostics.Monitoring.CounterSamplePublisher to ExitGames.Diagnostics.Monitoring.CounterSampleSender
2020-10-22 15:05:46,299 [1] INFO  Photon.SocketServer.ApplicationBase - Application is stopping: AppId=CounterPublisher
2020-10-22 15:05:46,316 [1] INFO  Photon.SocketServer.ApplicationBase - Application stop: AppId=CounterPublisher
2020-10-22 15:05:49,993 [1] INFO  Photon.SocketServer.ApplicationBase - Application start: AppId=CounterPublisher; AppPath=C:\Users\Admin\Documents\MineSweepersServer\Photon-OnPremise-Server-SDK_v4-0-29-11263\deploy\CounterPublisher, Type=Photon.CounterPublisher.Application 
2020-10-22 15:05:50,017 [1] INFO  Photon.SocketServer.Diagnostics.CounterPublisher - CounterPublisher started publishing ExitGames.Diagnostics.Monitoring.CounterSamplePublisher to ExitGames.Diagnostics.Monitoring.CounterSampleSender
2020-10-22 19:00:17,157 [1] INFO  Photon.SocketServer.ApplicationBase - Application is stopping: AppId=CounterPublisher
2020-10-22 19:00:17,175 [1] INFO  Photon.SocketServer.ApplicationBase - Application stop: AppId=CounterPublisher
2020-10-22 19:00:20,998 [1] INFO  Photon.SocketServer.ApplicationBase - Application start: AppId=CounterPublisher; AppPath=C:\Users\Admin\Documents\MineSweepersServer\Photon-OnPremise-Server-SDK_v4-0-29-11263\deploy\CounterPublisher, Type=Photon.CounterPublisher.Application 
2020-10-22 19:00:21,022 [1] INFO  Photon.SocketServer.Diagnostics.CounterPublisher - CounterPublisher started publishing ExitGames.Diagnostics.Monitoring.CounterSamplePublisher to ExitGames.Diagnostics.Monitoring.CounterSampleSender
2020-10-22 19:39:56,627 [1] INFO  Photon.SocketServer.ApplicationBase - Application is stopping: AppId=CounterPublisher
2020-10-22 19:39:56,645 [1] INFO  Photon.SocketServer.ApplicationBase - Application stop: AppId=CounterPublisher
2020-10-22 19:40:01,547 [1] INFO  Photon.SocketServer.ApplicationBase - Application start: AppId=CounterPublisher; AppPath=C:\Users\Admin\Documents\MineSweepersServer\Photon-OnPremise-Server-SDK_v4-0-29-11263\deploy\CounterPublisher, Type=Photon.CounterPublisher.Application 
2020-10-22 19:40:01,574 [1] INFO  Photon.SocketServer.Diagnostics.CounterPublisher - CounterPublisher started publishing ExitGames.Diagnostics.Monitoring.CounterSamplePublisher to ExitGames.Diagnostics.Monitoring.CounterSampleSender
2020-10-22 19:40:02,635 [1] INFO  Photon.SocketServer.ApplicationBase - Application is stopping: AppId=CounterPublisher
2020-10-22 19:40:02,657 [1] INFO  Photon.SocketServer.ApplicationBase - Application stop: AppId=CounterPublisher
2020-10-22 19:40:05,525 [1] INFO  Photon.SocketServer.ApplicationBase - Application start: AppId=CounterPublisher; AppPath=C:\Users\Admin\Documents\MineSweepersServer\Photon-OnPremise-Server-SDK_v4-0-29-11263\deploy\CounterPublisher, Type=Photon.CounterPublisher.Application 
2020-10-22 19:40:05,550 [1] INFO  Photon.SocketServer.Diagnostics.CounterPublisher - CounterPublisher started publishing ExitGames.Diagnostics.Monitoring.CounterSamplePublisher to ExitGames.Diagnostics.Monitoring.CounterSampleSender
2020-10-22 19:45:11,288 [1] INFO  Photon.SocketServer.ApplicationBase - Application is stopping: AppId=CounterPublisher
2020-10-22 19:45:11,318 [1] INFO  Photon.SocketServer.ApplicationBase - Application stop: AppId=CounterPublisher
2020-10-22 19:45:15,392 [1] INFO  Photon.SocketServer.ApplicationBase - Application start: AppId=CounterPublisher; AppPath=C:\Users\Admin\Documents\MineSweepersServer\Photon-OnPremise-Server-SDK_v4-0-29-11263\deploy\CounterPublisher, Type=Photon.CounterPublisher.Application 
2020-10-22 19:45:15,415 [1] INFO  Photon.SocketServer.Diagnostics.CounterPublisher - CounterPublisher started publishing ExitGames.Diagnostics.Monitoring.CounterSamplePublisher to ExitGames.Diagnostics.Monitoring.CounterSampleSender
2020-10-22 20:06:49,529 [1] INFO  Photon.SocketServer.ApplicationBase - Application is stopping: AppId=CounterPublisher
2020-10-22 20:06:49,544 [1] INFO  Photon.SocketServer.ApplicationBase - Application stop: AppId=CounterPublisher
2020-10-22 20:06:53,336 [1] INFO  Photon.SocketServer.ApplicationBase - Application start: AppId=CounterPublisher; AppPath=C:\Users\Admin\Documents\MineSweepersServer\Photon-OnPremise-Server-SDK_v4-0-29-11263\deploy\CounterPublisher, Type=Photon.CounterPublisher.Application 
2020-10-22 20:06:53,359 [1] INFO  Photon.SocketServer.Diagnostics.CounterPublisher - CounterPublisher started publishing ExitGames.Diagnostics.Monitoring.CounterSamplePublisher to ExitGames.Diagnostics.Monitoring.CounterSampleSender
2020-10-22 20:17:34,909 [1] INFO  Photon.SocketServer.ApplicationBase - Application is stopping: AppId=CounterPublisher
2020-10-22 20:17:34,927 [1] INFO  Photon.SocketServer.ApplicationBase - Application stop: AppId=CounterPublisher
2020-10-22 20:17:39,170 [1] INFO  Photon.SocketServer.ApplicationBase - Application start: AppId=CounterPublisher; AppPath=C:\Users\Admin\Documents\MineSweepersServer\Photon-OnPremise-Server-SDK_v4-0-29-11263\deploy\CounterPublisher, Type=Photon.CounterPublisher.Application 
2020-10-22 20:17:39,200 [1] INFO  Photon.SocketServer.Diagnostics.CounterPublisher - CounterPublisher started publishing ExitGames.Diagnostics.Monitoring.CounterSamplePublisher to ExitGames.Diagnostics.Monitoring.CounterSampleSender
2020-10-22 22:33:23,479 [1] INFO  Photon.SocketServer.ApplicationBase - Application is stopping: AppId=CounterPublisher
2020-10-22 22:33:23,496 [1] INFO  Photon.SocketServer.ApplicationBase - Application stop: AppId=CounterPublisher
2020-10-22 22:33:27,737 [1] INFO  Photon.SocketServer.ApplicationBase - Application start: AppId=CounterPublisher; AppPath=C:\Users\Admin\Documents\MineSweepersServer\Photon-OnPremise-Server-SDK_v4-0-29-11263\deploy\CounterPublisher, Type=Photon.CounterPublisher.Application 
2020-10-22 22:33:27,760 [1] INFO  Photon.SocketServer.Diagnostics.CounterPublisher - CounterPublisher started publishing ExitGames.Diagnostics.Monitoring.CounterSamplePublisher to ExitGames.Diagnostics.Monitoring.CounterSampleSender
2020-10-22 23:14:07,839 [1] INFO  Photon.SocketServer.ApplicationBase - Application is stopping: AppId=CounterPublisher
2020-10-22 23:14:07,855 [1] INFO  Photon.SocketServer.ApplicationBase - Application stop: AppId=CounterPublisher
2020-10-22 23:14:11,540 [1] INFO  Photon.SocketServer.ApplicationBase - Application start: AppId=CounterPublisher; AppPath=C:\Users\Admin\Documents\MineSweepersServer\Photon-OnPremise-Server-SDK_v4-0-29-11263\deploy\CounterPublisher, Type=Photon.CounterPublisher.Application 
2020-10-22 23:14:11,563 [1] INFO  Photon.SocketServer.Diagnostics.CounterPublisher - CounterPublisher started publishing ExitGames.Diagnostics.Monitoring.CounterSamplePublisher to ExitGames.Diagnostics.Monitoring.CounterSampleSender
2020-10-22 23:16:55,487 [1] INFO  Photon.SocketServer.ApplicationBase - Application is stopping: AppId=CounterPublisher
2020-10-22 23:16:55,511 [1] INFO  Photon.SocketServer.ApplicationBase - Application stop: AppId=CounterPublisher
2020-10-22 23:16:58,475 [1] INFO  Photon.SocketServer.ApplicationBase - Application start: AppId=CounterPublisher; AppPath=C:\Users\Admin\Documents\MineSweepersServer\Photon-OnPremise-Server-SDK_v4-0-29-11263\deploy\CounterPublisher, Type=Photon.CounterPublisher.Application 
2020-10-22 23:16:58,500 [1] INFO  Photon.SocketServer.Diagnostics.CounterPublisher - CounterPublisher started publishing ExitGames.Diagnostics.Monitoring.CounterSamplePublisher to ExitGames.Diagnostics.Monitoring.CounterSampleSender
2020-10-22 23:19:27,090 [1] INFO  Photon.SocketServer.ApplicationBase - Application is stopping: AppId=CounterPublisher
2020-10-22 23:19:27,111 [1] INFO  Photon.SocketServer.ApplicationBase - Application stop: AppId=CounterPublisher
2020-10-22 23:19:30,156 [1] INFO  Photon.SocketServer.ApplicationBase - Application start: AppId=CounterPublisher; AppPath=C:\Users\Admin\Documents\MineSweepersServer\Photon-OnPremise-Server-SDK_v4-0-29-11263\deploy\CounterPublisher, Type=Photon.CounterPublisher.Application 
2020-10-22 23:19:30,179 [1] INFO  Photon.SocketServer.Diagnostics.CounterPublisher - CounterPublisher started publishing ExitGames.Diagnostics.Monitoring.CounterSamplePublisher to ExitGames.Diagnostics.Monitoring.CounterSampleSender
2020-10-25 16:07:06,954 [1] INFO  Photon.SocketServer.ApplicationBase - Application start: AppId=CounterPublisher; AppPath=C:\Users\Admin\Documents\MineSweepersServer\Photon-OnPremise-Server-SDK_v4-0-29-11263\deploy\CounterPublisher, Type=Photon.CounterPublisher.Application 
2020-10-25 16:07:06,977 [1] INFO  Photon.SocketServer.Diagnostics.CounterPublisher - CounterPublisher started publishing ExitGames.Diagnostics.Monitoring.CounterSamplePublisher to ExitGames.Diagnostics.Monitoring.CounterSampleSender
2020-10-25 22:39:34,104 [4] WARN  ExitGames.Diagnostics.Monitoring.Protocol.PhotonBinaryWriterBase - SendData: Publishing counter data failed for the 0 time: An invalid argument was supplied
2020-10-25 22:39:34,147 [4] WARN  Photon.SocketServer.Diagnostics.CounterPublisher - CounterPublisher stopped working because of a network loss
2020-11-08 15:36:34,858 [1] INFO  Photon.SocketServer.ApplicationBase - Application start: AppId=CounterPublisher; AppPath=C:\Users\Admin\Documents\MineSweepersServer\Photon-OnPremise-Server-SDK_v4-0-29-11263\deploy\CounterPublisher, Type=Photon.CounterPublisher.Application 
2020-11-08 15:36:34,883 [1] INFO  Photon.SocketServer.Diagnostics.CounterPublisher - CounterPublisher started publishing ExitGames.Diagnostics.Monitoring.CounterSamplePublisher to ExitGames.Diagnostics.Monitoring.CounterSampleSender
2020-11-27 12:15:28,559 [1] INFO  Photon.SocketServer.ApplicationBase - Application start: AppId=CounterPublisher; AppPath=C:\Users\Admin\Documents\MineSweepersServer\Photon-OnPremise-Server-SDK_v4-0-29-11263\deploy\CounterPublisher, Type=Photon.CounterPublisher.Application 
2020-11-27 12:15:28,582 [1] INFO  Photon.SocketServer.Diagnostics.CounterPublisher - CounterPublisher started publishing ExitGames.Diagnostics.Monitoring.CounterSamplePublisher to ExitGames.Diagnostics.Monitoring.CounterSampleSender
2020-11-27 12:20:07,342 [1] INFO  Photon.SocketServer.ApplicationBase - Application is stopping: AppId=CounterPublisher
2020-11-27 12:20:07,364 [1] INFO  Photon.SocketServer.ApplicationBase - Application stop: AppId=CounterPublisher
2020-11-27 12:20:10,841 [1] INFO  Photon.SocketServer.ApplicationBase - Application start: AppId=CounterPublisher; AppPath=C:\Users\Admin\Documents\MineSweepersServer\Photon-OnPremise-Server-SDK_v4-0-29-11263\deploy\CounterPublisher, Type=Photon.CounterPublisher.Application 
2020-11-27 12:20:10,865 [1] INFO  Photon.SocketServer.Diagnostics.CounterPublisher - CounterPublisher started publishing ExitGames.Diagnostics.Monitoring.CounterSamplePublisher to ExitGames.Diagnostics.Monitoring.CounterSampleSender
2020-11-27 12:23:56,963 [1] INFO  Photon.SocketServer.ApplicationBase - Application is stopping: AppId=CounterPublisher
2020-11-27 12:23:56,980 [1] INFO  Photon.SocketServer.ApplicationBase - Application stop: AppId=CounterPublisher
2020-11-27 12:23:58,816 [1] INFO  Photon.SocketServer.ApplicationBase - Application start: AppId=CounterPublisher; AppPath=C:\Users\Admin\Documents\MineSweepersServer\Photon-OnPremise-Server-SDK_v4-0-29-11263\deploy\CounterPublisher, Type=Photon.CounterPublisher.Application 
2020-11-27 12:23:58,840 [1] INFO  Photon.SocketServer.Diagnostics.CounterPublisher - CounterPublisher started publishing ExitGames.Diagnostics.Monitoring.CounterSamplePublisher to ExitGames.Diagnostics.Monitoring.CounterSampleSender
2020-11-27 12:54:10,934 [1] INFO  Photon.SocketServer.ApplicationBase - Application is stopping: AppId=CounterPublisher
2020-11-27 12:54:10,958 [1] INFO  Photon.SocketServer.ApplicationBase - Application stop: AppId=CounterPublisher
2020-11-27 12:54:14,049 [1] INFO  Photon.SocketServer.ApplicationBase - Application start: AppId=CounterPublisher; AppPath=C:\Users\Admin\Documents\MineSweepersServer\Photon-OnPremise-Server-SDK_v4-0-29-11263\deploy\CounterPublisher, Type=Photon.CounterPublisher.Application 
2020-11-27 12:54:14,082 [1] INFO  Photon.SocketServer.Diagnostics.CounterPublisher - CounterPublisher started publishing ExitGames.Diagnostics.Monitoring.CounterSamplePublisher to ExitGames.Diagnostics.Monitoring.CounterSampleSender
2020-11-27 14:53:10,358 [1] INFO  Photon.SocketServer.ApplicationBase - Application is stopping: AppId=CounterPublisher
2020-11-27 14:53:10,376 [1] INFO  Photon.SocketServer.ApplicationBase - Application stop: AppId=CounterPublisher
2020-11-27 14:53:13,182 [1] INFO  Photon.SocketServer.ApplicationBase - Application start: AppId=CounterPublisher; AppPath=C:\Users\Admin\Documents\MineSweepersServer\Photon-OnPremise-Server-SDK_v4-0-29-11263\deploy\CounterPublisher, Type=Photon.CounterPublisher.Application 
2020-11-27 14:53:13,209 [1] INFO  Photon.SocketServer.Diagnostics.CounterPublisher - CounterPublisher started publishing ExitGames.Diagnostics.Monitoring.CounterSamplePublisher to ExitGames.Diagnostics.Monitoring.CounterSampleSender
2020-11-27 15:29:14,769 [1] INFO  Photon.SocketServer.ApplicationBase - Application is stopping: AppId=CounterPublisher
2020-11-27 15:29:14,788 [1] INFO  Photon.SocketServer.ApplicationBase - Application stop: AppId=CounterPublisher
2020-11-27 15:29:17,633 [1] INFO  Photon.SocketServer.ApplicationBase - Application start: AppId=CounterPublisher; AppPath=C:\Users\Admin\Documents\MineSweepersServer\Photon-OnPremise-Server-SDK_v4-0-29-11263\deploy\CounterPublisher, Type=Photon.CounterPublisher.Application 
2020-11-27 15:29:17,659 [1] INFO  Photon.SocketServer.Diagnostics.CounterPublisher - CounterPublisher started publishing ExitGames.Diagnostics.Monitoring.CounterSamplePublisher to ExitGames.Diagnostics.Monitoring.CounterSampleSender
2020-11-27 15:48:55,274 [1] INFO  Photon.SocketServer.ApplicationBase - Application is stopping: AppId=CounterPublisher
2020-11-27 15:48:55,343 [1] INFO  Photon.SocketServer.ApplicationBase - Application stop: AppId=CounterPublisher
2020-11-27 15:48:58,915 [1] INFO  Photon.SocketServer.ApplicationBase - Application start: AppId=CounterPublisher; AppPath=C:\Users\Admin\Documents\MineSweepersServer\Photon-OnPremise-Server-SDK_v4-0-29-11263\deploy\CounterPublisher, Type=Photon.CounterPublisher.Application 
2020-11-27 15:48:58,940 [1] INFO  Photon.SocketServer.Diagnostics.CounterPublisher - CounterPublisher started publishing ExitGames.Diagnostics.Monitoring.CounterSamplePublisher to ExitGames.Diagnostics.Monitoring.CounterSampleSender
2020-11-27 16:15:54,460 [1] INFO  Photon.SocketServer.ApplicationBase - Application is stopping: AppId=CounterPublisher
2020-11-27 16:15:54,478 [1] INFO  Photon.SocketServer.ApplicationBase - Application stop: AppId=CounterPublisher
2020-11-27 16:15:57,189 [1] INFO  Photon.SocketServer.ApplicationBase - Application start: AppId=CounterPublisher; AppPath=C:\Users\Admin\Documents\MineSweepersServer\Photon-OnPremise-Server-SDK_v4-0-29-11263\deploy\CounterPublisher, Type=Photon.CounterPublisher.Application 
2020-11-27 16:15:57,215 [1] INFO  Photon.SocketServer.Diagnostics.CounterPublisher - CounterPublisher started publishing ExitGames.Diagnostics.Monitoring.CounterSamplePublisher to ExitGames.Diagnostics.Monitoring.CounterSampleSender
2020-11-27 16:28:11,822 [1] INFO  Photon.SocketServer.ApplicationBase - Application is stopping: AppId=CounterPublisher
2020-11-27 16:28:11,845 [1] INFO  Photon.SocketServer.ApplicationBase - Application stop: AppId=CounterPublisher
2020-11-27 16:28:14,526 [1] INFO  Photon.SocketServer.ApplicationBase - Application start: AppId=CounterPublisher; AppPath=C:\Users\Admin\Documents\MineSweepersServer\Photon-OnPremise-Server-SDK_v4-0-29-11263\deploy\CounterPublisher, Type=Photon.CounterPublisher.Application 
2020-11-27 16:28:14,550 [1] INFO  Photon.SocketServer.Diagnostics.CounterPublisher - CounterPublisher started publishing ExitGames.Diagnostics.Monitoring.CounterSamplePublisher to ExitGames.Diagnostics.Monitoring.CounterSampleSender
2020-11-27 16:32:35,230 [1] INFO  Photon.SocketServer.ApplicationBase - Application is stopping: AppId=CounterPublisher
2020-11-27 16:32:35,249 [1] INFO  Photon.SocketServer.ApplicationBase - Application stop: AppId=CounterPublisher
2020-11-27 16:32:37,278 [1] INFO  Photon.SocketServer.ApplicationBase - Application start: AppId=CounterPublisher; AppPath=C:\Users\Admin\Documents\MineSweepersServer\Photon-OnPremise-Server-SDK_v4-0-29-11263\deploy\CounterPublisher, Type=Photon.CounterPublisher.Application 
2020-11-27 16:32:37,306 [1] INFO  Photon.SocketServer.Diagnostics.CounterPublisher - CounterPublisher started publishing ExitGames.Diagnostics.Monitoring.CounterSamplePublisher to ExitGames.Diagnostics.Monitoring.CounterSampleSender
2020-11-27 20:22:12,383 [9] WARN  ExitGames.Diagnostics.Monitoring.Protocol.PhotonBinaryWriterBase - SendData: Publishing counter data failed for the 0 time: An invalid argument was supplied
2020-11-27 20:22:12,394 [9] WARN  Photon.SocketServer.Diagnostics.CounterPublisher - CounterPublisher stopped working because of a network loss
2020-11-28 17:21:11,673 [1] INFO  Photon.SocketServer.ApplicationBase - Application start: AppId=CounterPublisher; AppPath=C:\Users\Admin\Documents\MineSweepersServer\Photon-OnPremise-Server-SDK_v4-0-29-11263\deploy\CounterPublisher, Type=Photon.CounterPublisher.Application 
2020-11-28 17:21:11,696 [1] INFO  Photon.SocketServer.Diagnostics.CounterPublisher - CounterPublisher started publishing ExitGames.Diagnostics.Monitoring.CounterSamplePublisher to ExitGames.Diagnostics.Monitoring.CounterSampleSender
2020-11-28 17:31:22,052 [1] INFO  Photon.SocketServer.ApplicationBase - Application is stopping: AppId=CounterPublisher
2020-11-28 17:31:22,070 [1] INFO  Photon.SocketServer.ApplicationBase - Application stop: AppId=CounterPublisher
2020-11-28 17:31:24,683 [1] INFO  Photon.SocketServer.ApplicationBase - Application start: AppId=CounterPublisher; AppPath=C:\Users\Admin\Documents\MineSweepersServer\Photon-OnPremise-Server-SDK_v4-0-29-11263\deploy\CounterPublisher, Type=Photon.CounterPublisher.Application 
2020-11-28 17:31:24,707 [1] INFO  Photon.SocketServer.Diagnostics.CounterPublisher - CounterPublisher started publishing ExitGames.Diagnostics.Monitoring.CounterSamplePublisher to ExitGames.Diagnostics.Monitoring.CounterSampleSender
2020-11-28 17:43:24,911 [1] INFO  Photon.SocketServer.ApplicationBase - Application is stopping: AppId=CounterPublisher
2020-11-28 17:43:24,934 [1] INFO  Photon.SocketServer.ApplicationBase - Application stop: AppId=CounterPublisher
2020-11-28 17:43:27,572 [1] INFO  Photon.SocketServer.ApplicationBase - Application start: AppId=CounterPublisher; AppPath=C:\Users\Admin\Documents\MineSweepersServer\Photon-OnPremise-Server-SDK_v4-0-29-11263\deploy\CounterPublisher, Type=Photon.CounterPublisher.Application 
2020-11-28 17:43:27,598 [1] INFO  Photon.SocketServer.Diagnostics.CounterPublisher - CounterPublisher started publishing ExitGames.Diagnostics.Monitoring.CounterSamplePublisher to ExitGames.Diagnostics.Monitoring.CounterSampleSender
2020-11-28 17:55:45,658 [1] INFO  Photon.SocketServer.ApplicationBase - Application is stopping: AppId=CounterPublisher
2020-11-28 17:55:45,686 [1] INFO  Photon.SocketServer.ApplicationBase - Application stop: AppId=CounterPublisher
2020-11-28 17:55:48,234 [1] INFO  Photon.SocketServer.ApplicationBase - Application start: AppId=CounterPublisher; AppPath=C:\Users\Admin\Documents\MineSweepersServer\Photon-OnPremise-Server-SDK_v4-0-29-11263\deploy\CounterPublisher, Type=Photon.CounterPublisher.Application 
2020-11-28 17:55:48,258 [1] INFO  Photon.SocketServer.Diagnostics.CounterPublisher - CounterPublisher started publishing ExitGames.Diagnostics.Monitoring.CounterSamplePublisher to ExitGames.Diagnostics.Monitoring.CounterSampleSender
2020-11-28 18:11:27,915 [1] INFO  Photon.SocketServer.ApplicationBase - Application is stopping: AppId=CounterPublisher
2020-11-28 18:11:27,936 [1] INFO  Photon.SocketServer.ApplicationBase - Application stop: AppId=CounterPublisher
2020-11-28 18:11:30,832 [1] INFO  Photon.SocketServer.ApplicationBase - Application start: AppId=CounterPublisher; AppPath=C:\Users\Admin\Documents\MineSweepersServer\Photon-OnPremise-Server-SDK_v4-0-29-11263\deploy\CounterPublisher, Type=Photon.CounterPublisher.Application 
2020-11-28 18:11:30,856 [1] INFO  Photon.SocketServer.Diagnostics.CounterPublisher - CounterPublisher started publishing ExitGames.Diagnostics.Monitoring.CounterSamplePublisher to ExitGames.Diagnostics.Monitoring.CounterSampleSender
2020-11-28 21:27:17,898 [1] INFO  Photon.SocketServer.ApplicationBase - Application is stopping: AppId=CounterPublisher
2020-11-28 21:27:17,919 [1] INFO  Photon.SocketServer.ApplicationBase - Application stop: AppId=CounterPublisher
2020-11-28 21:27:21,318 [1] INFO  Photon.SocketServer.ApplicationBase - Application start: AppId=CounterPublisher; AppPath=C:\Users\Admin\Documents\MineSweepersServer\Photon-OnPremise-Server-SDK_v4-0-29-11263\deploy\CounterPublisher, Type=Photon.CounterPublisher.Application 
2020-11-28 21:27:21,344 [1] INFO  Photon.SocketServer.Diagnostics.CounterPublisher - CounterPublisher started publishing ExitGames.Diagnostics.Monitoring.CounterSamplePublisher to ExitGames.Diagnostics.Monitoring.CounterSampleSender
2020-11-28 21:55:09,596 [1] INFO  Photon.SocketServer.ApplicationBase - Application is stopping: AppId=CounterPublisher
2020-11-28 21:55:09,613 [1] INFO  Photon.SocketServer.ApplicationBase - Application stop: AppId=CounterPublisher
2020-11-28 21:55:12,538 [1] INFO  Photon.SocketServer.ApplicationBase - Application start: AppId=CounterPublisher; AppPath=C:\Users\Admin\Documents\MineSweepersServer\Photon-OnPremise-Server-SDK_v4-0-29-11263\deploy\CounterPublisher, Type=Photon.CounterPublisher.Application 
2020-11-28 21:55:12,577 [1] INFO  Photon.SocketServer.Diagnostics.CounterPublisher - CounterPublisher started publishing ExitGames.Diagnostics.Monitoring.CounterSamplePublisher to ExitGames.Diagnostics.Monitoring.CounterSampleSender
2020-11-28 22:02:22,007 [1] INFO  Photon.SocketServer.ApplicationBase - Application is stopping: AppId=CounterPublisher
2020-11-28 22:02:22,037 [1] INFO  Photon.SocketServer.ApplicationBase - Application stop: AppId=CounterPublisher
2020-11-28 22:02:24,022 [1] INFO  Photon.SocketServer.ApplicationBase - Application start: AppId=CounterPublisher; AppPath=C:\Users\Admin\Documents\MineSweepersServer\Photon-OnPremise-Server-SDK_v4-0-29-11263\deploy\CounterPublisher, Type=Photon.CounterPublisher.Application 
2020-11-28 22:02:24,048 [1] INFO  Photon.SocketServer.Diagnostics.CounterPublisher - CounterPublisher started publishing ExitGames.Diagnostics.Monitoring.CounterSamplePublisher to ExitGames.Diagnostics.Monitoring.CounterSampleSender
